#
# There is insufficient memory for the Java Runtime Environment to continue.
# Native memory allocation (malloc) failed to allocate 1573456 bytes for Chunk::new
# Possible reasons:
#   The system is out of physical RAM or swap space
#   The process is running with CompressedOops enabled, and the Java Heap may be blocking the growth of the native heap
# Possible solutions:
#   Reduce memory load on the system
#   Increase physical memory or swap space
#   Check if swap backing store is full
#   Decrease Java heap size (-Xmx/-Xms)
#   Decrease number of Java threads
#   Decrease Java thread stack sizes (-Xss)
#   Set larger code cache with -XX:ReservedCodeCacheSize=
#   JVM is running with Unscaled Compressed Oops mode in which the Java heap is
#     placed in the first 4GB address space. The Java Heap base address is the
#     maximum limit for the native heap growth. Please use -XX:HeapBaseMinAddress
#     to set the Java Heap base and to place the Java Heap above 4GB virtual address.
# This output file may be truncated or incomplete.
#
#  Out of Memory Error (arena.cpp:189), pid=12824, tid=19704
#
# JRE version: OpenJDK Runtime Environment (17.0.7) (build 17.0.7+0-b2043.56-10353782)
# Java VM: OpenJDK 64-Bit Server VM (17.0.7+0-b2043.56-10353782, mixed mode, tiered, compressed oops, compressed class ptrs, g1 gc, windows-amd64)
# No core dump will be written. Minidumps are not enabled by default on client versions of Windows
#

---------------  S U M M A R Y ------------

Command Line: --add-opens=java.base/java.util=ALL-UNNAMED --add-opens=java.base/java.lang=ALL-UNNAMED --add-opens=java.base/java.lang.invoke=ALL-UNNAMED --add-opens=java.prefs/java.util.prefs=ALL-UNNAMED --add-opens=java.base/java.nio.charset=ALL-UNNAMED --add-opens=java.base/java.net=ALL-UNNAMED --add-opens=java.base/java.util.concurrent.atomic=ALL-UNNAMED -Xmx2048m -Dfile.encoding=UTF-8 -Duser.country=CN -Duser.language=zh -Duser.variant -javaagent:C:\Users\Cjiio\.gradle\wrapper\dists\gradle-8.1-bin\2eyty4r6kz6fpakefpk52nbbm\gradle-8.1\lib\agents\gradle-instrumentation-agent-8.1.jar org.gradle.launcher.daemon.bootstrap.GradleDaemon 8.1

Host: AMD Ryzen 7 5700G with Radeon Graphics         , 16 cores, 15G,  Windows 11 , 64 bit Build 25905 (10.0.25905.1000)
Time: Thu Jul 13 20:22:25 2023  Windows 11 , 64 bit Build 25905 (10.0.25905.1000) elapsed time: 9.485598 seconds (0d 0h 0m 9s)

---------------  T H R E A D  ---------------

Current thread (0x0000014107b57330):  JavaThread "C2 CompilerThread3" daemon [_thread_in_native, id=19704, stack(0x0000002cb2600000,0x0000002cb2700000)]


Current CompileTask:
C2:   9485 11350   !   4       org.gradle.internal.service.DefaultServiceRegistry$ManagedObjectServiceProvider::getInstance (47 bytes)

Stack: [0x0000002cb2600000,0x0000002cb2700000]
Native frames: (J=compiled Java code, j=interpreted, Vv=VM code, C=native code)
V  [jvm.dll+0x683cca]
V  [jvm.dll+0x8424b4]
V  [jvm.dll+0x843cae]
V  [jvm.dll+0x844313]
V  [jvm.dll+0x24ad2f]
V  [jvm.dll+0xac25c]
V  [jvm.dll+0xac82c]
V  [jvm.dll+0x36a132]
V  [jvm.dll+0x1bdf52]
V  [jvm.dll+0x21d3a9]
V  [jvm.dll+0x21c671]
V  [jvm.dll+0x1a605d]
V  [jvm.dll+0x22c148]
V  [jvm.dll+0x22a209]
V  [jvm.dll+0x7f863c]
V  [jvm.dll+0x7f2b9a]
V  [jvm.dll+0x682b05]
C  [ucrtbase.dll+0x609e1]
C  [KERNEL32.DLL+0x124d8]
C  [ntdll.dll+0x4091]


---------------  P R O C E S S  ---------------

Threads class SMR info:
_java_thread_list=0x000001410ce9f380, length=76, elements={
0x00000141675485d0, 0x00000141027e6030, 0x00000141027e7560, 0x0000014102810e20,
0x00000141028118e0, 0x0000014102836f20, 0x000001410285b410, 0x000001410285c000,
0x000001410285c900, 0x0000014102868710, 0x0000014102914390, 0x000001410240e620,
0x000001410240eb30, 0x0000014102b25660, 0x0000014107029450, 0x0000014107b4bbe0,
0x0000014108e6f090, 0x000001410a76e6a0, 0x0000014109522280, 0x000001410951e040,
0x000001410951e510, 0x0000014108cc7290, 0x000001410925cab0, 0x0000014107b71340,
0x0000014107b72b50, 0x0000014107b72680, 0x0000014107b721b0, 0x0000014107b71810,
0x000001410a2fbef0, 0x000001410a2fc890, 0x000001410a2fef10, 0x000001410a2fc3c0,
0x000001410a300720, 0x000001410a2fa6e0, 0x000001410a2fa210, 0x000001410a2ff3e0,
0x000001410a2ff8b0, 0x000001410a2fcd60, 0x000001410a2fe0a0, 0x000001410a2ffd80,
0x000001410a300bf0, 0x000001410a2fabb0, 0x000001410a2f9870, 0x000001410a2fb080,
0x000001410a2fd700, 0x000001410c1f1660, 0x000001410c1f54f0, 0x000001410c1f3340,
0x000001410c1f4680, 0x000001410c1f59c0, 0x000001410c1f5e90, 0x000001410c1f3810,
0x000001410c1f3ce0, 0x000001410c1f4b50, 0x000001410c1f29a0, 0x000001410c1eefe0,
0x000001410c1ef4b0, 0x000001410c1ef980, 0x000001410c1eeb10, 0x000001410c1f5020,
0x000001410c1f07f0, 0x000001410c1f6360, 0x000001410c1efe50, 0x000001410c1f0320,
0x000001410c1f0cc0, 0x000001410c1f1b30, 0x000001410c1f2000, 0x000001410c1f2e70,
0x0000014107b71ce0, 0x000001410bd67c00, 0x000001410bd680d0, 0x000001410bd67730,
0x000001410bc16b70, 0x000001410bd6b0f0, 0x0000014107b57330, 0x0000014107b54ab0
}

Java Threads: ( => current thread )
  0x00000141675485d0 JavaThread "main" [_thread_blocked, id=4212, stack(0x0000002cac500000,0x0000002cac600000)]
  0x00000141027e6030 JavaThread "Reference Handler" daemon [_thread_blocked, id=22704, stack(0x0000002cacc00000,0x0000002cacd00000)]
  0x00000141027e7560 JavaThread "Finalizer" daemon [_thread_blocked, id=20532, stack(0x0000002cacd00000,0x0000002cace00000)]
  0x0000014102810e20 JavaThread "Signal Dispatcher" daemon [_thread_blocked, id=14388, stack(0x0000002cace00000,0x0000002cacf00000)]
  0x00000141028118e0 JavaThread "Attach Listener" daemon [_thread_blocked, id=15240, stack(0x0000002cacf00000,0x0000002cad000000)]
  0x0000014102836f20 JavaThread "Service Thread" daemon [_thread_blocked, id=16808, stack(0x0000002cad000000,0x0000002cad100000)]
  0x000001410285b410 JavaThread "Monitor Deflation Thread" daemon [_thread_blocked, id=22624, stack(0x0000002cad100000,0x0000002cad200000)]
  0x000001410285c000 JavaThread "C2 CompilerThread0" daemon [_thread_in_native, id=22616, stack(0x0000002cad200000,0x0000002cad300000)]
  0x000001410285c900 JavaThread "C1 CompilerThread0" daemon [_thread_blocked, id=21824, stack(0x0000002cad300000,0x0000002cad400000)]
  0x0000014102868710 JavaThread "Sweeper thread" daemon [_thread_blocked, id=12448, stack(0x0000002cad400000,0x0000002cad500000)]
  0x0000014102914390 JavaThread "Common-Cleaner" daemon [_thread_blocked, id=11672, stack(0x0000002cad500000,0x0000002cad600000)]
  0x000001410240e620 JavaThread "C1 CompilerThread1" daemon [_thread_blocked, id=19092, stack(0x0000002cad600000,0x0000002cad700000)]
  0x000001410240eb30 JavaThread "C1 CompilerThread2" daemon [_thread_blocked, id=8748, stack(0x0000002cad700000,0x0000002cad800000)]
  0x0000014102b25660 JavaThread "Notification Thread" daemon [_thread_blocked, id=444, stack(0x0000002cad800000,0x0000002cad900000)]
  0x0000014107029450 JavaThread "C2 CompilerThread1" daemon [_thread_blocked, id=2440, stack(0x0000002cada00000,0x0000002cadb00000)]
  0x0000014107b4bbe0 JavaThread "C1 CompilerThread3" daemon [_thread_blocked, id=13704, stack(0x0000002cae100000,0x0000002cae200000)]
  0x0000014108e6f090 JavaThread "Daemon health stats" [_thread_blocked, id=16504, stack(0x0000002cae200000,0x0000002cae300000)]
  0x000001410a76e6a0 JavaThread "Incoming local TCP Connector on port 7451" [_thread_in_native, id=16496, stack(0x0000002cae300000,0x0000002cae400000)]
  0x0000014109522280 JavaThread "Daemon periodic checks" [_thread_blocked, id=16508, stack(0x0000002cae400000,0x0000002cae500000)]
  0x000001410951e040 JavaThread "Daemon" [_thread_blocked, id=16516, stack(0x0000002cae500000,0x0000002cae600000)]
  0x000001410951e510 JavaThread "Handler for socket connection from /127.0.0.1:7451 to /127.0.0.1:7452" [_thread_in_native, id=16512, stack(0x0000002cae600000,0x0000002cae700000)]
  0x0000014108cc7290 JavaThread "Cancel handler" [_thread_blocked, id=16520, stack(0x0000002cae700000,0x0000002cae800000)]
  0x000001410925cab0 JavaThread "Daemon worker" [_thread_in_Java, id=17780, stack(0x0000002cae800000,0x0000002cae900000)]
  0x0000014107b71340 JavaThread "Asynchronous log dispatcher for DefaultDaemonConnection: socket connection from /127.0.0.1:7451 to /127.0.0.1:7452" [_thread_blocked, id=16532, stack(0x0000002cae900000,0x0000002caea00000)]
  0x0000014107b72b50 JavaThread "Stdin handler" [_thread_blocked, id=16576, stack(0x0000002caea00000,0x0000002caeb00000)]
  0x0000014107b72680 JavaThread "Daemon client event forwarder" [_thread_blocked, id=16604, stack(0x0000002caeb00000,0x0000002caec00000)]
  0x0000014107b721b0 JavaThread "Cache worker for journal cache (C:\Users\Cjiio\.gradle\caches\journal-1)" [_thread_blocked, id=20732, stack(0x0000002caf600000,0x0000002caf700000)]
  0x0000014107b71810 JavaThread "File lock request listener" [_thread_in_native, id=8880, stack(0x0000002caf700000,0x0000002caf800000)]
  0x000001410a2fbef0 JavaThread "Cache worker for file hash cache (C:\Users\Cjiio\.gradle\caches\8.1\fileHashes)" [_thread_blocked, id=16324, stack(0x0000002cadc00000,0x0000002cadd00000)]
  0x000001410a2fc890 JavaThread "File watcher server" daemon [_thread_in_native, id=15088, stack(0x0000002caf900000,0x0000002cafa00000)]
  0x000001410a2fef10 JavaThread "File watcher consumer" daemon [_thread_blocked, id=9136, stack(0x0000002cafa00000,0x0000002cafb00000)]
  0x000001410a2fc3c0 JavaThread "Cache worker for checksums cache (E:\StudioProjects\ExampleMVI\.gradle\8.1\checksums)" [_thread_blocked, id=11328, stack(0x0000002cafb00000,0x0000002cafc00000)]
  0x000001410a300720 JavaThread "Cache worker for cache directory md-rule (C:\Users\Cjiio\.gradle\caches\8.1\md-rule)" [_thread_blocked, id=22216, stack(0x0000002cafc00000,0x0000002cafd00000)]
  0x000001410a2fa6e0 JavaThread "Cache worker for file content cache (C:\Users\Cjiio\.gradle\caches\8.1\fileContent)" [_thread_blocked, id=17068, stack(0x0000002cafd00000,0x0000002cafe00000)]
  0x000001410a2fa210 JavaThread "Cache worker for file hash cache (E:\StudioProjects\ExampleMVI\.gradle\8.1\fileHashes)" [_thread_blocked, id=14732, stack(0x0000002cafe00000,0x0000002caff00000)]
  0x000001410a2ff3e0 JavaThread "Cache worker for cache directory md-supplier (C:\Users\Cjiio\.gradle\caches\8.1\md-supplier)" [_thread_blocked, id=20292, stack(0x0000002caff00000,0x0000002cb0000000)]
  0x000001410a2ff8b0 JavaThread "Cache worker for execution history cache (C:\Users\Cjiio\.gradle\caches\8.1\executionHistory)" [_thread_blocked, id=7528, stack(0x0000002cb0000000,0x0000002cb0100000)]
  0x000001410a2fcd60 JavaThread "jar transforms" [_thread_blocked, id=2452, stack(0x0000002cb0100000,0x0000002cb0200000)]
  0x000001410a2fe0a0 JavaThread "jar transforms Thread 2" [_thread_blocked, id=16644, stack(0x0000002cb0200000,0x0000002cb0300000)]
  0x000001410a2ffd80 JavaThread "Cache worker for kotlin-dsl (C:\Users\Cjiio\.gradle\caches\8.1\kotlin-dsl)" [_thread_blocked, id=10572, stack(0x0000002cb0300000,0x0000002cb0400000)]
  0x000001410a300bf0 JavaThread "jar transforms Thread 3" [_thread_blocked, id=4832, stack(0x0000002cb0400000,0x0000002cb0500000)]
  0x000001410a2fabb0 JavaThread "jar transforms Thread 4" [_thread_blocked, id=15020, stack(0x0000002cb0500000,0x0000002cb0600000)]
  0x000001410a2f9870 JavaThread "jar transforms Thread 5" [_thread_blocked, id=1684, stack(0x0000002cb0600000,0x0000002cb0700000)]
  0x000001410a2fb080 JavaThread "jar transforms Thread 6" [_thread_blocked, id=18156, stack(0x0000002cb0700000,0x0000002cb0800000)]
  0x000001410a2fd700 JavaThread "Cache worker for dependencies-accessors (E:\StudioProjects\ExampleMVI\.gradle\8.1\dependencies-accessors)" [_thread_blocked, id=15016, stack(0x0000002cb0800000,0x0000002cb0900000)]
  0x000001410c1f1660 JavaThread "Cache worker for Build Output Cleanup Cache (E:\StudioProjects\ExampleMVI\.gradle\buildOutputCleanup)" [_thread_blocked, id=8304, stack(0x0000002cb0900000,0x0000002cb0a00000)]
  0x000001410c1f54f0 JavaThread "jar transforms Thread 7" [_thread_blocked, id=23124, stack(0x0000002cb0a00000,0x0000002cb0b00000)]
  0x000001410c1f3340 JavaThread "jar transforms Thread 8" [_thread_blocked, id=22628, stack(0x0000002cb0b00000,0x0000002cb0c00000)]
  0x000001410c1f4680 JavaThread "Unconstrained build operations" [_thread_blocked, id=18884, stack(0x0000002cb0c00000,0x0000002cb0d00000)]
  0x000001410c1f59c0 JavaThread "Unconstrained build operations Thread 2" [_thread_blocked, id=7516, stack(0x0000002cb0d00000,0x0000002cb0e00000)]
  0x000001410c1f5e90 JavaThread "Unconstrained build operations Thread 3" [_thread_blocked, id=19612, stack(0x0000002cb0e00000,0x0000002cb0f00000)]
  0x000001410c1f3810 JavaThread "Unconstrained build operations Thread 4" [_thread_blocked, id=12496, stack(0x0000002cb0f00000,0x0000002cb1000000)]
  0x000001410c1f3ce0 JavaThread "Unconstrained build operations Thread 5" [_thread_blocked, id=11120, stack(0x0000002cb1000000,0x0000002cb1100000)]
  0x000001410c1f4b50 JavaThread "Unconstrained build operations Thread 6" [_thread_blocked, id=21628, stack(0x0000002cb1100000,0x0000002cb1200000)]
  0x000001410c1f29a0 JavaThread "Unconstrained build operations Thread 7" [_thread_blocked, id=15080, stack(0x0000002cb1200000,0x0000002cb1300000)]
  0x000001410c1eefe0 JavaThread "Unconstrained build operations Thread 8" [_thread_blocked, id=17008, stack(0x0000002cb1300000,0x0000002cb1400000)]
  0x000001410c1ef4b0 JavaThread "Unconstrained build operations Thread 9" [_thread_blocked, id=21760, stack(0x0000002cb1400000,0x0000002cb1500000)]
  0x000001410c1ef980 JavaThread "Unconstrained build operations Thread 10" [_thread_blocked, id=16456, stack(0x0000002cb1500000,0x0000002cb1600000)]
  0x000001410c1eeb10 JavaThread "Unconstrained build operations Thread 11" [_thread_blocked, id=16736, stack(0x0000002cb1600000,0x0000002cb1700000)]
  0x000001410c1f5020 JavaThread "Unconstrained build operations Thread 12" [_thread_blocked, id=22156, stack(0x0000002cb1700000,0x0000002cb1800000)]
  0x000001410c1f07f0 JavaThread "Unconstrained build operations Thread 13" [_thread_blocked, id=19736, stack(0x0000002cb1800000,0x0000002cb1900000)]
  0x000001410c1f6360 JavaThread "Unconstrained build operations Thread 14" [_thread_blocked, id=2660, stack(0x0000002cb1900000,0x0000002cb1a00000)]
  0x000001410c1efe50 JavaThread "Unconstrained build operations Thread 15" [_thread_blocked, id=7160, stack(0x0000002cb1a00000,0x0000002cb1b00000)]
  0x000001410c1f0320 JavaThread "jar transforms Thread 9" [_thread_blocked, id=14408, stack(0x0000002cb1b00000,0x0000002cb1c00000)]
  0x000001410c1f0cc0 JavaThread "jar transforms Thread 10" [_thread_blocked, id=2172, stack(0x0000002cb1c00000,0x0000002cb1d00000)]
  0x000001410c1f1b30 JavaThread "jar transforms Thread 11" [_thread_blocked, id=16296, stack(0x0000002cb1d00000,0x0000002cb1e00000)]
  0x000001410c1f2000 JavaThread "jar transforms Thread 12" [_thread_blocked, id=20808, stack(0x0000002cb1e00000,0x0000002cb1f00000)]
  0x000001410c1f2e70 JavaThread "jar transforms Thread 13" [_thread_blocked, id=14908, stack(0x0000002cb2000000,0x0000002cb2100000)]
  0x0000014107b71ce0 JavaThread "jar transforms Thread 14" [_thread_blocked, id=19192, stack(0x0000002cb2200000,0x0000002cb2300000)]
  0x000001410bd67c00 JavaThread "jar transforms Thread 15" [_thread_blocked, id=22552, stack(0x0000002cb2300000,0x0000002cb2400000)]
  0x000001410bd680d0 JavaThread "jar transforms Thread 16" [_thread_blocked, id=15268, stack(0x0000002cb2400000,0x0000002cb2500000)]
  0x000001410bd67730 JavaThread "build event listener" [_thread_blocked, id=10336, stack(0x0000002cadb00000,0x0000002cadc00000)]
  0x000001410bc16b70 JavaThread "C2 CompilerThread2" daemon [_thread_blocked, id=6964, stack(0x0000002caf800000,0x0000002caf900000)]
  0x000001410bd6b0f0 JavaThread "Memory manager" [_thread_blocked, id=13428, stack(0x0000002cb2500000,0x0000002cb2600000)]
=>0x0000014107b57330 JavaThread "C2 CompilerThread3" daemon [_thread_in_native, id=19704, stack(0x0000002cb2600000,0x0000002cb2700000)]
  0x0000014107b54ab0 JavaThread "C2 CompilerThread4" daemon [_thread_in_native, id=17052, stack(0x0000002cb2700000,0x0000002cb2800000)]

Other Threads:
  0x000001410241ec70 VMThread "VM Thread" [stack: 0x0000002cacb00000,0x0000002cacc00000] [id=21904]
  0x0000014102b52ef0 WatcherThread [stack: 0x0000002cad900000,0x0000002cada00000] [id=21668]
  0x00000141675a4e00 GCTaskThread "GC Thread#0" [stack: 0x0000002cac600000,0x0000002cac700000] [id=9872]
  0x0000014107e2f700 GCTaskThread "GC Thread#1" [stack: 0x0000002cadd00000,0x0000002cade00000] [id=1316]
  0x00000141075dc450 GCTaskThread "GC Thread#2" [stack: 0x0000002cade00000,0x0000002cadf00000] [id=20120]
  0x00000141072e76e0 GCTaskThread "GC Thread#3" [stack: 0x0000002cadf00000,0x0000002cae000000] [id=1700]
  0x0000014107b1daf0 GCTaskThread "GC Thread#4" [stack: 0x0000002cae000000,0x0000002cae100000] [id=22368]
  0x0000014109cdc7b0 GCTaskThread "GC Thread#5" [stack: 0x0000002caec00000,0x0000002caed00000] [id=16484]
  0x0000014108c2d3a0 GCTaskThread "GC Thread#6" [stack: 0x0000002caed00000,0x0000002caee00000] [id=21676]
  0x000001410936e6d0 GCTaskThread "GC Thread#7" [stack: 0x0000002caee00000,0x0000002caef00000] [id=15076]
  0x0000014109678030 GCTaskThread "GC Thread#8" [stack: 0x0000002caef00000,0x0000002caf000000] [id=16492]
  0x00000141087c7910 GCTaskThread "GC Thread#9" [stack: 0x0000002caf000000,0x0000002caf100000] [id=22436]
  0x00000141087c7100 GCTaskThread "GC Thread#10" [stack: 0x0000002caf100000,0x0000002caf200000] [id=7016]
  0x00000141087c73b0 GCTaskThread "GC Thread#11" [stack: 0x0000002caf200000,0x0000002caf300000] [id=17348]
  0x00000141087c7660 GCTaskThread "GC Thread#12" [stack: 0x0000002caf300000,0x0000002caf400000] [id=14164]
  0x00000141675f6010 ConcurrentGCThread "G1 Main Marker" [stack: 0x0000002cac700000,0x0000002cac800000] [id=10380]
  0x00000141675f70d0 ConcurrentGCThread "G1 Conc#0" [stack: 0x0000002cac800000,0x0000002cac900000] [id=16684]
  0x00000141087c8be0 ConcurrentGCThread "G1 Conc#1" [stack: 0x0000002caf400000,0x0000002caf500000] [id=21468]
  0x00000141087c8680 ConcurrentGCThread "G1 Conc#2" [stack: 0x0000002caf500000,0x0000002caf600000] [id=8232]
  0x00000141022dc4d0 ConcurrentGCThread "G1 Refine#0" [stack: 0x0000002cac900000,0x0000002caca00000] [id=22740]
  0x000001410acda400 ConcurrentGCThread "G1 Refine#1" [stack: 0x0000002cb1f00000,0x0000002cb2000000] [id=23468]
  0x000001410acdd200 ConcurrentGCThread "G1 Refine#2" [stack: 0x0000002cb2100000,0x0000002cb2200000] [id=21748]
  0x00000141022dcca0 ConcurrentGCThread "G1 Service" [stack: 0x0000002caca00000,0x0000002cacb00000] [id=416]

Threads with active compile tasks:
C2 CompilerThread0     9500 11427   !   4       org.gradle.internal.classloader.FilteringClassLoader::loadClass (62 bytes)
C2 CompilerThread3     9500 11350   !   4       org.gradle.internal.service.DefaultServiceRegistry$ManagedObjectServiceProvider::getInstance (47 bytes)
C2 CompilerThread4     9500 11349       4       org.gradle.internal.service.DefaultServiceRegistry$SingletonService::get (5 bytes)

VM state: not at safepoint (normal execution)

VM Mutex/Monitor currently owned by a thread: None

Heap address: 0x0000000080000000, size: 2048 MB, Compressed Oops mode: 32-bit

CDS archive(s) not mapped
Compressed class space mapped at: 0x0000000100000000-0x0000000140000000, reserved size: 1073741824
Narrow klass base: 0x0000000000000000, Narrow klass shift: 3, Narrow klass range: 0x140000000

GC Precious Log:
 CPUs: 16 total, 16 available
 Memory: 15762M
 Large Page Support: Disabled
 NUMA Support: Disabled
 Compressed Oops: Enabled (32-bit)
 Heap Region Size: 1M
 Heap Min Capacity: 8M
 Heap Initial Capacity: 248M
 Heap Max Capacity: 2G
 Pre-touch: Disabled
 Parallel Workers: 13
 Concurrent Workers: 3
 Concurrent Refinement Workers: 13
 Periodic GC: Disabled

Heap:
 garbage-first heap   total 277504K, used 153302K [0x0000000080000000, 0x0000000100000000)
  region size 1024K, 73 young (74752K), 15 survivors (15360K)
 Metaspace       used 99359K, committed 100160K, reserved 1179648K
  class space    used 13633K, committed 14016K, reserved 1048576K

Heap Regions: E=young(eden), S=young(survivor), O=old, HS=humongous(starts), HC=humongous(continues), CS=collection set, F=free, OA=open archive, CA=closed archive, TAMS=top-at-mark-start (previous, next)
|   0|0x0000000080000000, 0x0000000080100000, 0x0000000080100000|100%|HS|  |TAMS 0x0000000080100000, 0x0000000080000000| Complete 
|   1|0x0000000080100000, 0x0000000080200000, 0x0000000080200000|100%|HC|  |TAMS 0x0000000080200000, 0x0000000080100000| Complete 
|   2|0x0000000080200000, 0x0000000080300000, 0x0000000080300000|100%|HC|  |TAMS 0x0000000080300000, 0x0000000080200000| Complete 
|   3|0x0000000080300000, 0x0000000080400000, 0x0000000080400000|100%|HC|  |TAMS 0x0000000080400000, 0x0000000080300000| Complete 
|   4|0x0000000080400000, 0x0000000080500000, 0x0000000080500000|100%| O|  |TAMS 0x0000000080500000, 0x0000000080400000| Untracked 
|   5|0x0000000080500000, 0x0000000080600000, 0x0000000080600000|100%| O|  |TAMS 0x0000000080600000, 0x0000000080500000| Untracked 
|   6|0x0000000080600000, 0x0000000080700000, 0x0000000080700000|100%| O|  |TAMS 0x0000000080700000, 0x0000000080600000| Untracked 
|   7|0x0000000080700000, 0x0000000080800000, 0x0000000080800000|100%| O|  |TAMS 0x0000000080800000, 0x0000000080700000| Untracked 
|   8|0x0000000080800000, 0x0000000080900000, 0x0000000080900000|100%| O|  |TAMS 0x0000000080900000, 0x0000000080800000| Untracked 
|   9|0x0000000080900000, 0x0000000080a00000, 0x0000000080a00000|100%| O|  |TAMS 0x0000000080a00000, 0x0000000080900000| Untracked 
|  10|0x0000000080a00000, 0x0000000080b00000, 0x0000000080b00000|100%| O|  |TAMS 0x0000000080b00000, 0x0000000080a00000| Untracked 
|  11|0x0000000080b00000, 0x0000000080c00000, 0x0000000080c00000|100%| O|  |TAMS 0x0000000080c00000, 0x0000000080b00000| Untracked 
|  12|0x0000000080c00000, 0x0000000080d00000, 0x0000000080d00000|100%| O|  |TAMS 0x0000000080d00000, 0x0000000080c00000| Untracked 
|  13|0x0000000080d00000, 0x0000000080e00000, 0x0000000080e00000|100%| O|  |TAMS 0x0000000080e00000, 0x0000000080d00000| Untracked 
|  14|0x0000000080e00000, 0x0000000080f00000, 0x0000000080f00000|100%| O|  |TAMS 0x0000000080f00000, 0x0000000080e00000| Untracked 
|  15|0x0000000080f00000, 0x0000000081000000, 0x0000000081000000|100%| O|  |TAMS 0x0000000081000000, 0x0000000080f00000| Untracked 
|  16|0x0000000081000000, 0x0000000081100000, 0x0000000081100000|100%| O|  |TAMS 0x0000000081100000, 0x0000000081000000| Untracked 
|  17|0x0000000081100000, 0x0000000081200000, 0x0000000081200000|100%| O|  |TAMS 0x0000000081200000, 0x0000000081100000| Untracked 
|  18|0x0000000081200000, 0x0000000081300000, 0x0000000081300000|100%| O|  |TAMS 0x0000000081300000, 0x0000000081200000| Untracked 
|  19|0x0000000081300000, 0x0000000081400000, 0x0000000081400000|100%| O|  |TAMS 0x0000000081400000, 0x0000000081300000| Untracked 
|  20|0x0000000081400000, 0x0000000081500000, 0x0000000081500000|100%| O|  |TAMS 0x0000000081500000, 0x0000000081400000| Untracked 
|  21|0x0000000081500000, 0x0000000081600000, 0x0000000081600000|100%| O|  |TAMS 0x0000000081600000, 0x0000000081500000| Untracked 
|  22|0x0000000081600000, 0x0000000081600000, 0x0000000081700000|  0%| F|  |TAMS 0x0000000081600000, 0x0000000081600000| Untracked 
|  23|0x0000000081700000, 0x0000000081800000, 0x0000000081800000|100%|HS|  |TAMS 0x0000000081800000, 0x0000000081700000| Complete 
|  24|0x0000000081800000, 0x0000000081900000, 0x0000000081900000|100%| O|  |TAMS 0x0000000081900000, 0x0000000081800000| Untracked 
|  25|0x0000000081900000, 0x0000000081a00000, 0x0000000081a00000|100%| O|  |TAMS 0x0000000081a00000, 0x0000000081900000| Untracked 
|  26|0x0000000081a00000, 0x0000000081b00000, 0x0000000081b00000|100%| O|  |TAMS 0x0000000081b00000, 0x0000000081a00000| Untracked 
|  27|0x0000000081b00000, 0x0000000081c00000, 0x0000000081c00000|100%| O|  |TAMS 0x0000000081c00000, 0x0000000081b00000| Untracked 
|  28|0x0000000081c00000, 0x0000000081d00000, 0x0000000081d00000|100%| O|  |TAMS 0x0000000081d00000, 0x0000000081c00000| Untracked 
|  29|0x0000000081d00000, 0x0000000081e00000, 0x0000000081e00000|100%| O|  |TAMS 0x0000000081e00000, 0x0000000081d00000| Untracked 
|  30|0x0000000081e00000, 0x0000000081f00000, 0x0000000081f00000|100%| O|  |TAMS 0x0000000081f00000, 0x0000000081e00000| Untracked 
|  31|0x0000000081f00000, 0x0000000082000000, 0x0000000082000000|100%| O|  |TAMS 0x0000000082000000, 0x0000000081f00000| Untracked 
|  32|0x0000000082000000, 0x0000000082100000, 0x0000000082100000|100%| O|  |TAMS 0x0000000082100000, 0x0000000082000000| Untracked 
|  33|0x0000000082100000, 0x0000000082200000, 0x0000000082200000|100%| O|  |TAMS 0x0000000082200000, 0x0000000082100000| Untracked 
|  34|0x0000000082200000, 0x0000000082300000, 0x0000000082300000|100%| O|  |TAMS 0x0000000082300000, 0x0000000082200000| Untracked 
|  35|0x0000000082300000, 0x0000000082400000, 0x0000000082400000|100%| O|  |TAMS 0x0000000082400000, 0x0000000082300000| Untracked 
|  36|0x0000000082400000, 0x0000000082500000, 0x0000000082500000|100%| O|  |TAMS 0x0000000082500000, 0x0000000082400000| Untracked 
|  37|0x0000000082500000, 0x0000000082600000, 0x0000000082600000|100%| O|  |TAMS 0x0000000082600000, 0x0000000082500000| Untracked 
|  38|0x0000000082600000, 0x0000000082700000, 0x0000000082700000|100%| O|  |TAMS 0x0000000082600000, 0x0000000082600000| Untracked 
|  39|0x0000000082700000, 0x0000000082700000, 0x0000000082800000|  0%| F|  |TAMS 0x0000000082700000, 0x0000000082700000| Untracked 
|  40|0x0000000082800000, 0x0000000082900000, 0x0000000082900000|100%| O|  |TAMS 0x0000000082900000, 0x0000000082800000| Untracked 
|  41|0x0000000082900000, 0x0000000082a00000, 0x0000000082a00000|100%| O|  |TAMS 0x0000000082a00000, 0x0000000082900000| Untracked 
|  42|0x0000000082a00000, 0x0000000082b00000, 0x0000000082b00000|100%|HS|  |TAMS 0x0000000082b00000, 0x0000000082a00000| Complete 
|  43|0x0000000082b00000, 0x0000000082c00000, 0x0000000082c00000|100%|HS|  |TAMS 0x0000000082c00000, 0x0000000082b00000| Complete 
|  44|0x0000000082c00000, 0x0000000082d00000, 0x0000000082d00000|100%|HS|  |TAMS 0x0000000082d00000, 0x0000000082c00000| Complete 
|  45|0x0000000082d00000, 0x0000000082e00000, 0x0000000082e00000|100%|HC|  |TAMS 0x0000000082e00000, 0x0000000082d00000| Complete 
|  46|0x0000000082e00000, 0x0000000082f00000, 0x0000000082f00000|100%|HS|  |TAMS 0x0000000082f00000, 0x0000000082e00000| Complete 
|  47|0x0000000082f00000, 0x0000000083000000, 0x0000000083000000|100%|HS|  |TAMS 0x0000000083000000, 0x0000000082f00000| Complete 
|  48|0x0000000083000000, 0x0000000083100000, 0x0000000083100000|100%|HC|  |TAMS 0x0000000083100000, 0x0000000083000000| Complete 
|  49|0x0000000083100000, 0x0000000083200000, 0x0000000083200000|100%|HC|  |TAMS 0x0000000083200000, 0x0000000083100000| Complete 
|  50|0x0000000083200000, 0x0000000083300000, 0x0000000083300000|100%|HC|  |TAMS 0x0000000083300000, 0x0000000083200000| Complete 
|  51|0x0000000083300000, 0x0000000083400000, 0x0000000083400000|100%| O|  |TAMS 0x0000000083400000, 0x0000000083300000| Untracked 
|  52|0x0000000083400000, 0x0000000083500000, 0x0000000083500000|100%|HS|  |TAMS 0x0000000083500000, 0x0000000083400000| Complete 
|  53|0x0000000083500000, 0x0000000083600000, 0x0000000083600000|100%|HC|  |TAMS 0x0000000083600000, 0x0000000083500000| Complete 
|  54|0x0000000083600000, 0x0000000083700000, 0x0000000083700000|100%|HS|  |TAMS 0x0000000083700000, 0x0000000083600000| Complete 
|  55|0x0000000083700000, 0x0000000083800000, 0x0000000083800000|100%| O|  |TAMS 0x0000000083800000, 0x0000000083700000| Untracked 
|  56|0x0000000083800000, 0x0000000083900000, 0x0000000083900000|100%| O|  |TAMS 0x0000000083900000, 0x0000000083800000| Untracked 
|  57|0x0000000083900000, 0x0000000083a00000, 0x0000000083a00000|100%| O|  |TAMS 0x0000000083a00000, 0x0000000083900000| Untracked 
|  58|0x0000000083a00000, 0x0000000083b00000, 0x0000000083b00000|100%| O|  |TAMS 0x0000000083b00000, 0x0000000083a00000| Untracked 
|  59|0x0000000083b00000, 0x0000000083c00000, 0x0000000083c00000|100%| O|  |TAMS 0x0000000083c00000, 0x0000000083b00000| Untracked 
|  60|0x0000000083c00000, 0x0000000083d00000, 0x0000000083d00000|100%| O|  |TAMS 0x0000000083d00000, 0x0000000083c00000| Untracked 
|  61|0x0000000083d00000, 0x0000000083e00000, 0x0000000083e00000|100%| O|  |TAMS 0x0000000083e00000, 0x0000000083d00000| Untracked 
|  62|0x0000000083e00000, 0x0000000083f00000, 0x0000000083f00000|100%| O|  |TAMS 0x0000000083f00000, 0x0000000083e00000| Untracked 
|  63|0x0000000083f00000, 0x0000000084000000, 0x0000000084000000|100%| O|  |TAMS 0x0000000084000000, 0x0000000083f00000| Untracked 
|  64|0x0000000084000000, 0x0000000084100000, 0x0000000084100000|100%| O|  |TAMS 0x0000000084100000, 0x0000000084000000| Untracked 
|  65|0x0000000084100000, 0x0000000084200000, 0x0000000084200000|100%| O|  |TAMS 0x0000000084200000, 0x0000000084100000| Untracked 
|  66|0x0000000084200000, 0x0000000084300000, 0x0000000084300000|100%| O|  |TAMS 0x0000000084300000, 0x0000000084200000| Untracked 
|  67|0x0000000084300000, 0x0000000084400000, 0x0000000084400000|100%| O|  |TAMS 0x0000000084400000, 0x0000000084300000| Untracked 
|  68|0x0000000084400000, 0x0000000084500000, 0x0000000084500000|100%| O|  |TAMS 0x0000000084467c00, 0x0000000084400000| Untracked 
|  69|0x0000000084500000, 0x0000000084600000, 0x0000000084600000|100%|HS|  |TAMS 0x0000000084500000, 0x0000000084500000| Complete 
|  70|0x0000000084600000, 0x0000000084700000, 0x0000000084700000|100%|HC|  |TAMS 0x0000000084600000, 0x0000000084600000| Complete 
|  71|0x0000000084700000, 0x0000000084800000, 0x0000000084800000|100%|HC|  |TAMS 0x0000000084700000, 0x0000000084700000| Complete 
|  72|0x0000000084800000, 0x0000000084900000, 0x0000000084900000|100%|HC|  |TAMS 0x0000000084800000, 0x0000000084800000| Complete 
|  73|0x0000000084900000, 0x0000000084a00000, 0x0000000084a00000|100%| O|  |TAMS 0x0000000084900000, 0x0000000084900000| Untracked 
|  74|0x0000000084a00000, 0x0000000084b00000, 0x0000000084b00000|100%| O|  |TAMS 0x0000000084a00000, 0x0000000084a00000| Untracked 
|  75|0x0000000084b00000, 0x0000000084c00000, 0x0000000084c00000|100%| O|  |TAMS 0x0000000084b00000, 0x0000000084b00000| Untracked 
|  76|0x0000000084c00000, 0x0000000084ce0400, 0x0000000084d00000| 87%| O|  |TAMS 0x0000000084c00000, 0x0000000084c00000| Untracked 
|  77|0x0000000084d00000, 0x0000000084d00000, 0x0000000084e00000|  0%| F|  |TAMS 0x0000000084d00000, 0x0000000084d00000| Untracked 
|  78|0x0000000084e00000, 0x0000000084e00000, 0x0000000084f00000|  0%| F|  |TAMS 0x0000000084e00000, 0x0000000084e00000| Untracked 
|  79|0x0000000084f00000, 0x0000000084f00000, 0x0000000085000000|  0%| F|  |TAMS 0x0000000084f00000, 0x0000000084f00000| Untracked 
|  80|0x0000000085000000, 0x0000000085000000, 0x0000000085100000|  0%| F|  |TAMS 0x0000000085000000, 0x0000000085000000| Untracked 
|  81|0x0000000085100000, 0x0000000085100000, 0x0000000085200000|  0%| F|  |TAMS 0x0000000085100000, 0x0000000085100000| Untracked 
|  82|0x0000000085200000, 0x0000000085200000, 0x0000000085300000|  0%| F|  |TAMS 0x0000000085200000, 0x0000000085200000| Untracked 
|  83|0x0000000085300000, 0x0000000085300000, 0x0000000085400000|  0%| F|  |TAMS 0x0000000085300000, 0x0000000085300000| Untracked 
|  84|0x0000000085400000, 0x0000000085400000, 0x0000000085500000|  0%| F|  |TAMS 0x0000000085400000, 0x0000000085400000| Untracked 
|  85|0x0000000085500000, 0x0000000085500000, 0x0000000085600000|  0%| F|  |TAMS 0x0000000085500000, 0x0000000085500000| Untracked 
|  86|0x0000000085600000, 0x0000000085600000, 0x0000000085700000|  0%| F|  |TAMS 0x0000000085600000, 0x0000000085600000| Untracked 
|  87|0x0000000085700000, 0x0000000085700000, 0x0000000085800000|  0%| F|  |TAMS 0x0000000085700000, 0x0000000085700000| Untracked 
|  88|0x0000000085800000, 0x0000000085800000, 0x0000000085900000|  0%| F|  |TAMS 0x0000000085800000, 0x0000000085800000| Untracked 
|  89|0x0000000085900000, 0x0000000085900000, 0x0000000085a00000|  0%| F|  |TAMS 0x0000000085900000, 0x0000000085900000| Untracked 
|  90|0x0000000085a00000, 0x0000000085a00000, 0x0000000085b00000|  0%| F|  |TAMS 0x0000000085a00000, 0x0000000085a00000| Untracked 
|  91|0x0000000085b00000, 0x0000000085b00000, 0x0000000085c00000|  0%| F|  |TAMS 0x0000000085b00000, 0x0000000085b00000| Untracked 
|  92|0x0000000085c00000, 0x0000000085c00000, 0x0000000085d00000|  0%| F|  |TAMS 0x0000000085c00000, 0x0000000085c00000| Untracked 
|  93|0x0000000085d00000, 0x0000000085d00000, 0x0000000085e00000|  0%| F|  |TAMS 0x0000000085d00000, 0x0000000085d00000| Untracked 
|  94|0x0000000085e00000, 0x0000000085e00000, 0x0000000085f00000|  0%| F|  |TAMS 0x0000000085e00000, 0x0000000085e00000| Untracked 
|  95|0x0000000085f00000, 0x0000000085f00000, 0x0000000086000000|  0%| F|  |TAMS 0x0000000085f00000, 0x0000000085f00000| Untracked 
|  96|0x0000000086000000, 0x0000000086000000, 0x0000000086100000|  0%| F|  |TAMS 0x0000000086000000, 0x0000000086000000| Untracked 
|  97|0x0000000086100000, 0x0000000086100000, 0x0000000086200000|  0%| F|  |TAMS 0x0000000086100000, 0x0000000086100000| Untracked 
|  98|0x0000000086200000, 0x0000000086200000, 0x0000000086300000|  0%| F|  |TAMS 0x0000000086200000, 0x0000000086200000| Untracked 
|  99|0x0000000086300000, 0x0000000086300000, 0x0000000086400000|  0%| F|  |TAMS 0x0000000086300000, 0x0000000086300000| Untracked 
| 100|0x0000000086400000, 0x0000000086400000, 0x0000000086500000|  0%| F|  |TAMS 0x0000000086400000, 0x0000000086400000| Untracked 
| 101|0x0000000086500000, 0x0000000086500000, 0x0000000086600000|  0%| F|  |TAMS 0x0000000086500000, 0x0000000086500000| Untracked 
| 102|0x0000000086600000, 0x0000000086600000, 0x0000000086700000|  0%| F|  |TAMS 0x0000000086600000, 0x0000000086600000| Untracked 
| 103|0x0000000086700000, 0x0000000086700000, 0x0000000086800000|  0%| F|  |TAMS 0x0000000086700000, 0x0000000086700000| Untracked 
| 104|0x0000000086800000, 0x0000000086800000, 0x0000000086900000|  0%| F|  |TAMS 0x0000000086800000, 0x0000000086800000| Untracked 
| 105|0x0000000086900000, 0x0000000086900000, 0x0000000086a00000|  0%| F|  |TAMS 0x0000000086900000, 0x0000000086900000| Untracked 
| 106|0x0000000086a00000, 0x0000000086a00000, 0x0000000086b00000|  0%| F|  |TAMS 0x0000000086a00000, 0x0000000086a00000| Untracked 
| 107|0x0000000086b00000, 0x0000000086b00000, 0x0000000086c00000|  0%| F|  |TAMS 0x0000000086b00000, 0x0000000086b00000| Untracked 
| 108|0x0000000086c00000, 0x0000000086c00000, 0x0000000086d00000|  0%| F|  |TAMS 0x0000000086c00000, 0x0000000086c00000| Untracked 
| 109|0x0000000086d00000, 0x0000000086d00000, 0x0000000086e00000|  0%| F|  |TAMS 0x0000000086d00000, 0x0000000086d00000| Untracked 
| 110|0x0000000086e00000, 0x0000000086e00000, 0x0000000086f00000|  0%| F|  |TAMS 0x0000000086e00000, 0x0000000086e00000| Untracked 
| 111|0x0000000086f00000, 0x0000000086f00000, 0x0000000087000000|  0%| F|  |TAMS 0x0000000086f00000, 0x0000000086f00000| Untracked 
| 112|0x0000000087000000, 0x0000000087000000, 0x0000000087100000|  0%| F|  |TAMS 0x0000000087000000, 0x0000000087000000| Untracked 
| 113|0x0000000087100000, 0x0000000087100000, 0x0000000087200000|  0%| F|  |TAMS 0x0000000087100000, 0x0000000087100000| Untracked 
| 114|0x0000000087200000, 0x0000000087200000, 0x0000000087300000|  0%| F|  |TAMS 0x0000000087200000, 0x0000000087200000| Untracked 
| 115|0x0000000087300000, 0x0000000087300000, 0x0000000087400000|  0%| F|  |TAMS 0x0000000087300000, 0x0000000087300000| Untracked 
| 116|0x0000000087400000, 0x0000000087400000, 0x0000000087500000|  0%| F|  |TAMS 0x0000000087400000, 0x0000000087400000| Untracked 
| 117|0x0000000087500000, 0x0000000087500000, 0x0000000087600000|  0%| F|  |TAMS 0x0000000087500000, 0x0000000087500000| Untracked 
| 118|0x0000000087600000, 0x0000000087600000, 0x0000000087700000|  0%| F|  |TAMS 0x0000000087600000, 0x0000000087600000| Untracked 
| 119|0x0000000087700000, 0x0000000087700000, 0x0000000087800000|  0%| F|  |TAMS 0x0000000087700000, 0x0000000087700000| Untracked 
| 120|0x0000000087800000, 0x00000000878d5680, 0x0000000087900000| 83%| S|CS|TAMS 0x0000000087800000, 0x0000000087800000| Complete 
| 121|0x0000000087900000, 0x0000000087a00000, 0x0000000087a00000|100%| S|CS|TAMS 0x0000000087900000, 0x0000000087900000| Complete 
| 122|0x0000000087a00000, 0x0000000087b00000, 0x0000000087b00000|100%| S|CS|TAMS 0x0000000087a00000, 0x0000000087a00000| Complete 
| 123|0x0000000087b00000, 0x0000000087c00000, 0x0000000087c00000|100%| S|CS|TAMS 0x0000000087b00000, 0x0000000087b00000| Complete 
| 124|0x0000000087c00000, 0x0000000087d00000, 0x0000000087d00000|100%| S|CS|TAMS 0x0000000087c00000, 0x0000000087c00000| Complete 
| 125|0x0000000087d00000, 0x0000000087e00000, 0x0000000087e00000|100%| S|CS|TAMS 0x0000000087d00000, 0x0000000087d00000| Complete 
| 126|0x0000000087e00000, 0x0000000087f00000, 0x0000000087f00000|100%| S|CS|TAMS 0x0000000087e00000, 0x0000000087e00000| Complete 
| 127|0x0000000087f00000, 0x0000000088000000, 0x0000000088000000|100%| S|CS|TAMS 0x0000000087f00000, 0x0000000087f00000| Complete 
| 128|0x0000000088000000, 0x0000000088100000, 0x0000000088100000|100%| S|CS|TAMS 0x0000000088000000, 0x0000000088000000| Complete 
| 129|0x0000000088100000, 0x0000000088200000, 0x0000000088200000|100%| S|CS|TAMS 0x0000000088100000, 0x0000000088100000| Complete 
| 130|0x0000000088200000, 0x0000000088300000, 0x0000000088300000|100%| S|CS|TAMS 0x0000000088200000, 0x0000000088200000| Complete 
| 131|0x0000000088300000, 0x0000000088400000, 0x0000000088400000|100%| S|CS|TAMS 0x0000000088300000, 0x0000000088300000| Complete 
| 132|0x0000000088400000, 0x0000000088500000, 0x0000000088500000|100%| S|CS|TAMS 0x0000000088400000, 0x0000000088400000| Complete 
| 133|0x0000000088500000, 0x0000000088600000, 0x0000000088600000|100%| S|CS|TAMS 0x0000000088500000, 0x0000000088500000| Complete 
| 134|0x0000000088600000, 0x0000000088600000, 0x0000000088700000|  0%| F|  |TAMS 0x0000000088600000, 0x0000000088600000| Untracked 
| 135|0x0000000088700000, 0x0000000088700000, 0x0000000088800000|  0%| F|  |TAMS 0x0000000088700000, 0x0000000088700000| Untracked 
| 136|0x0000000088800000, 0x0000000088800000, 0x0000000088900000|  0%| F|  |TAMS 0x0000000088800000, 0x0000000088800000| Untracked 
| 137|0x0000000088900000, 0x0000000088900000, 0x0000000088a00000|  0%| F|  |TAMS 0x0000000088900000, 0x0000000088900000| Untracked 
| 138|0x0000000088a00000, 0x0000000088a00000, 0x0000000088b00000|  0%| F|  |TAMS 0x0000000088a00000, 0x0000000088a00000| Untracked 
| 139|0x0000000088b00000, 0x0000000088b00000, 0x0000000088c00000|  0%| F|  |TAMS 0x0000000088b00000, 0x0000000088b00000| Untracked 
| 140|0x0000000088c00000, 0x0000000088c00000, 0x0000000088d00000|  0%| F|  |TAMS 0x0000000088c00000, 0x0000000088c00000| Untracked 
| 141|0x0000000088d00000, 0x0000000088d00000, 0x0000000088e00000|  0%| F|  |TAMS 0x0000000088d00000, 0x0000000088d00000| Untracked 
| 142|0x0000000088e00000, 0x0000000088e00000, 0x0000000088f00000|  0%| F|  |TAMS 0x0000000088e00000, 0x0000000088e00000| Untracked 
| 143|0x0000000088f00000, 0x0000000088f00000, 0x0000000089000000|  0%| F|  |TAMS 0x0000000088f00000, 0x0000000088f00000| Untracked 
| 144|0x0000000089000000, 0x0000000089100000, 0x0000000089100000|100%| S|CS|TAMS 0x0000000089000000, 0x0000000089000000| Complete 
| 145|0x0000000089100000, 0x0000000089100000, 0x0000000089200000|  0%| F|  |TAMS 0x0000000089100000, 0x0000000089100000| Untracked 
| 146|0x0000000089200000, 0x0000000089200000, 0x0000000089300000|  0%| F|  |TAMS 0x0000000089200000, 0x0000000089200000| Untracked 
| 147|0x0000000089300000, 0x0000000089300000, 0x0000000089400000|  0%| F|  |TAMS 0x0000000089300000, 0x0000000089300000| Untracked 
| 148|0x0000000089400000, 0x0000000089400000, 0x0000000089500000|  0%| F|  |TAMS 0x0000000089400000, 0x0000000089400000| Untracked 
| 149|0x0000000089500000, 0x0000000089500000, 0x0000000089600000|  0%| F|  |TAMS 0x0000000089500000, 0x0000000089500000| Untracked 
| 150|0x0000000089600000, 0x0000000089600000, 0x0000000089700000|  0%| F|  |TAMS 0x0000000089600000, 0x0000000089600000| Untracked 
| 151|0x0000000089700000, 0x0000000089700000, 0x0000000089800000|  0%| F|  |TAMS 0x0000000089700000, 0x0000000089700000| Untracked 
| 152|0x0000000089800000, 0x0000000089800000, 0x0000000089900000|  0%| F|  |TAMS 0x0000000089800000, 0x0000000089800000| Untracked 
| 153|0x0000000089900000, 0x0000000089900000, 0x0000000089a00000|  0%| F|  |TAMS 0x0000000089900000, 0x0000000089900000| Untracked 
| 154|0x0000000089a00000, 0x0000000089a00000, 0x0000000089b00000|  0%| F|  |TAMS 0x0000000089a00000, 0x0000000089a00000| Untracked 
| 155|0x0000000089b00000, 0x0000000089b00000, 0x0000000089c00000|  0%| F|  |TAMS 0x0000000089b00000, 0x0000000089b00000| Untracked 
| 156|0x0000000089c00000, 0x0000000089c00000, 0x0000000089d00000|  0%| F|  |TAMS 0x0000000089c00000, 0x0000000089c00000| Untracked 
| 157|0x0000000089d00000, 0x0000000089d00000, 0x0000000089e00000|  0%| F|  |TAMS 0x0000000089d00000, 0x0000000089d00000| Untracked 
| 158|0x0000000089e00000, 0x0000000089e00000, 0x0000000089f00000|  0%| F|  |TAMS 0x0000000089e00000, 0x0000000089e00000| Untracked 
| 159|0x0000000089f00000, 0x0000000089f00000, 0x000000008a000000|  0%| F|  |TAMS 0x0000000089f00000, 0x0000000089f00000| Untracked 
| 160|0x000000008a000000, 0x000000008a000000, 0x000000008a100000|  0%| F|  |TAMS 0x000000008a000000, 0x000000008a000000| Untracked 
| 161|0x000000008a100000, 0x000000008a100000, 0x000000008a200000|  0%| F|  |TAMS 0x000000008a100000, 0x000000008a100000| Untracked 
| 162|0x000000008a200000, 0x000000008a200000, 0x000000008a300000|  0%| F|  |TAMS 0x000000008a200000, 0x000000008a200000| Untracked 
| 163|0x000000008a300000, 0x000000008a300000, 0x000000008a400000|  0%| F|  |TAMS 0x000000008a300000, 0x000000008a300000| Untracked 
| 164|0x000000008a400000, 0x000000008a400000, 0x000000008a500000|  0%| F|  |TAMS 0x000000008a400000, 0x000000008a400000| Untracked 
| 165|0x000000008a500000, 0x000000008a500000, 0x000000008a600000|  0%| F|  |TAMS 0x000000008a500000, 0x000000008a500000| Untracked 
| 166|0x000000008a600000, 0x000000008a600000, 0x000000008a700000|  0%| F|  |TAMS 0x000000008a600000, 0x000000008a600000| Untracked 
| 167|0x000000008a700000, 0x000000008a700000, 0x000000008a800000|  0%| F|  |TAMS 0x000000008a700000, 0x000000008a700000| Untracked 
| 168|0x000000008a800000, 0x000000008a800000, 0x000000008a900000|  0%| F|  |TAMS 0x000000008a800000, 0x000000008a800000| Untracked 
| 169|0x000000008a900000, 0x000000008a900000, 0x000000008aa00000|  0%| F|  |TAMS 0x000000008a900000, 0x000000008a900000| Untracked 
| 170|0x000000008aa00000, 0x000000008aa00000, 0x000000008ab00000|  0%| F|  |TAMS 0x000000008aa00000, 0x000000008aa00000| Untracked 
| 171|0x000000008ab00000, 0x000000008ab00000, 0x000000008ac00000|  0%| F|  |TAMS 0x000000008ab00000, 0x000000008ab00000| Untracked 
| 172|0x000000008ac00000, 0x000000008ac00000, 0x000000008ad00000|  0%| F|  |TAMS 0x000000008ac00000, 0x000000008ac00000| Untracked 
| 173|0x000000008ad00000, 0x000000008ad00000, 0x000000008ae00000|  0%| F|  |TAMS 0x000000008ad00000, 0x000000008ad00000| Untracked 
| 174|0x000000008ae00000, 0x000000008ae00000, 0x000000008af00000|  0%| F|  |TAMS 0x000000008ae00000, 0x000000008ae00000| Untracked 
| 175|0x000000008af00000, 0x000000008af00000, 0x000000008b000000|  0%| F|  |TAMS 0x000000008af00000, 0x000000008af00000| Untracked 
| 176|0x000000008b000000, 0x000000008b000000, 0x000000008b100000|  0%| F|  |TAMS 0x000000008b000000, 0x000000008b000000| Untracked 
| 177|0x000000008b100000, 0x000000008b100000, 0x000000008b200000|  0%| F|  |TAMS 0x000000008b100000, 0x000000008b100000| Untracked 
| 178|0x000000008b200000, 0x000000008b200000, 0x000000008b300000|  0%| F|  |TAMS 0x000000008b200000, 0x000000008b200000| Untracked 
| 179|0x000000008b300000, 0x000000008b300000, 0x000000008b400000|  0%| F|  |TAMS 0x000000008b300000, 0x000000008b300000| Untracked 
| 180|0x000000008b400000, 0x000000008b400000, 0x000000008b500000|  0%| F|  |TAMS 0x000000008b400000, 0x000000008b400000| Untracked 
| 181|0x000000008b500000, 0x000000008b500000, 0x000000008b600000|  0%| F|  |TAMS 0x000000008b500000, 0x000000008b500000| Untracked 
| 182|0x000000008b600000, 0x000000008b600000, 0x000000008b700000|  0%| F|  |TAMS 0x000000008b600000, 0x000000008b600000| Untracked 
| 183|0x000000008b700000, 0x000000008b700000, 0x000000008b800000|  0%| F|  |TAMS 0x000000008b700000, 0x000000008b700000| Untracked 
| 184|0x000000008b800000, 0x000000008b800000, 0x000000008b900000|  0%| F|  |TAMS 0x000000008b800000, 0x000000008b800000| Untracked 
| 185|0x000000008b900000, 0x000000008b900000, 0x000000008ba00000|  0%| F|  |TAMS 0x000000008b900000, 0x000000008b900000| Untracked 
| 186|0x000000008ba00000, 0x000000008ba00000, 0x000000008bb00000|  0%| F|  |TAMS 0x000000008ba00000, 0x000000008ba00000| Untracked 
| 187|0x000000008bb00000, 0x000000008bb00000, 0x000000008bc00000|  0%| F|  |TAMS 0x000000008bb00000, 0x000000008bb00000| Untracked 
| 188|0x000000008bc00000, 0x000000008bc00000, 0x000000008bd00000|  0%| F|  |TAMS 0x000000008bc00000, 0x000000008bc00000| Untracked 
| 189|0x000000008bd00000, 0x000000008bd00000, 0x000000008be00000|  0%| F|  |TAMS 0x000000008bd00000, 0x000000008bd00000| Untracked 
| 190|0x000000008be00000, 0x000000008be00000, 0x000000008bf00000|  0%| F|  |TAMS 0x000000008be00000, 0x000000008be00000| Untracked 
| 191|0x000000008bf00000, 0x000000008bf00000, 0x000000008c000000|  0%| F|  |TAMS 0x000000008bf00000, 0x000000008bf00000| Untracked 
| 192|0x000000008c000000, 0x000000008c000000, 0x000000008c100000|  0%| F|  |TAMS 0x000000008c000000, 0x000000008c000000| Untracked 
| 193|0x000000008c100000, 0x000000008c100000, 0x000000008c200000|  0%| F|  |TAMS 0x000000008c100000, 0x000000008c100000| Untracked 
| 194|0x000000008c200000, 0x000000008c200000, 0x000000008c300000|  0%| F|  |TAMS 0x000000008c200000, 0x000000008c200000| Untracked 
| 195|0x000000008c300000, 0x000000008c300000, 0x000000008c400000|  0%| F|  |TAMS 0x000000008c300000, 0x000000008c300000| Untracked 
| 196|0x000000008c400000, 0x000000008c400000, 0x000000008c500000|  0%| F|  |TAMS 0x000000008c400000, 0x000000008c400000| Untracked 
| 197|0x000000008c500000, 0x000000008c500000, 0x000000008c600000|  0%| F|  |TAMS 0x000000008c500000, 0x000000008c500000| Untracked 
| 198|0x000000008c600000, 0x000000008c600000, 0x000000008c700000|  0%| F|  |TAMS 0x000000008c600000, 0x000000008c600000| Untracked 
| 199|0x000000008c700000, 0x000000008c700000, 0x000000008c800000|  0%| F|  |TAMS 0x000000008c700000, 0x000000008c700000| Untracked 
| 200|0x000000008c800000, 0x000000008c800000, 0x000000008c900000|  0%| F|  |TAMS 0x000000008c800000, 0x000000008c800000| Untracked 
| 201|0x000000008c900000, 0x000000008c900000, 0x000000008ca00000|  0%| F|  |TAMS 0x000000008c900000, 0x000000008c900000| Untracked 
| 202|0x000000008ca00000, 0x000000008ca00000, 0x000000008cb00000|  0%| F|  |TAMS 0x000000008ca00000, 0x000000008ca00000| Untracked 
| 203|0x000000008cb00000, 0x000000008cb00000, 0x000000008cc00000|  0%| F|  |TAMS 0x000000008cb00000, 0x000000008cb00000| Untracked 
| 204|0x000000008cc00000, 0x000000008cc00000, 0x000000008cd00000|  0%| F|  |TAMS 0x000000008cc00000, 0x000000008cc00000| Untracked 
| 205|0x000000008cd00000, 0x000000008cd00000, 0x000000008ce00000|  0%| F|  |TAMS 0x000000008cd00000, 0x000000008cd00000| Untracked 
| 206|0x000000008ce00000, 0x000000008ce00000, 0x000000008cf00000|  0%| F|  |TAMS 0x000000008ce00000, 0x000000008ce00000| Untracked 
| 207|0x000000008cf00000, 0x000000008cf00000, 0x000000008d000000|  0%| F|  |TAMS 0x000000008cf00000, 0x000000008cf00000| Untracked 
| 208|0x000000008d000000, 0x000000008d000000, 0x000000008d100000|  0%| F|  |TAMS 0x000000008d000000, 0x000000008d000000| Untracked 
| 209|0x000000008d100000, 0x000000008d100000, 0x000000008d200000|  0%| F|  |TAMS 0x000000008d100000, 0x000000008d100000| Untracked 
| 210|0x000000008d200000, 0x000000008d300000, 0x000000008d300000|100%| E|  |TAMS 0x000000008d200000, 0x000000008d200000| Complete 
| 211|0x000000008d300000, 0x000000008d400000, 0x000000008d400000|100%| E|CS|TAMS 0x000000008d300000, 0x000000008d300000| Complete 
| 212|0x000000008d400000, 0x000000008d500000, 0x000000008d500000|100%| E|CS|TAMS 0x000000008d400000, 0x000000008d400000| Complete 
| 213|0x000000008d500000, 0x000000008d600000, 0x000000008d600000|100%| E|CS|TAMS 0x000000008d500000, 0x000000008d500000| Complete 
| 214|0x000000008d600000, 0x000000008d700000, 0x000000008d700000|100%| E|CS|TAMS 0x000000008d600000, 0x000000008d600000| Complete 
| 215|0x000000008d700000, 0x000000008d800000, 0x000000008d800000|100%| E|CS|TAMS 0x000000008d700000, 0x000000008d700000| Complete 
| 216|0x000000008d800000, 0x000000008d900000, 0x000000008d900000|100%| E|CS|TAMS 0x000000008d800000, 0x000000008d800000| Complete 
| 217|0x000000008d900000, 0x000000008da00000, 0x000000008da00000|100%| E|CS|TAMS 0x000000008d900000, 0x000000008d900000| Complete 
| 218|0x000000008da00000, 0x000000008db00000, 0x000000008db00000|100%| E|CS|TAMS 0x000000008da00000, 0x000000008da00000| Complete 
| 219|0x000000008db00000, 0x000000008dc00000, 0x000000008dc00000|100%| E|CS|TAMS 0x000000008db00000, 0x000000008db00000| Complete 
| 220|0x000000008dc00000, 0x000000008dd00000, 0x000000008dd00000|100%| E|CS|TAMS 0x000000008dc00000, 0x000000008dc00000| Complete 
| 221|0x000000008dd00000, 0x000000008de00000, 0x000000008de00000|100%| E|CS|TAMS 0x000000008dd00000, 0x000000008dd00000| Complete 
| 222|0x000000008de00000, 0x000000008df00000, 0x000000008df00000|100%| E|CS|TAMS 0x000000008de00000, 0x000000008de00000| Complete 
| 223|0x000000008df00000, 0x000000008e000000, 0x000000008e000000|100%| E|CS|TAMS 0x000000008df00000, 0x000000008df00000| Complete 
| 224|0x000000008e000000, 0x000000008e100000, 0x000000008e100000|100%| E|CS|TAMS 0x000000008e000000, 0x000000008e000000| Complete 
| 225|0x000000008e100000, 0x000000008e200000, 0x000000008e200000|100%| E|CS|TAMS 0x000000008e100000, 0x000000008e100000| Complete 
| 226|0x000000008e200000, 0x000000008e300000, 0x000000008e300000|100%| E|CS|TAMS 0x000000008e200000, 0x000000008e200000| Complete 
| 227|0x000000008e300000, 0x000000008e400000, 0x000000008e400000|100%| E|CS|TAMS 0x000000008e300000, 0x000000008e300000| Complete 
| 228|0x000000008e400000, 0x000000008e500000, 0x000000008e500000|100%| E|CS|TAMS 0x000000008e400000, 0x000000008e400000| Complete 
| 229|0x000000008e500000, 0x000000008e600000, 0x000000008e600000|100%| E|CS|TAMS 0x000000008e500000, 0x000000008e500000| Complete 
| 230|0x000000008e600000, 0x000000008e700000, 0x000000008e700000|100%| E|CS|TAMS 0x000000008e600000, 0x000000008e600000| Complete 
| 231|0x000000008e700000, 0x000000008e800000, 0x000000008e800000|100%| E|CS|TAMS 0x000000008e700000, 0x000000008e700000| Complete 
| 232|0x000000008e800000, 0x000000008e900000, 0x000000008e900000|100%| E|CS|TAMS 0x000000008e800000, 0x000000008e800000| Complete 
| 233|0x000000008e900000, 0x000000008ea00000, 0x000000008ea00000|100%| E|CS|TAMS 0x000000008e900000, 0x000000008e900000| Complete 
| 234|0x000000008ea00000, 0x000000008eb00000, 0x000000008eb00000|100%| E|CS|TAMS 0x000000008ea00000, 0x000000008ea00000| Complete 
| 235|0x000000008eb00000, 0x000000008ec00000, 0x000000008ec00000|100%| E|CS|TAMS 0x000000008eb00000, 0x000000008eb00000| Complete 
| 236|0x000000008ec00000, 0x000000008ed00000, 0x000000008ed00000|100%| E|CS|TAMS 0x000000008ec00000, 0x000000008ec00000| Complete 
| 237|0x000000008ed00000, 0x000000008ee00000, 0x000000008ee00000|100%| E|CS|TAMS 0x000000008ed00000, 0x000000008ed00000| Complete 
| 238|0x000000008ee00000, 0x000000008ef00000, 0x000000008ef00000|100%| E|CS|TAMS 0x000000008ee00000, 0x000000008ee00000| Complete 
| 239|0x000000008ef00000, 0x000000008f000000, 0x000000008f000000|100%| E|CS|TAMS 0x000000008ef00000, 0x000000008ef00000| Complete 
| 240|0x000000008f000000, 0x000000008f100000, 0x000000008f100000|100%| E|CS|TAMS 0x000000008f000000, 0x000000008f000000| Complete 
| 241|0x000000008f100000, 0x000000008f200000, 0x000000008f200000|100%| E|CS|TAMS 0x000000008f100000, 0x000000008f100000| Complete 
| 242|0x000000008f200000, 0x000000008f300000, 0x000000008f300000|100%| E|CS|TAMS 0x000000008f200000, 0x000000008f200000| Complete 
| 243|0x000000008f300000, 0x000000008f400000, 0x000000008f400000|100%| E|CS|TAMS 0x000000008f300000, 0x000000008f300000| Complete 
| 244|0x000000008f400000, 0x000000008f500000, 0x000000008f500000|100%| E|CS|TAMS 0x000000008f400000, 0x000000008f400000| Complete 
| 245|0x000000008f500000, 0x000000008f600000, 0x000000008f600000|100%| E|CS|TAMS 0x000000008f500000, 0x000000008f500000| Complete 
| 246|0x000000008f600000, 0x000000008f700000, 0x000000008f700000|100%| E|CS|TAMS 0x000000008f600000, 0x000000008f600000| Complete 
| 247|0x000000008f700000, 0x000000008f800000, 0x000000008f800000|100%| E|CS|TAMS 0x000000008f700000, 0x000000008f700000| Complete 
| 248|0x000000008f800000, 0x000000008f900000, 0x000000008f900000|100%| E|CS|TAMS 0x000000008f800000, 0x000000008f800000| Complete 
| 249|0x000000008f900000, 0x000000008fa00000, 0x000000008fa00000|100%| E|CS|TAMS 0x000000008f900000, 0x000000008f900000| Complete 
| 250|0x000000008fa00000, 0x000000008fb00000, 0x000000008fb00000|100%| E|CS|TAMS 0x000000008fa00000, 0x000000008fa00000| Complete 
| 251|0x000000008fb00000, 0x000000008fc00000, 0x000000008fc00000|100%| E|CS|TAMS 0x000000008fb00000, 0x000000008fb00000| Complete 
| 252|0x000000008fc00000, 0x000000008fd00000, 0x000000008fd00000|100%| E|CS|TAMS 0x000000008fc00000, 0x000000008fc00000| Complete 
| 253|0x000000008fd00000, 0x000000008fe00000, 0x000000008fe00000|100%| E|CS|TAMS 0x000000008fd00000, 0x000000008fd00000| Complete 
| 254|0x000000008fe00000, 0x000000008ff00000, 0x000000008ff00000|100%| E|CS|TAMS 0x000000008fe00000, 0x000000008fe00000| Complete 
| 255|0x000000008ff00000, 0x0000000090000000, 0x0000000090000000|100%| E|CS|TAMS 0x000000008ff00000, 0x000000008ff00000| Complete 
| 256|0x0000000090000000, 0x0000000090100000, 0x0000000090100000|100%| E|CS|TAMS 0x0000000090000000, 0x0000000090000000| Complete 
| 257|0x0000000090100000, 0x0000000090200000, 0x0000000090200000|100%| E|CS|TAMS 0x0000000090100000, 0x0000000090100000| Complete 
| 258|0x0000000090200000, 0x0000000090300000, 0x0000000090300000|100%| E|CS|TAMS 0x0000000090200000, 0x0000000090200000| Complete 
| 259|0x0000000090300000, 0x0000000090400000, 0x0000000090400000|100%| E|CS|TAMS 0x0000000090300000, 0x0000000090300000| Complete 
| 260|0x0000000090400000, 0x0000000090500000, 0x0000000090500000|100%| E|CS|TAMS 0x0000000090400000, 0x0000000090400000| Complete 
| 261|0x0000000090500000, 0x0000000090600000, 0x0000000090600000|100%| E|CS|TAMS 0x0000000090500000, 0x0000000090500000| Complete 
| 262|0x0000000090600000, 0x0000000090700000, 0x0000000090700000|100%| E|CS|TAMS 0x0000000090600000, 0x0000000090600000| Complete 
| 263|0x0000000090700000, 0x0000000090800000, 0x0000000090800000|100%| E|CS|TAMS 0x0000000090700000, 0x0000000090700000| Complete 
| 264|0x0000000090800000, 0x0000000090900000, 0x0000000090900000|100%| E|CS|TAMS 0x0000000090800000, 0x0000000090800000| Complete 
| 265|0x0000000090900000, 0x0000000090a00000, 0x0000000090a00000|100%| E|CS|TAMS 0x0000000090900000, 0x0000000090900000| Complete 
| 266|0x0000000090a00000, 0x0000000090b00000, 0x0000000090b00000|100%| E|CS|TAMS 0x0000000090a00000, 0x0000000090a00000| Complete 
| 267|0x0000000090b00000, 0x0000000090c00000, 0x0000000090c00000|100%| E|CS|TAMS 0x0000000090b00000, 0x0000000090b00000| Complete 
|2045|0x00000000ffd00000, 0x00000000ffe00000, 0x00000000ffe00000|100%| O|  |TAMS 0x00000000ffe00000, 0x00000000ffd00000| Untracked 
|2046|0x00000000ffe00000, 0x00000000fff00000, 0x00000000fff00000|100%| O|  |TAMS 0x00000000fff00000, 0x00000000ffe00000| Untracked 
|2047|0x00000000fff00000, 0x0000000100000000, 0x0000000100000000|100%| O|  |TAMS 0x0000000100000000, 0x00000000fff00000| Untracked 

Card table byte_map: [0x000001417adf0000,0x000001417b1f0000] _byte_map_base: 0x000001417a9f0000

Marking Bits (Prev, Next): (CMBitMap*) 0x00000141675a6330, (CMBitMap*) 0x00000141675a6370
 Prev Bits: [0x000001417b5f0000, 0x000001417d5f0000)
 Next Bits: [0x000001417d5f0000, 0x000001417f5f0000)

Polling page: 0x0000014165d20000

Metaspace:

Usage:
  Non-class:     83.74 MB used.
      Class:     13.32 MB used.
       Both:     97.06 MB used.

Virtual space:
  Non-class space:      128.00 MB reserved,      84.12 MB ( 66%) committed,  2 nodes.
      Class space:        1.00 GB reserved,      13.69 MB (  1%) committed,  1 nodes.
             Both:        1.12 GB reserved,      97.81 MB (  8%) committed. 

Chunk freelists:
   Non-Class:  11.70 MB
       Class:  2.36 MB
        Both:  14.06 MB

MaxMetaspaceSize: unlimited
CompressedClassSpaceSize: 1.00 GB
Initial GC threshold: 21.00 MB
Current GC threshold: 126.06 MB
CDS: off
MetaspaceReclaimPolicy: balanced
 - commit_granule_bytes: 65536.
 - commit_granule_words: 8192.
 - virtual_space_node_default_size: 8388608.
 - enlarge_chunks_in_place: 1.
 - new_chunks_are_fully_committed: 0.
 - uncommit_free_chunks: 1.
 - use_allocation_guard: 0.
 - handle_deallocations: 1.


Internal statistics:

num_allocs_failed_limit: 6.
num_arena_births: 1026.
num_arena_deaths: 0.
num_vsnodes_births: 3.
num_vsnodes_deaths: 0.
num_space_committed: 1565.
num_space_uncommitted: 0.
num_chunks_returned_to_freelist: 6.
num_chunks_taken_from_freelist: 4758.
num_chunk_merges: 6.
num_chunk_splits: 3182.
num_chunks_enlarged: 2156.
num_inconsistent_stats: 0.

CodeHeap 'non-profiled nmethods': size=119168Kb used=5840Kb max_used=5840Kb free=113327Kb
 bounds [0x00000141725e0000, 0x0000014172ba0000, 0x0000014179a40000]
CodeHeap 'profiled nmethods': size=119104Kb used=19353Kb max_used=19353Kb free=99750Kb
 bounds [0x000001416aa40000, 0x000001416bd30000, 0x0000014171e90000]
CodeHeap 'non-nmethods': size=7488Kb used=4096Kb max_used=4159Kb free=3391Kb
 bounds [0x0000014171e90000, 0x00000141722b0000, 0x00000141725e0000]
 total_blobs=10832 nmethods=9886 adapters=854
 compilation: enabled
              stopped_count=0, restarted_count=0
 full_count=0

Compilation events (20 events):
Event: 8.384 Thread 0x000001410285c900 11421       3       org.gradle.internal.classloader.CachingClassLoader::getResource (59 bytes)
Event: 8.384 Thread 0x000001410240e620 nmethod 11419 0x000001416bd22b10 code [0x000001416bd22d40, 0x000001416bd233b8]
Event: 8.384 Thread 0x000001410285c900 nmethod 11421 0x000001416bd23610 code [0x000001416bd23800, 0x000001416bd23d08]
Event: 8.385 Thread 0x0000014107b4bbe0 nmethod 11420 0x000001416bd23e90 code [0x000001416bd24140, 0x000001416bd25498]
Event: 8.386 Thread 0x000001410285c900 11422       3       java.lang.ModuleLayer::boot (4 bytes)
Event: 8.386 Thread 0x000001410285c900 nmethod 11422 0x000001416ae48f90 code [0x000001416ae49120, 0x000001416ae49218]
Event: 8.394 Thread 0x0000014107029450 nmethod 11414 0x0000014172b8cf90 code [0x0000014172b8d200, 0x0000014172b8df20]
Event: 8.436 Thread 0x000001410240eb30 11423       3       java.lang.StackTraceElement::<init> (10 bytes)
Event: 8.436 Thread 0x000001410240eb30 nmethod 11423 0x000001416bd25990 code [0x000001416bd25b20, 0x000001416bd25c98]
Event: 8.436 Thread 0x0000014107b4bbe0 11424  s!   3       java.lang.StackTraceElement::computeFormat (71 bytes)
Event: 8.436 Thread 0x000001410285c900 11425       3       java.lang.StackTraceElement::isHashedInJavaBase (31 bytes)
Event: 8.436 Thread 0x000001410240e620 11426       3       java.lang.Module::getLayer (43 bytes)
Event: 8.436 Thread 0x000001410240e620 nmethod 11426 0x000001416bd25d90 code [0x000001416bd25f60, 0x000001416bd26328]
Event: 8.436 Thread 0x000001410285c900 nmethod 11425 0x000001416bd26410 code [0x000001416bd26600, 0x000001416bd26b18]
Event: 8.436 Thread 0x0000014107b4bbe0 nmethod 11424 0x000001416bd26c90 code [0x000001416bd26ea0, 0x000001416bd27738]
Event: 8.442 Thread 0x000001410285c000 11427   !   4       org.gradle.internal.classloader.FilteringClassLoader::loadClass (62 bytes)
Event: 8.454 Thread 0x000001410285c900 11428       3       java.lang.Class::getConstructor (31 bytes)
Event: 8.455 Thread 0x000001410285c900 nmethod 11428 0x000001416bd27a10 code [0x000001416bd27c80, 0x000001416bd285f8]
Event: 8.921 Thread 0x0000014107029450 11429       4       java.lang.invoke.LambdaForm$MH/0x000000010019a400::invoke (27 bytes)
Event: 8.921 Thread 0x0000014107029450 nmethod 11429 0x0000014172b8ec10 code [0x0000014172b8eda0, 0x0000014172b8ee98]

GC Heap History (20 events):
Event: 4.950 GC heap before
{Heap before GC invocations=24 (full 0):
 garbage-first heap   total 143360K, used 103615K [0x0000000080000000, 0x0000000100000000)
  region size 1024K, 38 young (38912K), 1 survivors (1024K)
 Metaspace       used 65877K, committed 66432K, reserved 1114112K
  class space    used 8828K, committed 9088K, reserved 1048576K
}
Event: 4.951 GC heap after
{Heap after GC invocations=25 (full 0):
 garbage-first heap   total 143360K, used 66959K [0x0000000080000000, 0x0000000100000000)
  region size 1024K, 2 young (2048K), 2 survivors (2048K)
 Metaspace       used 65877K, committed 66432K, reserved 1114112K
  class space    used 8828K, committed 9088K, reserved 1048576K
}
Event: 5.226 GC heap before
{Heap before GC invocations=25 (full 0):
 garbage-first heap   total 143360K, used 105871K [0x0000000080000000, 0x0000000100000000)
  region size 1024K, 40 young (40960K), 2 survivors (2048K)
 Metaspace       used 69724K, committed 70272K, reserved 1114112K
  class space    used 9303K, committed 9536K, reserved 1048576K
}
Event: 5.227 GC heap after
{Heap after GC invocations=26 (full 0):
 garbage-first heap   total 143360K, used 67919K [0x0000000080000000, 0x0000000100000000)
  region size 1024K, 3 young (3072K), 3 survivors (3072K)
 Metaspace       used 69724K, committed 70272K, reserved 1114112K
  class space    used 9303K, committed 9536K, reserved 1048576K
}
Event: 5.499 GC heap before
{Heap before GC invocations=27 (full 0):
 garbage-first heap   total 143360K, used 115023K [0x0000000080000000, 0x0000000100000000)
  region size 1024K, 43 young (44032K), 3 survivors (3072K)
 Metaspace       used 73856K, committed 74496K, reserved 1114112K
  class space    used 9883K, committed 10176K, reserved 1048576K
}
Event: 5.502 GC heap after
{Heap after GC invocations=28 (full 0):
 garbage-first heap   total 143360K, used 72302K [0x0000000080000000, 0x0000000100000000)
  region size 1024K, 6 young (6144K), 6 survivors (6144K)
 Metaspace       used 73856K, committed 74496K, reserved 1114112K
  class space    used 9883K, committed 10176K, reserved 1048576K
}
Event: 5.509 GC heap before
{Heap before GC invocations=28 (full 0):
 garbage-first heap   total 143360K, used 73326K [0x0000000080000000, 0x0000000100000000)
  region size 1024K, 7 young (7168K), 6 survivors (6144K)
 Metaspace       used 73937K, committed 74560K, reserved 1114112K
  class space    used 9889K, committed 10176K, reserved 1048576K
}
Event: 5.511 GC heap after
{Heap after GC invocations=29 (full 0):
 garbage-first heap   total 143360K, used 72890K [0x0000000080000000, 0x0000000100000000)
  region size 1024K, 1 young (1024K), 1 survivors (1024K)
 Metaspace       used 73937K, committed 74560K, reserved 1114112K
  class space    used 9889K, committed 10176K, reserved 1048576K
}
Event: 5.747 GC heap before
{Heap before GC invocations=29 (full 0):
 garbage-first heap   total 143360K, used 110778K [0x0000000080000000, 0x0000000100000000)
  region size 1024K, 38 young (38912K), 1 survivors (1024K)
 Metaspace       used 76659K, committed 77312K, reserved 1179648K
  class space    used 10246K, committed 10560K, reserved 1048576K
}
Event: 5.748 GC heap after
{Heap after GC invocations=30 (full 0):
 garbage-first heap   total 143360K, used 74322K [0x0000000080000000, 0x0000000100000000)
  region size 1024K, 3 young (3072K), 3 survivors (3072K)
 Metaspace       used 76659K, committed 77312K, reserved 1179648K
  class space    used 10246K, committed 10560K, reserved 1048576K
}
Event: 6.046 GC heap before
{Heap before GC invocations=31 (full 0):
 garbage-first heap   total 143360K, used 112210K [0x0000000080000000, 0x0000000100000000)
  region size 1024K, 40 young (40960K), 3 survivors (3072K)
 Metaspace       used 79387K, committed 80000K, reserved 1179648K
  class space    used 10610K, committed 10880K, reserved 1048576K
}
Event: 6.048 GC heap after
{Heap after GC invocations=32 (full 0):
 garbage-first heap   total 143360K, used 76191K [0x0000000080000000, 0x0000000100000000)
  region size 1024K, 4 young (4096K), 4 survivors (4096K)
 Metaspace       used 79387K, committed 80000K, reserved 1179648K
  class space    used 10610K, committed 10880K, reserved 1048576K
}
Event: 6.070 GC heap before
{Heap before GC invocations=32 (full 0):
 garbage-first heap   total 143360K, used 82335K [0x0000000080000000, 0x0000000100000000)
  region size 1024K, 7 young (7168K), 4 survivors (4096K)
 Metaspace       used 79564K, committed 80192K, reserved 1179648K
  class space    used 10634K, committed 10944K, reserved 1048576K
}
Event: 6.072 GC heap after
{Heap after GC invocations=33 (full 0):
 garbage-first heap   total 143360K, used 80315K [0x0000000080000000, 0x0000000100000000)
  region size 1024K, 1 young (1024K), 1 survivors (1024K)
 Metaspace       used 79564K, committed 80192K, reserved 1179648K
  class space    used 10634K, committed 10944K, reserved 1048576K
}
Event: 6.317 GC heap before
{Heap before GC invocations=33 (full 0):
 garbage-first heap   total 143360K, used 115131K [0x0000000080000000, 0x0000000100000000)
  region size 1024K, 36 young (36864K), 1 survivors (1024K)
 Metaspace       used 80804K, committed 81408K, reserved 1179648K
  class space    used 10770K, committed 11072K, reserved 1048576K
}
Event: 6.319 GC heap after
{Heap after GC invocations=34 (full 0):
 garbage-first heap   total 277504K, used 84212K [0x0000000080000000, 0x0000000100000000)
  region size 1024K, 5 young (5120K), 5 survivors (5120K)
 Metaspace       used 80804K, committed 81408K, reserved 1179648K
  class space    used 10770K, committed 11072K, reserved 1048576K
}
Event: 7.147 GC heap before
{Heap before GC invocations=34 (full 0):
 garbage-first heap   total 277504K, used 211188K [0x0000000080000000, 0x0000000100000000)
  region size 1024K, 129 young (132096K), 5 survivors (5120K)
 Metaspace       used 88513K, committed 89088K, reserved 1179648K
  class space    used 12027K, committed 12288K, reserved 1048576K
}
Event: 7.151 GC heap after
{Heap after GC invocations=35 (full 0):
 garbage-first heap   total 277504K, used 88779K [0x0000000080000000, 0x0000000100000000)
  region size 1024K, 10 young (10240K), 10 survivors (10240K)
 Metaspace       used 88513K, committed 89088K, reserved 1179648K
  class space    used 12027K, committed 12288K, reserved 1048576K
}
Event: 8.029 GC heap before
{Heap before GC invocations=35 (full 0):
 garbage-first heap   total 277504K, used 214731K [0x0000000080000000, 0x0000000100000000)
  region size 1024K, 133 young (136192K), 10 survivors (10240K)
 Metaspace       used 95114K, committed 95808K, reserved 1179648K
  class space    used 12984K, committed 13312K, reserved 1048576K
}
Event: 8.035 GC heap after
{Heap after GC invocations=36 (full 0):
 garbage-first heap   total 277504K, used 94934K [0x0000000080000000, 0x0000000100000000)
  region size 1024K, 15 young (15360K), 15 survivors (15360K)
 Metaspace       used 95114K, committed 95808K, reserved 1179648K
  class space    used 12984K, committed 13312K, reserved 1048576K
}

Dll operation events (3 events):
Event: 0.008 Loaded shared library D:\Android\android-studio\jbr\bin\java.dll
Event: 0.090 Loaded shared library D:\Android\android-studio\jbr\bin\zip.dll
Event: 0.262 Loaded shared library D:\Android\android-studio\jbr\bin\verify.dll

Deoptimization events (20 events):
Event: 8.308 Thread 0x000001410925cab0 Uncommon trap: trap_request=0xffffffc6 fr.pc=0x0000014172925198 relative=0x0000000000000078
Event: 8.308 Thread 0x000001410925cab0 Uncommon trap: reason=bimorphic_or_optimized_type_check action=maybe_recompile pc=0x0000014172925198 method=java.util.Collections$UnmodifiableCollection.size()I @ 4 c2
Event: 8.308 Thread 0x000001410925cab0 DEOPT PACKING pc=0x0000014172925198 sp=0x0000002cae8f9770
Event: 8.308 Thread 0x000001410925cab0 DEOPT UNPACKING pc=0x0000014171ee69a3 sp=0x0000002cae8f9700 mode 2
Event: 8.308 Thread 0x000001410925cab0 Uncommon trap: trap_request=0xffffffc6 fr.pc=0x0000014172925198 relative=0x0000000000000078
Event: 8.308 Thread 0x000001410925cab0 Uncommon trap: reason=bimorphic_or_optimized_type_check action=maybe_recompile pc=0x0000014172925198 method=java.util.Collections$UnmodifiableCollection.size()I @ 4 c2
Event: 8.308 Thread 0x000001410925cab0 DEOPT PACKING pc=0x0000014172925198 sp=0x0000002cae8f9770
Event: 8.308 Thread 0x000001410925cab0 DEOPT UNPACKING pc=0x0000014171ee69a3 sp=0x0000002cae8f9700 mode 2
Event: 8.308 Thread 0x000001410925cab0 Uncommon trap: trap_request=0xffffffc6 fr.pc=0x0000014172925198 relative=0x0000000000000078
Event: 8.308 Thread 0x000001410925cab0 Uncommon trap: reason=bimorphic_or_optimized_type_check action=maybe_recompile pc=0x0000014172925198 method=java.util.Collections$UnmodifiableCollection.size()I @ 4 c2
Event: 8.308 Thread 0x000001410925cab0 DEOPT PACKING pc=0x0000014172925198 sp=0x0000002cae8f9770
Event: 8.308 Thread 0x000001410925cab0 DEOPT UNPACKING pc=0x0000014171ee69a3 sp=0x0000002cae8f9700 mode 2
Event: 8.316 Thread 0x000001410925cab0 Uncommon trap: trap_request=0xffffffc6 fr.pc=0x0000014172b10c68 relative=0x0000000000000ba8
Event: 8.316 Thread 0x000001410925cab0 Uncommon trap: reason=bimorphic_or_optimized_type_check action=maybe_recompile pc=0x0000014172b10c68 method=com.google.common.collect.ImmutableCollection$Builder.addAll(Ljava/lang/Iterable;)Lcom/google/common/collect/ImmutableCollection$Builder; @ 1 c2
Event: 8.316 Thread 0x000001410925cab0 DEOPT PACKING pc=0x0000014172b10c68 sp=0x0000002cae8f98d0
Event: 8.316 Thread 0x000001410925cab0 DEOPT UNPACKING pc=0x0000014171ee69a3 sp=0x0000002cae8f98d0 mode 2
Event: 8.316 Thread 0x000001410925cab0 Uncommon trap: trap_request=0xffffffc6 fr.pc=0x0000014172b10c68 relative=0x0000000000000ba8
Event: 8.316 Thread 0x000001410925cab0 Uncommon trap: reason=bimorphic_or_optimized_type_check action=maybe_recompile pc=0x0000014172b10c68 method=com.google.common.collect.ImmutableCollection$Builder.addAll(Ljava/lang/Iterable;)Lcom/google/common/collect/ImmutableCollection$Builder; @ 1 c2
Event: 8.316 Thread 0x000001410925cab0 DEOPT PACKING pc=0x0000014172b10c68 sp=0x0000002cae8f96e0
Event: 8.316 Thread 0x000001410925cab0 DEOPT UNPACKING pc=0x0000014171ee69a3 sp=0x0000002cae8f96e0 mode 2

Classes unloaded (0 events):
No events

Classes redefined (0 events):
No events

Internal exceptions (20 events):
Event: 7.818 Thread 0x000001410925cab0 Exception <a 'java/lang/NoSuchMethodError'{0x000000008a595d00}: 'java.lang.Object java.lang.invoke.DirectMethodHandle$Holder.invokeSpecial(java.lang.Object, java.lang.Object, java.lang.Object, java.lang.Object, long)'> (0x000000008a595d00) 
thrown [s\src\hotspot\share\interpreter\linkResolver.cpp, line 771]
Event: 7.818 Thread 0x000001410925cab0 Exception <a 'java/lang/NoSuchMethodError'{0x000000008a59a5d0}: 'java.lang.Object java.lang.invoke.Invokers$Holder.linkToTargetMethod(java.lang.Object, java.lang.Object, long, java.lang.Object)'> (0x000000008a59a5d0) 
thrown [s\src\hotspot\share\interpreter\linkResolver.cpp, line 771]
Event: 7.828 Thread 0x000001410925cab0 Exception <a 'sun/nio/fs/WindowsException'{0x000000008a48ef08}> (0x000000008a48ef08) 
thrown [s\src\hotspot\share\prims\jni.cpp, line 517]
Event: 7.833 Thread 0x000001410925cab0 Exception <a 'java/lang/NoSuchMethodError'{0x000000008a35c540}: 'java.lang.Object java.lang.invoke.DirectMethodHandle$Holder.invokeSpecial(java.lang.Object, java.lang.Object, long, java.lang.Object, int, int, int, java.lang.Object, java.lang.Object, java.lang.Object)'> (0x000000008a35c540) 
thrown [s\src\hotspot\share\interpreter\linkResolver.cpp, line 771]
Event: 7.834 Thread 0x000001410925cab0 Exception <a 'java/lang/NoSuchMethodError'{0x000000008a361498}: 'java.lang.Object java.lang.invoke.DelegatingMethodHandle$Holder.reinvoke_L(java.lang.Object, long, java.lang.Object, int, int, int, java.lang.Object, java.lang.Object, java.lang.Object)'> (0x000000008a361498) 
thrown [s\src\hotspot\share\interpreter\linkResolver.cpp, line 771]
Event: 7.883 Thread 0x000001410925cab0 Exception <a 'sun/nio/fs/WindowsException'{0x0000000089c13a08}> (0x0000000089c13a08) 
thrown [s\src\hotspot\share\prims\jni.cpp, line 517]
Event: 7.929 Thread 0x000001410925cab0 Exception <a 'java/lang/ClassNotFoundException'{0x0000000089685cd8}: com/android/build/gradle/internal/api/LibraryVariantOutputImpl_DecoratedBeanInfo> (0x0000000089685cd8) 
thrown [s\src\hotspot\share\classfile\systemDictionary.cpp, line 256]
Event: 7.929 Thread 0x000001410925cab0 Exception <a 'java/lang/ClassNotFoundException'{0x00000000896949a0}: com/android/build/gradle/internal/api/LibraryVariantOutputImplBeanInfo> (0x00000000896949a0) 
thrown [s\src\hotspot\share\classfile\systemDictionary.cpp, line 256]
Event: 7.930 Thread 0x000001410925cab0 Exception <a 'java/lang/ClassNotFoundException'{0x00000000896a3940}: com/android/build/gradle/internal/api/LibraryVariantOutputImplCustomizer> (0x00000000896a3940) 
thrown [s\src\hotspot\share\classfile\systemDictionary.cpp, line 256]
Event: 7.930 Thread 0x000001410925cab0 Exception <a 'java/lang/ClassNotFoundException'{0x00000000896bb938}: com/android/build/gradle/internal/api/LibraryVariantOutputImpl_DecoratedCustomizer> (0x00000000896bb938) 
thrown [s\src\hotspot\share\classfile\systemDictionary.cpp, line 256]
Event: 8.063 Thread 0x000001410925cab0 Implicit null exception at 0x000001417289c379 to 0x000001417289cd98
Event: 8.063 Thread 0x000001410925cab0 Implicit null exception at 0x0000014172aa40b6 to 0x0000014172aa4500
Event: 8.064 Thread 0x000001410925cab0 Implicit null exception at 0x00000141729b1ca6 to 0x00000141729b24ac
Event: 8.064 Thread 0x000001410925cab0 Implicit null exception at 0x0000014172b17d04 to 0x0000014172b17e70
Event: 8.064 Thread 0x000001410925cab0 Implicit null exception at 0x00000141727e5fdb to 0x00000141727e6064
Event: 8.065 Thread 0x000001410925cab0 Implicit null exception at 0x00000141729d51b3 to 0x00000141729d5224
Event: 8.193 Thread 0x000001410925cab0 Exception <a 'java/lang/NoSuchMethodError'{0x000000008fc899c0}: 'java.lang.Object java.lang.invoke.DirectMethodHandle$Holder.newInvokeSpecial(java.lang.Object, java.lang.Object, java.lang.Object, java.lang.Object, java.lang.Object, java.lang.Object, int)'> (0x000000008fc899c0) 
thrown [s\src\hotspot\share\interpreter\linkResolver.cpp, line 771]
Event: 8.194 Thread 0x000001410925cab0 Exception <a 'java/lang/NoSuchMethodError'{0x000000008fc8f1b0}: 'java.lang.Object java.lang.invoke.DirectMethodHandle$Holder.invokeSpecial(java.lang.Object, java.lang.Object, java.lang.Object, java.lang.Object, java.lang.Object, java.lang.Object, java.lang.Object, int)'> (0x000000008fc8f1b0) 
thrown [s\src\hotspot\share\interpreter\linkResolver.cpp, line 771]
Event: 8.194 Thread 0x000001410925cab0 Exception <a 'java/lang/NoSuchMethodError'{0x000000008fc94588}: 'java.lang.Object java.lang.invoke.Invokers$Holder.linkToTargetMethod(java.lang.Object, java.lang.Object, java.lang.Object, java.lang.Object, java.lang.Object, int, java.lang.Object)'> (0x000000008fc94588) 
thrown [s\src\hotspot\share\interpreter\linkResolver.cpp, line 771]
Event: 8.426 Thread 0x000001410925cab0 Exception <a 'java/lang/NullPointerException'{0x000000008dba1528}> (0x000000008dba1528) 
thrown [s\src\hotspot\share\interpreter\linkResolver.cpp, line 1447]

VM Operations (20 events):
Event: 7.662 Executing VM operation: HandshakeAllThreads
Event: 7.662 Executing VM operation: HandshakeAllThreads done
Event: 7.680 Executing VM operation: HandshakeAllThreads
Event: 7.680 Executing VM operation: HandshakeAllThreads done
Event: 7.780 Executing VM operation: HandshakeAllThreads
Event: 7.780 Executing VM operation: HandshakeAllThreads done
Event: 7.840 Executing VM operation: HandshakeAllThreads
Event: 7.840 Executing VM operation: HandshakeAllThreads done
Event: 7.900 Executing VM operation: ICBufferFull
Event: 7.900 Executing VM operation: ICBufferFull done
Event: 8.029 Executing VM operation: G1CollectForAllocation
Event: 8.035 Executing VM operation: G1CollectForAllocation done
Event: 8.112 Executing VM operation: HandshakeAllThreads
Event: 8.112 Executing VM operation: HandshakeAllThreads done
Event: 8.187 Executing VM operation: ICBufferFull
Event: 8.187 Executing VM operation: ICBufferFull done
Event: 8.314 Executing VM operation: ICBufferFull
Event: 8.314 Executing VM operation: ICBufferFull done
Event: 9.327 Executing VM operation: Cleanup
Event: 9.328 Executing VM operation: Cleanup done

Events (20 events):
Event: 8.437 loading class javax/xml/datatype/DatatypeConstants$Field
Event: 8.437 loading class javax/xml/datatype/DatatypeConstants$Field done
Event: 8.440 loading class java/awt/image/RenderedImage
Event: 8.440 loading class java/awt/image/RenderedImage done
Event: 8.442 loading class java/awt/image/BufferedImage
Event: 8.442 loading class java/awt/image/WritableRenderedImage
Event: 8.442 loading class java/awt/image/WritableRenderedImage done
Event: 8.442 loading class java/awt/image/BufferedImage done
Event: 8.443 loading class java/awt/Graphics2D
Event: 8.443 loading class java/awt/Graphics2D done
Event: 8.445 loading class java/awt/datatransfer/Transferable
Event: 8.445 loading class java/awt/datatransfer/Transferable done
Event: 8.447 loading class javax/xml/transform/Result
Event: 8.447 loading class javax/xml/transform/Result done
Event: 8.447 loading class javax/xml/datatype/XMLGregorianCalendar
Event: 8.447 loading class javax/xml/datatype/XMLGregorianCalendar done
Event: 8.450 loading class javax/xml/namespace/NamespaceContext
Event: 8.450 loading class javax/xml/namespace/NamespaceContext done
Event: 8.450 loading class javax/xml/datatype/Duration
Event: 8.450 loading class javax/xml/datatype/Duration done


Dynamic libraries:
0x00007ff6106d0000 - 0x00007ff6106da000 	D:\Android\android-studio\jbr\bin\java.exe
0x00007ffc8bd20000 - 0x00007ffc8bf4b000 	C:\WINDOWS\SYSTEM32\ntdll.dll
0x00007ffc8a6a0000 - 0x00007ffc8a766000 	C:\WINDOWS\System32\KERNEL32.DLL
0x00007ffc897f0000 - 0x00007ffc89b4e000 	C:\WINDOWS\System32\KERNELBASE.dll
0x00007ffc86510000 - 0x00007ffc865ad000 	C:\WINDOWS\SYSTEM32\apphelp.dll
0x00007ffc892f0000 - 0x00007ffc89423000 	C:\WINDOWS\System32\ucrtbase.dll
0x00007ffc6be50000 - 0x00007ffc6be67000 	D:\Android\android-studio\jbr\bin\jli.dll
0x00007ffc89ff0000 - 0x00007ffc8a1a1000 	C:\WINDOWS\System32\USER32.dll
0x00007ffc868d0000 - 0x00007ffc868eb000 	D:\Android\android-studio\jbr\bin\VCRUNTIME140.dll
0x00007ffc89150000 - 0x00007ffc89177000 	C:\WINDOWS\System32\win32u.dll
0x00007ffc78e90000 - 0x00007ffc79121000 	C:\WINDOWS\WinSxS\amd64_microsoft.windows.common-controls_6595b64144ccf1df_6.0.25905.1000_none_87b90b8fab340372\COMCTL32.dll
0x00007ffc8b9e0000 - 0x00007ffc8ba09000 	C:\WINDOWS\System32\GDI32.dll
0x00007ffc8bbb0000 - 0x00007ffc8bc57000 	C:\WINDOWS\System32\msvcrt.dll
0x00007ffc89640000 - 0x00007ffc8975f000 	C:\WINDOWS\System32\gdi32full.dll
0x00007ffc89180000 - 0x00007ffc89225000 	C:\WINDOWS\System32\msvcp_win.dll
0x00007ffc8b580000 - 0x00007ffc8b5b0000 	C:\WINDOWS\System32\IMM32.DLL
0x00007ffc86890000 - 0x00007ffc8689c000 	D:\Android\android-studio\jbr\bin\vcruntime140_1.dll
0x00007ffc65ea0000 - 0x00007ffc65f2d000 	D:\Android\android-studio\jbr\bin\msvcp140.dll
0x00007ffbd85f0000 - 0x00007ffbd925e000 	D:\Android\android-studio\jbr\bin\server\jvm.dll
0x00007ffc8b8f0000 - 0x00007ffc8b9a0000 	C:\WINDOWS\System32\ADVAPI32.dll
0x00007ffc8b6f0000 - 0x00007ffc8b790000 	C:\WINDOWS\System32\sechost.dll
0x00007ffc8b5c0000 - 0x00007ffc8b6e5000 	C:\WINDOWS\System32\RPCRT4.dll
0x00007ffc83d40000 - 0x00007ffc83d74000 	C:\WINDOWS\SYSTEM32\WINMM.dll
0x00007ffc797a0000 - 0x00007ffc797a9000 	C:\WINDOWS\SYSTEM32\WSOCK32.dll
0x00007ffc83d80000 - 0x00007ffc83d8a000 	C:\WINDOWS\SYSTEM32\VERSION.dll
0x00007ffc8a8e0000 - 0x00007ffc8a953000 	C:\WINDOWS\System32\WS2_32.dll
0x00007ffc88030000 - 0x00007ffc88048000 	C:\WINDOWS\SYSTEM32\kernel.appcore.dll
0x00007ffc79790000 - 0x00007ffc7979a000 	D:\Android\android-studio\jbr\bin\jimage.dll
0x00007ffc7d320000 - 0x00007ffc7d555000 	C:\WINDOWS\SYSTEM32\DBGHELP.DLL
0x00007ffc8a290000 - 0x00007ffc8a60b000 	C:\WINDOWS\System32\combase.dll
0x00007ffc8a1b0000 - 0x00007ffc8a285000 	C:\WINDOWS\System32\OLEAUT32.dll
0x00007ffc774f0000 - 0x00007ffc77528000 	C:\WINDOWS\SYSTEM32\dbgcore.DLL
0x00007ffc89430000 - 0x00007ffc894b1000 	C:\WINDOWS\System32\bcryptPrimitives.dll
0x00007ffc73530000 - 0x00007ffc7353e000 	D:\Android\android-studio\jbr\bin\instrument.dll
0x00007ffc6c060000 - 0x00007ffc6c085000 	D:\Android\android-studio\jbr\bin\java.dll
0x00007ffc6c3d0000 - 0x00007ffc6c3e8000 	D:\Android\android-studio\jbr\bin\zip.dll
0x00007ffc8a960000 - 0x00007ffc8b0d3000 	C:\WINDOWS\System32\SHELL32.dll
0x00007ffc86fc0000 - 0x00007ffc87812000 	C:\WINDOWS\SYSTEM32\windows.storage.dll
0x00007ffc8b440000 - 0x00007ffc8b513000 	C:\WINDOWS\System32\SHCORE.dll
0x00007ffc8a820000 - 0x00007ffc8a87c000 	C:\WINDOWS\System32\shlwapi.dll
0x00007ffc89080000 - 0x00007ffc890a3000 	C:\WINDOWS\SYSTEM32\profapi.dll
0x00007ffc6c190000 - 0x00007ffc6c1a9000 	D:\Android\android-studio\jbr\bin\net.dll
0x00007ffc7fba0000 - 0x00007ffc7fcbb000 	C:\WINDOWS\SYSTEM32\WINHTTP.dll
0x00007ffc884a0000 - 0x00007ffc88508000 	C:\WINDOWS\system32\mswsock.dll
0x00007ffc6c040000 - 0x00007ffc6c056000 	D:\Android\android-studio\jbr\bin\nio.dll
0x00007ffc78ba0000 - 0x00007ffc78bb0000 	D:\Android\android-studio\jbr\bin\verify.dll
0x00007ffc6fb60000 - 0x00007ffc6fb87000 	C:\Users\Cjiio\.gradle\native\68d5fa5c4cc2d200863cafc0d521ce42e7d3e7ee720ec0a83991735586a16f82\windows-amd64\native-platform.dll
0x00007ffc63f00000 - 0x00007ffc64044000 	C:\Users\Cjiio\.gradle\native\e376f236ea51e6404a007f0833ffe2c6e607c4080706a723a18a27aeea778392\windows-amd64\native-platform-file-events.dll
0x00007ffc73620000 - 0x00007ffc73629000 	D:\Android\android-studio\jbr\bin\management.dll
0x00007ffc735c0000 - 0x00007ffc735cb000 	D:\Android\android-studio\jbr\bin\management_ext.dll
0x00007ffc8ba30000 - 0x00007ffc8ba38000 	C:\WINDOWS\System32\PSAPI.DLL
0x00007ffc88860000 - 0x00007ffc8887b000 	C:\WINDOWS\SYSTEM32\CRYPTSP.dll
0x00007ffc87f90000 - 0x00007ffc87fc7000 	C:\WINDOWS\system32\rsaenh.dll
0x00007ffc88560000 - 0x00007ffc8858a000 	C:\WINDOWS\SYSTEM32\USERENV.dll
0x00007ffc889f0000 - 0x00007ffc88a18000 	C:\WINDOWS\SYSTEM32\bcrypt.dll
0x00007ffc88840000 - 0x00007ffc8884c000 	C:\WINDOWS\SYSTEM32\CRYPTBASE.dll
0x00007ffc87a60000 - 0x00007ffc87a8f000 	C:\WINDOWS\SYSTEM32\IPHLPAPI.DLL
0x00007ffc8b570000 - 0x00007ffc8b57a000 	C:\WINDOWS\System32\NSI.dll
0x00007ffc7e3b0000 - 0x00007ffc7e3c9000 	C:\WINDOWS\SYSTEM32\dhcpcsvc6.DLL
0x00007ffc7e320000 - 0x00007ffc7e33f000 	C:\WINDOWS\SYSTEM32\dhcpcsvc.DLL
0x00007ffc87aa0000 - 0x00007ffc87baf000 	C:\WINDOWS\SYSTEM32\DNSAPI.dll
0x00007ffc79740000 - 0x00007ffc79748000 	C:\WINDOWS\system32\wshunix.dll
0x00007ffc74310000 - 0x00007ffc74327000 	C:\WINDOWS\system32\napinsp.dll
0x00007ffc742f0000 - 0x00007ffc7430d000 	C:\WINDOWS\system32\pnrpnsp.dll
0x00007ffc74000000 - 0x00007ffc74021000 	C:\WINDOWS\system32\nlansp_c.dll
0x00007ffc7ea60000 - 0x00007ffc7ea75000 	C:\WINDOWS\system32\wshbth.dll
0x00007ffc73fe0000 - 0x00007ffc73ff2000 	C:\WINDOWS\System32\winrnr.dll
0x00007ffc7e3a0000 - 0x00007ffc7e3aa000 	C:\Windows\System32\rasadhlp.dll
0x00007ffc7de00000 - 0x00007ffc7de82000 	C:\WINDOWS\System32\fwpuclnt.dll

dbghelp: loaded successfully - version: 4.0.5 - missing functions: none
symbol engine: initialized successfully - sym options: 0x614 - pdb path: .;D:\Android\android-studio\jbr\bin;C:\WINDOWS\SYSTEM32;C:\WINDOWS\WinSxS\amd64_microsoft.windows.common-controls_6595b64144ccf1df_6.0.25905.1000_none_87b90b8fab340372;D:\Android\android-studio\jbr\bin\server;C:\Users\Cjiio\.gradle\native\68d5fa5c4cc2d200863cafc0d521ce42e7d3e7ee720ec0a83991735586a16f82\windows-amd64;C:\Users\Cjiio\.gradle\native\e376f236ea51e6404a007f0833ffe2c6e607c4080706a723a18a27aeea778392\windows-amd64

VM Arguments:
jvm_args: --add-opens=java.base/java.util=ALL-UNNAMED --add-opens=java.base/java.lang=ALL-UNNAMED --add-opens=java.base/java.lang.invoke=ALL-UNNAMED --add-opens=java.prefs/java.util.prefs=ALL-UNNAMED --add-opens=java.base/java.nio.charset=ALL-UNNAMED --add-opens=java.base/java.net=ALL-UNNAMED --add-opens=java.base/java.util.concurrent.atomic=ALL-UNNAMED -Xmx2048m -Dfile.encoding=UTF-8 -Duser.country=CN -Duser.language=zh -Duser.variant -javaagent:C:\Users\Cjiio\.gradle\wrapper\dists\gradle-8.1-bin\2eyty4r6kz6fpakefpk52nbbm\gradle-8.1\lib\agents\gradle-instrumentation-agent-8.1.jar 
java_command: org.gradle.launcher.daemon.bootstrap.GradleDaemon 8.1
java_class_path (initial): C:\Users\Cjiio\.gradle\wrapper\dists\gradle-8.1-bin\2eyty4r6kz6fpakefpk52nbbm\gradle-8.1\lib\gradle-launcher-8.1.jar
Launcher Type: SUN_STANDARD

[Global flags]
     intx CICompilerCount                          = 12                                        {product} {ergonomic}
     uint ConcGCThreads                            = 3                                         {product} {ergonomic}
     uint G1ConcRefinementThreads                  = 13                                        {product} {ergonomic}
   size_t G1HeapRegionSize                         = 1048576                                   {product} {ergonomic}
    uintx GCDrainStackTargetSize                   = 64                                        {product} {ergonomic}
   size_t InitialHeapSize                          = 260046848                                 {product} {ergonomic}
   size_t MarkStackSize                            = 4194304                                   {product} {ergonomic}
   size_t MaxHeapSize                              = 2147483648                                {product} {command line}
   size_t MaxNewSize                               = 1287651328                                {product} {ergonomic}
   size_t MinHeapDeltaBytes                        = 1048576                                   {product} {ergonomic}
   size_t MinHeapSize                              = 8388608                                   {product} {ergonomic}
    uintx NonNMethodCodeHeapSize                   = 7602480                                {pd product} {ergonomic}
    uintx NonProfiledCodeHeapSize                  = 122027880                              {pd product} {ergonomic}
    uintx ProfiledCodeHeapSize                     = 122027880                              {pd product} {ergonomic}
    uintx ReservedCodeCacheSize                    = 251658240                              {pd product} {ergonomic}
     bool SegmentedCodeCache                       = true                                      {product} {ergonomic}
   size_t SoftMaxHeapSize                          = 2147483648                             {manageable} {ergonomic}
     bool UseCompressedClassPointers               = true                           {product lp64_product} {ergonomic}
     bool UseCompressedOops                        = true                           {product lp64_product} {ergonomic}
     bool UseG1GC                                  = true                                      {product} {ergonomic}
     bool UseLargePagesIndividualAllocation        = false                                  {pd product} {ergonomic}

Logging:
Log output configuration:
 #0: stdout all=warning uptime,level,tags
 #1: stderr all=off uptime,level,tags

Environment Variables:
PATH=C:\Program Files\Common Files\Oracle\Java\javapath;C:\Program Files\Microsoft\jdk-11.0.16.101-hotspot\bin;D:\VMware Workstation\bin\;C:\Program Files (x86)\Common Files\Intel\Shared Libraries\redist\intel64\compiler;C:\Windows\System32;C:\Windows;C:\Windows\System32\wbem;C:\Windows\System32\WindowsPowerShell\v1.0\;C:\Windows\System32\OpenSSH\;C:\Program Files\Git\cmd;D:\Android\Sdk\platform-tools;D:\Android\Sdk\tools;C:\Program Files (x86)\GnuPG\bin;D:\nodejs\;C:\WINDOWS\system32;C:\WINDOWS;C:\WINDOWS\System32\Wbem;C:\WINDOWS\System32\WindowsPowerShell\v1.0\;C:\WINDOWS\System32\OpenSSH\;C:\Program Files\dotnet\;D:\Android\Android Studio\plugins\Kotlin\kotlinc\bin;C:\Program Files\WireGuard\;C:\Program Files\Netbird;C:\Users\Cjiio\AppData\Local\Programs\Python\Python311\Scripts\;C:\Users\Cjiio\AppData\Local\Programs\Python\Python311\;C:\Users\Cjiio\AppData\Local\Microsoft\WindowsApps;C:\Program Files\Bandizip\;D:\Microsoft VS Code\bin;d:\JetBrains\IntelliJ IDEA 2023.1.1\bin;C:\Users\Cjiio\AppData\Roaming\npm;C:\Users\Cjiio\.dotnet\tools;C:\Users\Cjiio\AppData\Local\Appwrite;C:\Users\Cjiio\AppData\Local\Microsoft\WindowsApps
USERNAME=Cjiio
OS=Windows_NT
PROCESSOR_IDENTIFIER=AMD64 Family 25 Model 80 Stepping 0, AuthenticAMD
TMP=C:\Users\Cjiio\AppData\Local\Temp
TEMP=C:\Users\Cjiio\AppData\Local\Temp


JNI global refs:
JNI global refs: 37, weak refs: 0

JNI global refs memory usage: 843, weak refs: 841


---------------  S Y S T E M  ---------------

OS:
 Windows 11 , 64 bit Build 25905 (10.0.25905.1000)
OS uptime: 0 days 6:18 hours
Hyper-V role detected

CPU: total 16 (initial active 16) (16 cores per cpu, 2 threads per core) family 25 model 80 stepping 0 microcode 0xa50000c, cx8, cmov, fxsr, ht, mmx, 3dnowpref, sse, sse2, sse3, ssse3, sse4a, sse4.1, sse4.2, popcnt, lzcnt, tsc, tscinvbit, avx, avx2, aes, erms, clmul, bmi1, bmi2, adx, sha, fma, vzeroupper, clflush, clflushopt, hv

Memory: 4k page, system-wide physical 15762M (3263M free)
TotalPageFile size 15763M (AvailPageFile size 13M)
current process WorkingSet (physical memory assigned to process): 544M, peak: 548M
current process commit charge ("private bytes"): 603M, peak: 609M

vm_info: OpenJDK 64-Bit Server VM (17.0.7+0-b2043.56-10353782) for windows-amd64 JRE (17.0.7+0-b2043.56-10353782), built on Jun 21 2023 02:03:15 by "androidbuild" with MS VC++ 16.10 / 16.11 (VS2019)

END.
