#
# There is insufficient memory for the Java Runtime Environment to continue.
# Native memory allocation (mmap) failed to map 46137344 bytes for G1 virtual space
# Possible reasons:
#   The system is out of physical RAM or swap space
#   The process is running with CompressedOops enabled, and the Java Heap may be blocking the growth of the native heap
# Possible solutions:
#   Reduce memory load on the system
#   Increase physical memory or swap space
#   Check if swap backing store is full
#   Decrease Java heap size (-Xmx/-Xms)
#   Decrease number of Java threads
#   Decrease Java thread stack sizes (-Xss)
#   Set larger code cache with -XX:ReservedCodeCacheSize=
#   JVM is running with Unscaled Compressed Oops mode in which the Java heap is
#     placed in the first 4GB address space. The Java Heap base address is the
#     maximum limit for the native heap growth. Please use -XX:HeapBaseMinAddress
#     to set the Java Heap base and to place the Java Heap above 4GB virtual address.
# This output file may be truncated or incomplete.
#
#  Out of Memory Error (os_windows.cpp:3771), pid=12328, tid=448
#
# JRE version: OpenJDK Runtime Environment (17.0.7) (build 17.0.7+0-b2043.56-10353782)
# Java VM: OpenJDK 64-Bit Server VM (17.0.7+0-b2043.56-10353782, mixed mode, tiered, compressed oops, compressed class ptrs, g1 gc, windows-amd64)
# No core dump will be written. Minidumps are not enabled by default on client versions of Windows
#

---------------  S U M M A R Y ------------

Command Line: --add-opens=java.base/java.util=ALL-UNNAMED --add-opens=java.base/java.lang=ALL-UNNAMED --add-opens=java.base/java.lang.invoke=ALL-UNNAMED --add-opens=java.prefs/java.util.prefs=ALL-UNNAMED --add-opens=java.base/java.nio.charset=ALL-UNNAMED --add-opens=java.base/java.net=ALL-UNNAMED --add-opens=java.base/java.util.concurrent.atomic=ALL-UNNAMED -Xmx2048m -Dfile.encoding=UTF-8 -Duser.country=CN -Duser.language=zh -Duser.variant -javaagent:C:\Users\Cjiio\.gradle\wrapper\dists\gradle-8.1-bin\2eyty4r6kz6fpakefpk52nbbm\gradle-8.1\lib\agents\gradle-instrumentation-agent-8.1.jar org.gradle.launcher.daemon.bootstrap.GradleDaemon 8.1

Host: AMD Ryzen 7 5700G with Radeon Graphics         , 16 cores, 15G,  Windows 11 , 64 bit Build 25905 (10.0.25905.1000)
Time: Thu Jul 13 20:21:27 2023  Windows 11 , 64 bit Build 25905 (10.0.25905.1000) elapsed time: 13.086724 seconds (0d 0h 0m 13s)

---------------  T H R E A D  ---------------

Current thread (0x000001cb96bdebd0):  VMThread "VM Thread" [stack: 0x0000004a5db00000,0x0000004a5dc00000] [id=448]

Stack: [0x0000004a5db00000,0x0000004a5dc00000]
Native frames: (J=compiled Java code, j=interpreted, Vv=VM code, C=native code)
V  [jvm.dll+0x683cca]
V  [jvm.dll+0x8424b4]
V  [jvm.dll+0x843cae]
V  [jvm.dll+0x844313]
V  [jvm.dll+0x24ad2f]
V  [jvm.dll+0x680b99]
V  [jvm.dll+0x67526a]
V  [jvm.dll+0x30b3cb]
V  [jvm.dll+0x312876]
V  [jvm.dll+0x36221e]
V  [jvm.dll+0x36244f]
V  [jvm.dll+0x2e14a8]
V  [jvm.dll+0x2df684]
V  [jvm.dll+0x2dec8c]
V  [jvm.dll+0x32382b]
V  [jvm.dll+0x8489db]
V  [jvm.dll+0x849714]
V  [jvm.dll+0x849c2d]
V  [jvm.dll+0x84a004]
V  [jvm.dll+0x84a0d0]
V  [jvm.dll+0x7f2b9a]
V  [jvm.dll+0x682b05]
C  [ucrtbase.dll+0x609e1]
C  [KERNEL32.DLL+0x124d8]
C  [ntdll.dll+0x4091]

VM_Operation (0x0000004a651fba00): G1CollectForAllocation, mode: safepoint, requested by thread 0x000001cba92207b0


---------------  P R O C E S S  ---------------

Threads class SMR info:
_java_thread_list=0x000001cba7346cb0, length=113, elements={
0x000001cbfc187f50, 0x000001cb96c5c030, 0x000001cb96c5cbe0, 0x000001cb96c77220,
0x000001cb96c77dd0, 0x000001cb96c97e90, 0x000001cb96c992c0, 0x000001cb96c9b730,
0x000001cb96c9cd40, 0x000001cb96cbfb80, 0x000001cb96e0ace0, 0x000001cb96e6d810,
0x000001cb96e6dd20, 0x000001cb96fddea0, 0x000001cb9b099920, 0x000001cb9b4c1610,
0x000001cb9b232970, 0x000001cb9e5f3010, 0x000001cb9b1f2d10, 0x000001cb9ce983c0,
0x000001cb9d751b10, 0x000001cb9db002e0, 0x000001cb9e25b390, 0x000001cb9d6c25f0,
0x000001cb9c5cb500, 0x000001cb9b795d00, 0x000001cb9b795360, 0x000001cb9b795830,
0x000001cb9b7961d0, 0x000001cb9b7966a0, 0x000001cb9d00ca80, 0x000001cb9b794e90,
0x000001cb9b796b70, 0x000001cb9b7949c0, 0x000001cb9e220570, 0x000001cb9e21c210,
0x000001cb9e21da20, 0x000001cb9e21aed0, 0x000001cb9e220f10, 0x000001cb9e21a530,
0x000001cb9e21b3a0, 0x000001cb9e21c6e0, 0x000001cb9e21e3c0, 0x000001cb9e21fbd0,
0x000001cb9e21d080, 0x000001cb9e21cbb0, 0x000001cb9e220a40, 0x000001cb9e21ed60,
0x000001cb9e21f230, 0x000001cb9e2218b0, 0x000001cba0623030, 0x000001cba06221c0,
0x000001cba0624d10, 0x000001cba06239d0, 0x000001cba0623500, 0x000001cba06251e0,
0x000001cba0625b80, 0x000001cba0624840, 0x000001cba0622690, 0x000001cba06256b0,
0x000001cba0622b60, 0x000001cba0623ea0, 0x000001cba0624370, 0x000001cba0288650,
0x000001cba0281c70, 0x000001cba0288b20, 0x000001cba0285630, 0x000001cba0283480,
0x000001cba0286970, 0x000001cba0287cb0, 0x000001cba0288180, 0x000001cba0282ae0,
0x000001cba0283950, 0x000001cba0287310, 0x000001cba0285160, 0x000001cb9e31c6f0,
0x000001cb9e31cc00, 0x000001cb9e318010, 0x000001cb9e318520, 0x000001cb9e6be8d0,
0x000001cb9e6c2290, 0x000001cb9e6c05b0, 0x000001cb9e6c0f50, 0x000001cb9e6beda0,
0x000001cb9e6c2760, 0x000001cb9e6c6120, 0x000001cb9e6c0a80, 0x000001cb9e6c4440,
0x000001cb9e6c4910, 0x000001cb9e6c1dc0, 0x000001cb9e6c5c50, 0x000001cb9e6bf270,
0x000001cb9e6c2c30, 0x000001cb9e6c3100, 0x000001cb9e6c4de0, 0x000001cb9e6c52b0,
0x000001cb9e6c5780, 0x000001cb9e6bf740, 0x000001cb9e6c18f0, 0x000001cba9226320,
0x000001cba92237d0, 0x000001cba92267f0, 0x000001cba9224640, 0x000001cba92207b0,
0x000001cba9226cc0, 0x000001cba9221620, 0x000001cba9221fc0, 0x000001cba9227190,
0x000001cba9227660, 0x000001cba92254b0, 0x000001cba921fe10, 0x000001cba92202e0,
0x000001cba9220c80
}

Java Threads: ( => current thread )
  0x000001cbfc187f50 JavaThread "main" [_thread_blocked, id=13132, stack(0x0000004a5d500000,0x0000004a5d600000)]
  0x000001cb96c5c030 JavaThread "Reference Handler" daemon [_thread_blocked, id=20784, stack(0x0000004a5dc00000,0x0000004a5dd00000)]
  0x000001cb96c5cbe0 JavaThread "Finalizer" daemon [_thread_blocked, id=21236, stack(0x0000004a5dd00000,0x0000004a5de00000)]
  0x000001cb96c77220 JavaThread "Signal Dispatcher" daemon [_thread_blocked, id=22080, stack(0x0000004a5de00000,0x0000004a5df00000)]
  0x000001cb96c77dd0 JavaThread "Attach Listener" daemon [_thread_blocked, id=7744, stack(0x0000004a5df00000,0x0000004a5e000000)]
  0x000001cb96c97e90 JavaThread "Service Thread" daemon [_thread_blocked, id=20776, stack(0x0000004a5e000000,0x0000004a5e100000)]
  0x000001cb96c992c0 JavaThread "Monitor Deflation Thread" daemon [_thread_blocked, id=15392, stack(0x0000004a5e100000,0x0000004a5e200000)]
  0x000001cb96c9b730 JavaThread "C2 CompilerThread0" daemon [_thread_blocked, id=19956, stack(0x0000004a5e200000,0x0000004a5e300000)]
  0x000001cb96c9cd40 JavaThread "C1 CompilerThread0" daemon [_thread_blocked, id=9432, stack(0x0000004a5e300000,0x0000004a5e400000)]
  0x000001cb96cbfb80 JavaThread "Sweeper thread" daemon [_thread_blocked, id=20140, stack(0x0000004a5e400000,0x0000004a5e500000)]
  0x000001cb96e0ace0 JavaThread "Common-Cleaner" daemon [_thread_blocked, id=21424, stack(0x0000004a5e500000,0x0000004a5e600000)]
  0x000001cb96e6d810 JavaThread "C1 CompilerThread1" daemon [_thread_blocked, id=2980, stack(0x0000004a5e600000,0x0000004a5e700000)]
  0x000001cb96e6dd20 JavaThread "C1 CompilerThread2" daemon [_thread_blocked, id=17076, stack(0x0000004a5e700000,0x0000004a5e800000)]
  0x000001cb96fddea0 JavaThread "Notification Thread" daemon [_thread_blocked, id=5860, stack(0x0000004a5e800000,0x0000004a5e900000)]
  0x000001cb9b099920 JavaThread "C2 CompilerThread1" daemon [_thread_blocked, id=20496, stack(0x0000004a5ea00000,0x0000004a5eb00000)]
  0x000001cb9b4c1610 JavaThread "C2 CompilerThread2" daemon [_thread_blocked, id=5452, stack(0x0000004a5eb00000,0x0000004a5ec00000)]
  0x000001cb9b232970 JavaThread "C1 CompilerThread3" daemon [_thread_blocked, id=6124, stack(0x0000004a5ed00000,0x0000004a5ee00000)]
  0x000001cb9e5f3010 JavaThread "Daemon health stats" [_thread_blocked, id=20880, stack(0x0000004a5f200000,0x0000004a5f300000)]
  0x000001cb9b1f2d10 JavaThread "Incoming local TCP Connector on port 7427" [_thread_in_native, id=1900, stack(0x0000004a5ec00000,0x0000004a5ed00000)]
  0x000001cb9ce983c0 JavaThread "Daemon periodic checks" [_thread_blocked, id=11436, stack(0x0000004a5f300000,0x0000004a5f400000)]
  0x000001cb9d751b10 JavaThread "Daemon" [_thread_blocked, id=20272, stack(0x0000004a5f400000,0x0000004a5f500000)]
  0x000001cb9db002e0 JavaThread "Handler for socket connection from /127.0.0.1:7427 to /127.0.0.1:7428" [_thread_in_native, id=9748, stack(0x0000004a5f500000,0x0000004a5f600000)]
  0x000001cb9e25b390 JavaThread "Cancel handler" [_thread_blocked, id=21348, stack(0x0000004a5f600000,0x0000004a5f700000)]
  0x000001cb9d6c25f0 JavaThread "Daemon worker" [_thread_blocked, id=22412, stack(0x0000004a5f700000,0x0000004a5f800000)]
  0x000001cb9c5cb500 JavaThread "Asynchronous log dispatcher for DefaultDaemonConnection: socket connection from /127.0.0.1:7427 to /127.0.0.1:7428" [_thread_blocked, id=21712, stack(0x0000004a5f800000,0x0000004a5f900000)]
  0x000001cb9b795d00 JavaThread "Stdin handler" [_thread_blocked, id=15032, stack(0x0000004a5f900000,0x0000004a5fa00000)]
  0x000001cb9b795360 JavaThread "Daemon client event forwarder" [_thread_blocked, id=19108, stack(0x0000004a5fa00000,0x0000004a5fb00000)]
  0x000001cb9b795830 JavaThread "Cache worker for journal cache (C:\Users\Cjiio\.gradle\caches\journal-1)" [_thread_blocked, id=8180, stack(0x0000004a60500000,0x0000004a60600000)]
  0x000001cb9b7961d0 JavaThread "File lock request listener" [_thread_in_native, id=23532, stack(0x0000004a60600000,0x0000004a60700000)]
  0x000001cb9b7966a0 JavaThread "Cache worker for file hash cache (C:\Users\Cjiio\.gradle\caches\8.1\fileHashes)" [_thread_blocked, id=19680, stack(0x0000004a60700000,0x0000004a60800000)]
  0x000001cb9d00ca80 JavaThread "C2 CompilerThread3" daemon [_thread_blocked, id=10048, stack(0x0000004a60800000,0x0000004a60900000)]
  0x000001cb9b794e90 JavaThread "File watcher server" daemon [_thread_blocked, id=20612, stack(0x0000004a60900000,0x0000004a60a00000)]
  0x000001cb9b796b70 JavaThread "File watcher consumer" daemon [_thread_blocked, id=8384, stack(0x0000004a60a00000,0x0000004a60b00000)]
  0x000001cb9b7949c0 JavaThread "Cache worker for checksums cache (E:\StudioProjects\ExampleMVI\.gradle\8.1\checksums)" [_thread_blocked, id=21776, stack(0x0000004a60b00000,0x0000004a60c00000)]
  0x000001cb9e220570 JavaThread "Cache worker for cache directory md-rule (C:\Users\Cjiio\.gradle\caches\8.1\md-rule)" [_thread_blocked, id=11828, stack(0x0000004a60c00000,0x0000004a60d00000)]
  0x000001cb9e21c210 JavaThread "Cache worker for file content cache (C:\Users\Cjiio\.gradle\caches\8.1\fileContent)" [_thread_blocked, id=23300, stack(0x0000004a60d00000,0x0000004a60e00000)]
  0x000001cb9e21da20 JavaThread "Cache worker for file hash cache (E:\StudioProjects\ExampleMVI\.gradle\8.1\fileHashes)" [_thread_blocked, id=16968, stack(0x0000004a60e00000,0x0000004a60f00000)]
  0x000001cb9e21aed0 JavaThread "Cache worker for cache directory md-supplier (C:\Users\Cjiio\.gradle\caches\8.1\md-supplier)" [_thread_blocked, id=23396, stack(0x0000004a60f00000,0x0000004a61000000)]
  0x000001cb9e220f10 JavaThread "Cache worker for execution history cache (C:\Users\Cjiio\.gradle\caches\8.1\executionHistory)" [_thread_blocked, id=7812, stack(0x0000004a61000000,0x0000004a61100000)]
  0x000001cb9e21a530 JavaThread "jar transforms" [_thread_blocked, id=15764, stack(0x0000004a61100000,0x0000004a61200000)]
  0x000001cb9e21b3a0 JavaThread "jar transforms Thread 2" [_thread_blocked, id=20692, stack(0x0000004a61200000,0x0000004a61300000)]
  0x000001cb9e21c6e0 JavaThread "Cache worker for kotlin-dsl (C:\Users\Cjiio\.gradle\caches\8.1\kotlin-dsl)" [_thread_blocked, id=2208, stack(0x0000004a61400000,0x0000004a61500000)]
  0x000001cb9e21e3c0 JavaThread "jar transforms Thread 3" [_thread_blocked, id=22184, stack(0x0000004a61500000,0x0000004a61600000)]
  0x000001cb9e21fbd0 JavaThread "jar transforms Thread 4" [_thread_blocked, id=10228, stack(0x0000004a61600000,0x0000004a61700000)]
  0x000001cb9e21d080 JavaThread "jar transforms Thread 5" [_thread_blocked, id=17668, stack(0x0000004a61700000,0x0000004a61800000)]
  0x000001cb9e21cbb0 JavaThread "jar transforms Thread 6" [_thread_blocked, id=20856, stack(0x0000004a61800000,0x0000004a61900000)]
  0x000001cb9e220a40 JavaThread "Cache worker for dependencies-accessors (E:\StudioProjects\ExampleMVI\.gradle\8.1\dependencies-accessors)" [_thread_blocked, id=22700, stack(0x0000004a61900000,0x0000004a61a00000)]
  0x000001cb9e21ed60 JavaThread "Cache worker for Build Output Cleanup Cache (E:\StudioProjects\ExampleMVI\.gradle\buildOutputCleanup)" [_thread_blocked, id=21632, stack(0x0000004a61a00000,0x0000004a61b00000)]
  0x000001cb9e21f230 JavaThread "jar transforms Thread 7" [_thread_blocked, id=23320, stack(0x0000004a61b00000,0x0000004a61c00000)]
  0x000001cb9e2218b0 JavaThread "jar transforms Thread 8" [_thread_blocked, id=10348, stack(0x0000004a61c00000,0x0000004a61d00000)]
  0x000001cba0623030 JavaThread "Unconstrained build operations" [_thread_blocked, id=19416, stack(0x0000004a61d00000,0x0000004a61e00000)]
  0x000001cba06221c0 JavaThread "Unconstrained build operations Thread 2" [_thread_blocked, id=10640, stack(0x0000004a61e00000,0x0000004a61f00000)]
  0x000001cba0624d10 JavaThread "Unconstrained build operations Thread 3" [_thread_blocked, id=5360, stack(0x0000004a61f00000,0x0000004a62000000)]
  0x000001cba06239d0 JavaThread "Unconstrained build operations Thread 4" [_thread_blocked, id=6136, stack(0x0000004a62000000,0x0000004a62100000)]
  0x000001cba0623500 JavaThread "Unconstrained build operations Thread 5" [_thread_blocked, id=17940, stack(0x0000004a62100000,0x0000004a62200000)]
  0x000001cba06251e0 JavaThread "Unconstrained build operations Thread 6" [_thread_blocked, id=1944, stack(0x0000004a62200000,0x0000004a62300000)]
  0x000001cba0625b80 JavaThread "Unconstrained build operations Thread 7" [_thread_blocked, id=20320, stack(0x0000004a62300000,0x0000004a62400000)]
  0x000001cba0624840 JavaThread "Unconstrained build operations Thread 8" [_thread_blocked, id=18832, stack(0x0000004a62400000,0x0000004a62500000)]
  0x000001cba0622690 JavaThread "Unconstrained build operations Thread 9" [_thread_blocked, id=2168, stack(0x0000004a62500000,0x0000004a62600000)]
  0x000001cba06256b0 JavaThread "Unconstrained build operations Thread 10" [_thread_blocked, id=17652, stack(0x0000004a62600000,0x0000004a62700000)]
  0x000001cba0622b60 JavaThread "Unconstrained build operations Thread 11" [_thread_blocked, id=18184, stack(0x0000004a62700000,0x0000004a62800000)]
  0x000001cba0623ea0 JavaThread "Unconstrained build operations Thread 12" [_thread_blocked, id=6188, stack(0x0000004a62800000,0x0000004a62900000)]
  0x000001cba0624370 JavaThread "Unconstrained build operations Thread 13" [_thread_blocked, id=17460, stack(0x0000004a62900000,0x0000004a62a00000)]
  0x000001cba0288650 JavaThread "Unconstrained build operations Thread 14" [_thread_blocked, id=19232, stack(0x0000004a62a00000,0x0000004a62b00000)]
  0x000001cba0281c70 JavaThread "Unconstrained build operations Thread 15" [_thread_blocked, id=22540, stack(0x0000004a62b00000,0x0000004a62c00000)]
  0x000001cba0288b20 JavaThread "jar transforms Thread 9" [_thread_blocked, id=14832, stack(0x0000004a62c00000,0x0000004a62d00000)]
  0x000001cba0285630 JavaThread "jar transforms Thread 10" [_thread_blocked, id=22120, stack(0x0000004a62d00000,0x0000004a62e00000)]
  0x000001cba0283480 JavaThread "jar transforms Thread 11" [_thread_blocked, id=19824, stack(0x0000004a62e00000,0x0000004a62f00000)]
  0x000001cba0286970 JavaThread "jar transforms Thread 12" [_thread_blocked, id=20648, stack(0x0000004a62f00000,0x0000004a63000000)]
  0x000001cba0287cb0 JavaThread "jar transforms Thread 13" [_thread_blocked, id=21688, stack(0x0000004a63000000,0x0000004a63100000)]
  0x000001cba0288180 JavaThread "jar transforms Thread 14" [_thread_blocked, id=21940, stack(0x0000004a63100000,0x0000004a63200000)]
  0x000001cba0282ae0 JavaThread "jar transforms Thread 15" [_thread_blocked, id=16552, stack(0x0000004a63200000,0x0000004a63300000)]
  0x000001cba0283950 JavaThread "jar transforms Thread 16" [_thread_blocked, id=19492, stack(0x0000004a63300000,0x0000004a63400000)]
  0x000001cba0287310 JavaThread "build event listener" [_thread_blocked, id=13440, stack(0x0000004a61300000,0x0000004a61400000)]
  0x000001cba0285160 JavaThread "Memory manager" [_thread_blocked, id=20604, stack(0x0000004a63400000,0x0000004a63500000)]
  0x000001cb9e31c6f0 JavaThread "C2 CompilerThread4" daemon [_thread_blocked, id=21156, stack(0x0000004a63500000,0x0000004a63600000)]
  0x000001cb9e31cc00 JavaThread "C2 CompilerThread5" daemon [_thread_blocked, id=12568, stack(0x0000004a63600000,0x0000004a63700000)]
  0x000001cb9e318010 JavaThread "C2 CompilerThread6" daemon [_thread_blocked, id=6384, stack(0x0000004a63700000,0x0000004a63800000)]
  0x000001cb9e318520 JavaThread "C2 CompilerThread7" daemon [_thread_blocked, id=23072, stack(0x0000004a63800000,0x0000004a63900000)]
  0x000001cb9e6be8d0 JavaThread "pool-3-thread-1" [_thread_blocked, id=20524, stack(0x0000004a63900000,0x0000004a63a00000)]
  0x000001cb9e6c2290 JavaThread "build event listener" [_thread_blocked, id=12856, stack(0x0000004a63a00000,0x0000004a63b00000)]
  0x000001cb9e6c05b0 JavaThread "included builds" [_thread_blocked, id=7820, stack(0x0000004a63b00000,0x0000004a63c00000)]
  0x000001cb9e6c0f50 JavaThread "Execution worker" [_thread_blocked, id=18796, stack(0x0000004a63c00000,0x0000004a63d00000)]
  0x000001cb9e6beda0 JavaThread "Execution worker Thread 2" [_thread_blocked, id=9628, stack(0x0000004a63d00000,0x0000004a63e00000)]
  0x000001cb9e6c2760 JavaThread "Execution worker Thread 3" [_thread_blocked, id=17588, stack(0x0000004a63e00000,0x0000004a63f00000)]
  0x000001cb9e6c6120 JavaThread "Execution worker Thread 4" [_thread_blocked, id=3332, stack(0x0000004a63f00000,0x0000004a64000000)]
  0x000001cb9e6c0a80 JavaThread "Execution worker Thread 5" [_thread_blocked, id=17524, stack(0x0000004a64000000,0x0000004a64100000)]
  0x000001cb9e6c4440 JavaThread "Execution worker Thread 6" [_thread_blocked, id=23224, stack(0x0000004a64100000,0x0000004a64200000)]
  0x000001cb9e6c4910 JavaThread "Execution worker Thread 7" [_thread_blocked, id=20440, stack(0x0000004a64200000,0x0000004a64300000)]
  0x000001cb9e6c1dc0 JavaThread "Execution worker Thread 8" [_thread_blocked, id=14612, stack(0x0000004a64300000,0x0000004a64400000)]
  0x000001cb9e6c5c50 JavaThread "Execution worker Thread 9" [_thread_blocked, id=21508, stack(0x0000004a64400000,0x0000004a64500000)]
  0x000001cb9e6bf270 JavaThread "Execution worker Thread 10" [_thread_blocked, id=16320, stack(0x0000004a64500000,0x0000004a64600000)]
  0x000001cb9e6c2c30 JavaThread "Execution worker Thread 11" [_thread_blocked, id=9012, stack(0x0000004a64600000,0x0000004a64700000)]
  0x000001cb9e6c3100 JavaThread "Execution worker Thread 12" [_thread_blocked, id=19784, stack(0x0000004a64700000,0x0000004a64800000)]
  0x000001cb9e6c4de0 JavaThread "Execution worker Thread 13" [_thread_blocked, id=3152, stack(0x0000004a64800000,0x0000004a64900000)]
  0x000001cb9e6c52b0 JavaThread "Execution worker Thread 14" [_thread_blocked, id=916, stack(0x0000004a64900000,0x0000004a64a00000)]
  0x000001cb9e6c5780 JavaThread "Execution worker Thread 15" [_thread_blocked, id=1924, stack(0x0000004a64a00000,0x0000004a64b00000)]
  0x000001cb9e6bf740 JavaThread "Cache worker for execution history cache (E:\StudioProjects\ExampleMVI\.gradle\8.1\executionHistory)" [_thread_blocked, id=19576, stack(0x0000004a64b00000,0x0000004a64c00000)]
  0x000001cb9e6c18f0 JavaThread "Unconstrained build operations Thread 16" [_thread_blocked, id=22816, stack(0x0000004a64c00000,0x0000004a64d00000)]
  0x000001cba9226320 JavaThread "Unconstrained build operations Thread 17" [_thread_blocked, id=20736, stack(0x0000004a64d00000,0x0000004a64e00000)]
  0x000001cba92237d0 JavaThread "Unconstrained build operations Thread 18" [_thread_blocked, id=13004, stack(0x0000004a64e00000,0x0000004a64f00000)]
  0x000001cba92267f0 JavaThread "Unconstrained build operations Thread 19" [_thread_blocked, id=3908, stack(0x0000004a64f00000,0x0000004a65000000)]
  0x000001cba9224640 JavaThread "Unconstrained build operations Thread 20" [_thread_blocked, id=20704, stack(0x0000004a65000000,0x0000004a65100000)]
  0x000001cba92207b0 JavaThread "Unconstrained build operations Thread 21" [_thread_blocked, id=20804, stack(0x0000004a65100000,0x0000004a65200000)]
  0x000001cba9226cc0 JavaThread "Unconstrained build operations Thread 22" [_thread_blocked, id=20820, stack(0x0000004a65200000,0x0000004a65300000)]
  0x000001cba9221620 JavaThread "Unconstrained build operations Thread 23" [_thread_blocked, id=3272, stack(0x0000004a65300000,0x0000004a65400000)]
  0x000001cba9221fc0 JavaThread "Unconstrained build operations Thread 24" [_thread_blocked, id=17340, stack(0x0000004a65400000,0x0000004a65500000)]
  0x000001cba9227190 JavaThread "Unconstrained build operations Thread 25" [_thread_blocked, id=1880, stack(0x0000004a65500000,0x0000004a65600000)]
  0x000001cba9227660 JavaThread "Unconstrained build operations Thread 26" [_thread_blocked, id=3120, stack(0x0000004a65600000,0x0000004a65700000)]
  0x000001cba92254b0 JavaThread "Unconstrained build operations Thread 27" [_thread_blocked, id=21516, stack(0x0000004a65700000,0x0000004a65800000)]
  0x000001cba921fe10 JavaThread "Unconstrained build operations Thread 28" [_thread_blocked, id=22056, stack(0x0000004a65800000,0x0000004a65900000)]
  0x000001cba92202e0 JavaThread "Unconstrained build operations Thread 29" [_thread_blocked, id=10960, stack(0x0000004a65900000,0x0000004a65a00000)]
  0x000001cba9220c80 JavaThread "Unconstrained build operations Thread 30" [_thread_blocked, id=6968, stack(0x0000004a65a00000,0x0000004a65b00000)]

Other Threads:
=>0x000001cb96bdebd0 VMThread "VM Thread" [stack: 0x0000004a5db00000,0x0000004a5dc00000] [id=448]
  0x000001cb9b087ce0 WatcherThread [stack: 0x0000004a5e900000,0x0000004a5ea00000] [id=18644]
  0x000001cbfc1e4870 GCTaskThread "GC Thread#0" [stack: 0x0000004a5d600000,0x0000004a5d700000] [id=13272]
  0x000001cb9b881290 GCTaskThread "GC Thread#1" [stack: 0x0000004a5ee00000,0x0000004a5ef00000] [id=12216]
  0x000001cb9bb5c030 GCTaskThread "GC Thread#2" [stack: 0x0000004a5ef00000,0x0000004a5f000000] [id=21444]
  0x000001cb9bd6f6f0 GCTaskThread "GC Thread#3" [stack: 0x0000004a5f000000,0x0000004a5f100000] [id=22164]
  0x000001cb9bd6f9a0 GCTaskThread "GC Thread#4" [stack: 0x0000004a5f100000,0x0000004a5f200000] [id=19708]
  0x000001cb9d3fa780 GCTaskThread "GC Thread#5" [stack: 0x0000004a5fb00000,0x0000004a5fc00000] [id=18424]
  0x000001cb9da8ae60 GCTaskThread "GC Thread#6" [stack: 0x0000004a5fc00000,0x0000004a5fd00000] [id=21556]
  0x000001cb9cb1b970 GCTaskThread "GC Thread#7" [stack: 0x0000004a5fd00000,0x0000004a5fe00000] [id=17096]
  0x000001cb9d92ed60 GCTaskThread "GC Thread#8" [stack: 0x0000004a5fe00000,0x0000004a5ff00000] [id=2792]
  0x000001cb9e25b860 GCTaskThread "GC Thread#9" [stack: 0x0000004a5ff00000,0x0000004a60000000] [id=16924]
  0x000001cb9daf4c30 GCTaskThread "GC Thread#10" [stack: 0x0000004a60000000,0x0000004a60100000] [id=19900]
  0x000001cb9daf4ee0 GCTaskThread "GC Thread#11" [stack: 0x0000004a60100000,0x0000004a60200000] [id=6228]
  0x000001cb9bbcc8f0 GCTaskThread "GC Thread#12" [stack: 0x0000004a60200000,0x0000004a60300000] [id=17368]
  0x000001cbfc1f84a0 ConcurrentGCThread "G1 Main Marker" [stack: 0x0000004a5d700000,0x0000004a5d800000] [id=23436]
  0x000001cbfc1f8eb0 ConcurrentGCThread "G1 Conc#0" [stack: 0x0000004a5d800000,0x0000004a5d900000] [id=19724]
  0x000001cb9bbccba0 ConcurrentGCThread "G1 Conc#1" [stack: 0x0000004a60300000,0x0000004a60400000] [id=2652]
  0x000001cb9bbcd910 ConcurrentGCThread "G1 Conc#2" [stack: 0x0000004a60400000,0x0000004a60500000] [id=3768]
  0x000001cbfc23ecb0 ConcurrentGCThread "G1 Refine#0" [stack: 0x0000004a5d900000,0x0000004a5da00000] [id=648]
  0x000001cb96a91460 ConcurrentGCThread "G1 Service" [stack: 0x0000004a5da00000,0x0000004a5db00000] [id=21488]

Threads with active compile tasks:
C2 CompilerThread1    13108 13835       4       org.gradle.internal.execution.history.impl.FileSystemSnapshotSerializer::toAbsolutePath (102 bytes)
C2 CompilerThread3    13108 13852       4       org.gradle.internal.snapshot.VfsRelativePath::lengthOfCommonPrefix (173 bytes)
C2 CompilerThread4    13108 13403       4       java.lang.invoke.MethodType::makeImpl (109 bytes)
C2 CompilerThread7    13108 13767       4       com.google.common.cache.LocalCache$Segment::evictEntries (106 bytes)

VM state: at safepoint (normal execution)

VM Mutex/Monitor currently owned by a thread:  ([mutex/lock_event])
[0x000001cbfc183f00] Threads_lock - owner thread: 0x000001cb96bdebd0
[0x000001cbfc184380] Heap_lock - owner thread: 0x000001cba92207b0

Heap address: 0x0000000080000000, size: 2048 MB, Compressed Oops mode: 32-bit

CDS archive(s) not mapped
Compressed class space mapped at: 0x0000000100000000-0x0000000140000000, reserved size: 1073741824
Narrow klass base: 0x0000000000000000, Narrow klass shift: 3, Narrow klass range: 0x140000000

GC Precious Log:
 CPUs: 16 total, 16 available
 Memory: 15762M
 Large Page Support: Disabled
 NUMA Support: Disabled
 Compressed Oops: Enabled (32-bit)
 Heap Region Size: 1M
 Heap Min Capacity: 8M
 Heap Initial Capacity: 248M
 Heap Max Capacity: 2G
 Pre-touch: Disabled
 Parallel Workers: 13
 Concurrent Workers: 3
 Concurrent Refinement Workers: 13
 Periodic GC: Disabled

Heap:
 garbage-first heap   total 208896K, used 137055K [0x0000000080000000, 0x0000000100000000)
  region size 1024K, 2 young (2048K), 2 survivors (2048K)
 Metaspace       used 109311K, committed 110144K, reserved 1179648K
  class space    used 14975K, committed 15360K, reserved 1048576K

Heap Regions: E=young(eden), S=young(survivor), O=old, HS=humongous(starts), HC=humongous(continues), CS=collection set, F=free, OA=open archive, CA=closed archive, TAMS=top-at-mark-start (previous, next)
|   0|0x0000000080000000, 0x0000000080100000, 0x0000000080100000|100%|HS|  |TAMS 0x0000000080100000, 0x0000000080000000| Complete 
|   1|0x0000000080100000, 0x0000000080200000, 0x0000000080200000|100%|HC|  |TAMS 0x0000000080200000, 0x0000000080100000| Complete 
|   2|0x0000000080200000, 0x0000000080300000, 0x0000000080300000|100%|HC|  |TAMS 0x0000000080300000, 0x0000000080200000| Complete 
|   3|0x0000000080300000, 0x0000000080400000, 0x0000000080400000|100%|HC|  |TAMS 0x0000000080400000, 0x0000000080300000| Complete 
|   4|0x0000000080400000, 0x0000000080500000, 0x0000000080500000|100%| O|  |TAMS 0x0000000080500000, 0x0000000080400000| Untracked 
|   5|0x0000000080500000, 0x0000000080600000, 0x0000000080600000|100%| O|  |TAMS 0x0000000080600000, 0x0000000080500000| Untracked 
|   6|0x0000000080600000, 0x0000000080700000, 0x0000000080700000|100%| O|  |TAMS 0x0000000080700000, 0x0000000080600000| Untracked 
|   7|0x0000000080700000, 0x0000000080800000, 0x0000000080800000|100%| O|  |TAMS 0x0000000080800000, 0x0000000080700000| Untracked 
|   8|0x0000000080800000, 0x0000000080900000, 0x0000000080900000|100%| O|  |TAMS 0x0000000080900000, 0x0000000080800000| Untracked 
|   9|0x0000000080900000, 0x0000000080a00000, 0x0000000080a00000|100%| O|  |TAMS 0x0000000080a00000, 0x0000000080900000| Untracked 
|  10|0x0000000080a00000, 0x0000000080b00000, 0x0000000080b00000|100%| O|  |TAMS 0x0000000080b00000, 0x0000000080a00000| Untracked 
|  11|0x0000000080b00000, 0x0000000080c00000, 0x0000000080c00000|100%| O|  |TAMS 0x0000000080c00000, 0x0000000080b00000| Untracked 
|  12|0x0000000080c00000, 0x0000000080d00000, 0x0000000080d00000|100%| O|  |TAMS 0x0000000080d00000, 0x0000000080c00000| Untracked 
|  13|0x0000000080d00000, 0x0000000080e00000, 0x0000000080e00000|100%| O|  |TAMS 0x0000000080e00000, 0x0000000080d00000| Untracked 
|  14|0x0000000080e00000, 0x0000000080f00000, 0x0000000080f00000|100%| O|  |TAMS 0x0000000080f00000, 0x0000000080e00000| Untracked 
|  15|0x0000000080f00000, 0x0000000081000000, 0x0000000081000000|100%| O|  |TAMS 0x0000000081000000, 0x0000000080f00000| Untracked 
|  16|0x0000000081000000, 0x0000000081100000, 0x0000000081100000|100%| O|  |TAMS 0x0000000081100000, 0x0000000081000000| Untracked 
|  17|0x0000000081100000, 0x0000000081200000, 0x0000000081200000|100%| O|  |TAMS 0x0000000081200000, 0x0000000081100000| Untracked 
|  18|0x0000000081200000, 0x0000000081300000, 0x0000000081300000|100%| O|  |TAMS 0x0000000081300000, 0x0000000081200000| Untracked 
|  19|0x0000000081300000, 0x0000000081400000, 0x0000000081400000|100%| O|  |TAMS 0x0000000081400000, 0x0000000081300000| Untracked 
|  20|0x0000000081400000, 0x0000000081500000, 0x0000000081500000|100%| O|  |TAMS 0x0000000081500000, 0x0000000081400000| Untracked 
|  21|0x0000000081500000, 0x0000000081600000, 0x0000000081600000|100%| O|  |TAMS 0x0000000081600000, 0x0000000081500000| Untracked 
|  22|0x0000000081600000, 0x0000000081700000, 0x0000000081700000|100%| O|  |TAMS 0x0000000081700000, 0x0000000081600000| Untracked 
|  23|0x0000000081700000, 0x0000000081800000, 0x0000000081800000|100%| O|  |TAMS 0x0000000081800000, 0x0000000081700000| Untracked 
|  24|0x0000000081800000, 0x0000000081900000, 0x0000000081900000|100%| O|  |TAMS 0x0000000081900000, 0x0000000081800000| Untracked 
|  25|0x0000000081900000, 0x0000000081a00000, 0x0000000081a00000|100%| O|  |TAMS 0x0000000081a00000, 0x0000000081900000| Untracked 
|  26|0x0000000081a00000, 0x0000000081b00000, 0x0000000081b00000|100%| O|  |TAMS 0x0000000081b00000, 0x0000000081a00000| Untracked 
|  27|0x0000000081b00000, 0x0000000081c00000, 0x0000000081c00000|100%| O|  |TAMS 0x0000000081c00000, 0x0000000081b00000| Untracked 
|  28|0x0000000081c00000, 0x0000000081d00000, 0x0000000081d00000|100%| O|  |TAMS 0x0000000081c00000, 0x0000000081c00000| Untracked 
|  29|0x0000000081d00000, 0x0000000081e00000, 0x0000000081e00000|100%| O|  |TAMS 0x0000000081e00000, 0x0000000081d00000| Untracked 
|  30|0x0000000081e00000, 0x0000000081f00000, 0x0000000081f00000|100%| O|  |TAMS 0x0000000081f00000, 0x0000000081e00000| Untracked 
|  31|0x0000000081f00000, 0x0000000082000000, 0x0000000082000000|100%| O|  |TAMS 0x0000000082000000, 0x0000000081f00000| Untracked 
|  32|0x0000000082000000, 0x0000000082100000, 0x0000000082100000|100%| O|  |TAMS 0x0000000082100000, 0x0000000082000000| Untracked 
|  33|0x0000000082100000, 0x0000000082200000, 0x0000000082200000|100%| O|  |TAMS 0x0000000082200000, 0x0000000082100000| Untracked 
|  34|0x0000000082200000, 0x0000000082300000, 0x0000000082300000|100%| O|  |TAMS 0x0000000082300000, 0x0000000082200000| Untracked 
|  35|0x0000000082300000, 0x0000000082400000, 0x0000000082400000|100%| O|  |TAMS 0x0000000082400000, 0x0000000082300000| Untracked 
|  36|0x0000000082400000, 0x0000000082500000, 0x0000000082500000|100%| O|  |TAMS 0x0000000082500000, 0x0000000082400000| Untracked 
|  37|0x0000000082500000, 0x0000000082600000, 0x0000000082600000|100%|HS|  |TAMS 0x0000000082600000, 0x0000000082500000| Complete 
|  38|0x0000000082600000, 0x0000000082700000, 0x0000000082700000|100%| O|  |TAMS 0x0000000082700000, 0x0000000082600000| Untracked 
|  39|0x0000000082700000, 0x0000000082800000, 0x0000000082800000|100%| O|  |TAMS 0x0000000082800000, 0x0000000082700000| Untracked 
|  40|0x0000000082800000, 0x0000000082900000, 0x0000000082900000|100%| O|  |TAMS 0x0000000082900000, 0x0000000082800000| Untracked 
|  41|0x0000000082900000, 0x0000000082a00000, 0x0000000082a00000|100%| O|  |TAMS 0x0000000082a00000, 0x0000000082900000| Untracked 
|  42|0x0000000082a00000, 0x0000000082b00000, 0x0000000082b00000|100%| O|  |TAMS 0x0000000082a00000, 0x0000000082a00000| Untracked 
|  43|0x0000000082b00000, 0x0000000082c00000, 0x0000000082c00000|100%|HS|  |TAMS 0x0000000082c00000, 0x0000000082b00000| Complete 
|  44|0x0000000082c00000, 0x0000000082d00000, 0x0000000082d00000|100%|HS|  |TAMS 0x0000000082d00000, 0x0000000082c00000| Complete 
|  45|0x0000000082d00000, 0x0000000082e00000, 0x0000000082e00000|100%|HS|  |TAMS 0x0000000082e00000, 0x0000000082d00000| Complete 
|  46|0x0000000082e00000, 0x0000000082f00000, 0x0000000082f00000|100%|HC|  |TAMS 0x0000000082f00000, 0x0000000082e00000| Complete 
|  47|0x0000000082f00000, 0x0000000083000000, 0x0000000083000000|100%|HS|  |TAMS 0x0000000083000000, 0x0000000082f00000| Complete 
|  48|0x0000000083000000, 0x0000000083100000, 0x0000000083100000|100%|HS|  |TAMS 0x0000000083100000, 0x0000000083000000| Complete 
|  49|0x0000000083100000, 0x0000000083200000, 0x0000000083200000|100%|HC|  |TAMS 0x0000000083200000, 0x0000000083100000| Complete 
|  50|0x0000000083200000, 0x0000000083300000, 0x0000000083300000|100%|HC|  |TAMS 0x0000000083300000, 0x0000000083200000| Complete 
|  51|0x0000000083300000, 0x0000000083400000, 0x0000000083400000|100%|HC|  |TAMS 0x0000000083400000, 0x0000000083300000| Complete 
|  52|0x0000000083400000, 0x0000000083500000, 0x0000000083500000|100%| O|  |TAMS 0x0000000083500000, 0x0000000083400000| Untracked 
|  53|0x0000000083500000, 0x0000000083600000, 0x0000000083600000|100%| O|  |TAMS 0x0000000083600000, 0x0000000083500000| Untracked 
|  54|0x0000000083600000, 0x0000000083700000, 0x0000000083700000|100%| O|  |TAMS 0x0000000083700000, 0x0000000083600000| Untracked 
|  55|0x0000000083700000, 0x0000000083800000, 0x0000000083800000|100%| O|  |TAMS 0x0000000083800000, 0x0000000083700000| Untracked 
|  56|0x0000000083800000, 0x0000000083900000, 0x0000000083900000|100%| O|  |TAMS 0x0000000083900000, 0x0000000083800000| Untracked 
|  57|0x0000000083900000, 0x0000000083a00000, 0x0000000083a00000|100%|HS|  |TAMS 0x0000000083a00000, 0x0000000083900000| Complete 
|  58|0x0000000083a00000, 0x0000000083b00000, 0x0000000083b00000|100%| O|  |TAMS 0x0000000083b00000, 0x0000000083a00000| Untracked 
|  59|0x0000000083b00000, 0x0000000083c00000, 0x0000000083c00000|100%| O|  |TAMS 0x0000000083c00000, 0x0000000083b00000| Untracked 
|  60|0x0000000083c00000, 0x0000000083d00000, 0x0000000083d00000|100%| O|  |TAMS 0x0000000083d00000, 0x0000000083c00000| Untracked 
|  61|0x0000000083d00000, 0x0000000083e00000, 0x0000000083e00000|100%| O|  |TAMS 0x0000000083d00000, 0x0000000083d00000| Untracked 
|  62|0x0000000083e00000, 0x0000000083f00000, 0x0000000083f00000|100%|HS|  |TAMS 0x0000000083f00000, 0x0000000083e00000| Complete 
|  63|0x0000000083f00000, 0x0000000084000000, 0x0000000084000000|100%|HC|  |TAMS 0x0000000084000000, 0x0000000083f00000| Complete 
|  64|0x0000000084000000, 0x0000000084100000, 0x0000000084100000|100%| O|  |TAMS 0x0000000084100000, 0x0000000084000000| Untracked 
|  65|0x0000000084100000, 0x0000000084200000, 0x0000000084200000|100%| O|  |TAMS 0x0000000084200000, 0x0000000084100000| Untracked 
|  66|0x0000000084200000, 0x0000000084300000, 0x0000000084300000|100%| O|  |TAMS 0x00000000842ada00, 0x0000000084200000| Untracked 
|  67|0x0000000084300000, 0x0000000084400000, 0x0000000084400000|100%| O|  |TAMS 0x0000000084300000, 0x0000000084300000| Untracked 
|  68|0x0000000084400000, 0x0000000084500000, 0x0000000084500000|100%| O|  |TAMS 0x0000000084400000, 0x0000000084400000| Untracked 
|  69|0x0000000084500000, 0x0000000084600000, 0x0000000084600000|100%| O|  |TAMS 0x0000000084500000, 0x0000000084500000| Untracked 
|  70|0x0000000084600000, 0x0000000084700000, 0x0000000084700000|100%| O|  |TAMS 0x0000000084600000, 0x0000000084600000| Untracked 
|  71|0x0000000084700000, 0x0000000084800000, 0x0000000084800000|100%| O|  |TAMS 0x0000000084700000, 0x0000000084700000| Untracked 
|  72|0x0000000084800000, 0x0000000084900000, 0x0000000084900000|100%| O|  |TAMS 0x0000000084800000, 0x0000000084800000| Untracked 
|  73|0x0000000084900000, 0x0000000084a00000, 0x0000000084a00000|100%| O|  |TAMS 0x0000000084900000, 0x0000000084900000| Untracked 
|  74|0x0000000084a00000, 0x0000000084b00000, 0x0000000084b00000|100%|HS|  |TAMS 0x0000000084a00000, 0x0000000084a00000| Complete 
|  75|0x0000000084b00000, 0x0000000084c00000, 0x0000000084c00000|100%|HC|  |TAMS 0x0000000084b00000, 0x0000000084b00000| Complete 
|  76|0x0000000084c00000, 0x0000000084d00000, 0x0000000084d00000|100%|HC|  |TAMS 0x0000000084c00000, 0x0000000084c00000| Complete 
|  77|0x0000000084d00000, 0x0000000084e00000, 0x0000000084e00000|100%|HC|  |TAMS 0x0000000084d00000, 0x0000000084d00000| Complete 
|  78|0x0000000084e00000, 0x0000000084f00000, 0x0000000084f00000|100%| O|  |TAMS 0x0000000084e00000, 0x0000000084e00000| Untracked 
|  79|0x0000000084f00000, 0x0000000085000000, 0x0000000085000000|100%| O|  |TAMS 0x0000000084f00000, 0x0000000084f00000| Untracked 
|  80|0x0000000085000000, 0x0000000085100000, 0x0000000085100000|100%| O|  |TAMS 0x0000000085000000, 0x0000000085000000| Untracked 
|  81|0x0000000085100000, 0x0000000085200000, 0x0000000085200000|100%| O|  |TAMS 0x0000000085100000, 0x0000000085100000| Untracked 
|  82|0x0000000085200000, 0x0000000085300000, 0x0000000085300000|100%| O|  |TAMS 0x0000000085200000, 0x0000000085200000| Untracked 
|  83|0x0000000085300000, 0x0000000085400000, 0x0000000085400000|100%| O|  |TAMS 0x0000000085300000, 0x0000000085300000| Untracked 
|  84|0x0000000085400000, 0x0000000085500000, 0x0000000085500000|100%| O|  |TAMS 0x0000000085400000, 0x0000000085400000| Untracked 
|  85|0x0000000085500000, 0x0000000085600000, 0x0000000085600000|100%| O|  |TAMS 0x0000000085500000, 0x0000000085500000| Untracked 
|  86|0x0000000085600000, 0x0000000085700000, 0x0000000085700000|100%| O|  |TAMS 0x0000000085600000, 0x0000000085600000| Untracked 
|  87|0x0000000085700000, 0x0000000085800000, 0x0000000085800000|100%| O|  |TAMS 0x0000000085700000, 0x0000000085700000| Untracked 
|  88|0x0000000085800000, 0x0000000085900000, 0x0000000085900000|100%| O|  |TAMS 0x0000000085800000, 0x0000000085800000| Untracked 
|  89|0x0000000085900000, 0x0000000085a00000, 0x0000000085a00000|100%| O|  |TAMS 0x0000000085900000, 0x0000000085900000| Untracked 
|  90|0x0000000085a00000, 0x0000000085b00000, 0x0000000085b00000|100%| O|  |TAMS 0x0000000085a00000, 0x0000000085a00000| Untracked 
|  91|0x0000000085b00000, 0x0000000085c00000, 0x0000000085c00000|100%| O|  |TAMS 0x0000000085b00000, 0x0000000085b00000| Untracked 
|  92|0x0000000085c00000, 0x0000000085d00000, 0x0000000085d00000|100%| O|  |TAMS 0x0000000085c00000, 0x0000000085c00000| Untracked 
|  93|0x0000000085d00000, 0x0000000085e00000, 0x0000000085e00000|100%| O|  |TAMS 0x0000000085d00000, 0x0000000085d00000| Untracked 
|  94|0x0000000085e00000, 0x0000000085f00000, 0x0000000085f00000|100%| O|  |TAMS 0x0000000085e00000, 0x0000000085e00000| Untracked 
|  95|0x0000000085f00000, 0x0000000086000000, 0x0000000086000000|100%| O|  |TAMS 0x0000000085f00000, 0x0000000085f00000| Untracked 
|  96|0x0000000086000000, 0x0000000086100000, 0x0000000086100000|100%| O|  |TAMS 0x0000000086000000, 0x0000000086000000| Untracked 
|  97|0x0000000086100000, 0x0000000086200000, 0x0000000086200000|100%| O|  |TAMS 0x0000000086100000, 0x0000000086100000| Untracked 
|  98|0x0000000086200000, 0x0000000086300000, 0x0000000086300000|100%| O|  |TAMS 0x0000000086200000, 0x0000000086200000| Untracked 
|  99|0x0000000086300000, 0x0000000086400000, 0x0000000086400000|100%| O|  |TAMS 0x0000000086300000, 0x0000000086300000| Untracked 
| 100|0x0000000086400000, 0x0000000086500000, 0x0000000086500000|100%| O|  |TAMS 0x0000000086400000, 0x0000000086400000| Untracked 
| 101|0x0000000086500000, 0x0000000086600000, 0x0000000086600000|100%| O|  |TAMS 0x0000000086500000, 0x0000000086500000| Untracked 
| 102|0x0000000086600000, 0x0000000086700000, 0x0000000086700000|100%| O|  |TAMS 0x0000000086600000, 0x0000000086600000| Untracked 
| 103|0x0000000086700000, 0x0000000086800000, 0x0000000086800000|100%| O|  |TAMS 0x0000000086700000, 0x0000000086700000| Untracked 
| 104|0x0000000086800000, 0x0000000086900000, 0x0000000086900000|100%| O|  |TAMS 0x0000000086800000, 0x0000000086800000| Untracked 
| 105|0x0000000086900000, 0x0000000086a00000, 0x0000000086a00000|100%| O|  |TAMS 0x0000000086900000, 0x0000000086900000| Untracked 
| 106|0x0000000086a00000, 0x0000000086b00000, 0x0000000086b00000|100%| O|  |TAMS 0x0000000086a00000, 0x0000000086a00000| Untracked 
| 107|0x0000000086b00000, 0x0000000086c00000, 0x0000000086c00000|100%| O|  |TAMS 0x0000000086b00000, 0x0000000086b00000| Untracked 
| 108|0x0000000086c00000, 0x0000000086d00000, 0x0000000086d00000|100%| O|  |TAMS 0x0000000086c00000, 0x0000000086c00000| Untracked 
| 109|0x0000000086d00000, 0x0000000086e00000, 0x0000000086e00000|100%| O|  |TAMS 0x0000000086d00000, 0x0000000086d00000| Untracked 
| 110|0x0000000086e00000, 0x0000000086f00000, 0x0000000086f00000|100%| O|  |TAMS 0x0000000086e00000, 0x0000000086e00000| Untracked 
| 111|0x0000000086f00000, 0x0000000087000000, 0x0000000087000000|100%| O|  |TAMS 0x0000000086f00000, 0x0000000086f00000| Untracked 
| 112|0x0000000087000000, 0x0000000087100000, 0x0000000087100000|100%| O|  |TAMS 0x0000000087000000, 0x0000000087000000| Untracked 
| 113|0x0000000087100000, 0x0000000087200000, 0x0000000087200000|100%| O|  |TAMS 0x0000000087100000, 0x0000000087100000| Untracked 
| 114|0x0000000087200000, 0x0000000087300000, 0x0000000087300000|100%| O|  |TAMS 0x0000000087200000, 0x0000000087200000| Untracked 
| 115|0x0000000087300000, 0x0000000087400000, 0x0000000087400000|100%| O|  |TAMS 0x0000000087300000, 0x0000000087300000| Untracked 
| 116|0x0000000087400000, 0x0000000087500000, 0x0000000087500000|100%| O|  |TAMS 0x0000000087400000, 0x0000000087400000| Untracked 
| 117|0x0000000087500000, 0x0000000087600000, 0x0000000087600000|100%| O|  |TAMS 0x0000000087500000, 0x0000000087500000| Untracked 
| 118|0x0000000087600000, 0x0000000087700000, 0x0000000087700000|100%| O|  |TAMS 0x0000000087600000, 0x0000000087600000| Untracked 
| 119|0x0000000087700000, 0x0000000087800000, 0x0000000087800000|100%| O|  |TAMS 0x0000000087700000, 0x0000000087700000| Untracked 
| 120|0x0000000087800000, 0x0000000087900000, 0x0000000087900000|100%| O|  |TAMS 0x0000000087800000, 0x0000000087800000| Untracked 
| 121|0x0000000087900000, 0x0000000087a00000, 0x0000000087a00000|100%| O|  |TAMS 0x0000000087900000, 0x0000000087900000| Untracked 
| 122|0x0000000087a00000, 0x0000000087b00000, 0x0000000087b00000|100%| O|  |TAMS 0x0000000087a00000, 0x0000000087a00000| Untracked 
| 123|0x0000000087b00000, 0x0000000087c00000, 0x0000000087c00000|100%| O|  |TAMS 0x0000000087b00000, 0x0000000087b00000| Untracked 
| 124|0x0000000087c00000, 0x0000000087d00000, 0x0000000087d00000|100%| O|  |TAMS 0x0000000087c00000, 0x0000000087c00000| Untracked 
| 125|0x0000000087d00000, 0x0000000087e00000, 0x0000000087e00000|100%| O|  |TAMS 0x0000000087d00000, 0x0000000087d00000| Untracked 
| 126|0x0000000087e00000, 0x0000000087f00000, 0x0000000087f00000|100%| O|  |TAMS 0x0000000087e00000, 0x0000000087e00000| Untracked 
| 127|0x0000000087f00000, 0x0000000088000000, 0x0000000088000000|100%| O|  |TAMS 0x0000000087f00000, 0x0000000087f00000| Untracked 
| 128|0x0000000088000000, 0x0000000088100000, 0x0000000088100000|100%| O|  |TAMS 0x0000000088000000, 0x0000000088000000| Untracked 
| 129|0x0000000088100000, 0x0000000088200000, 0x0000000088200000|100%| O|  |TAMS 0x0000000088100000, 0x0000000088100000| Untracked 
| 130|0x0000000088200000, 0x0000000088300000, 0x0000000088300000|100%| O|  |TAMS 0x0000000088200000, 0x0000000088200000| Untracked 
| 131|0x0000000088300000, 0x00000000883d7c00, 0x0000000088400000| 84%| O|  |TAMS 0x0000000088300000, 0x0000000088300000| Untracked 
| 132|0x0000000088400000, 0x0000000088400000, 0x0000000088500000|  0%| F|  |TAMS 0x0000000088400000, 0x0000000088400000| Untracked 
| 133|0x0000000088500000, 0x0000000088500000, 0x0000000088600000|  0%| F|  |TAMS 0x0000000088500000, 0x0000000088500000| Untracked 
| 134|0x0000000088600000, 0x0000000088600000, 0x0000000088700000|  0%| F|  |TAMS 0x0000000088600000, 0x0000000088600000| Untracked 
| 135|0x0000000088700000, 0x0000000088700000, 0x0000000088800000|  0%| F|  |TAMS 0x0000000088700000, 0x0000000088700000| Untracked 
| 136|0x0000000088800000, 0x0000000088800000, 0x0000000088900000|  0%| F|  |TAMS 0x0000000088800000, 0x0000000088800000| Untracked 
| 137|0x0000000088900000, 0x0000000088900000, 0x0000000088a00000|  0%| F|  |TAMS 0x0000000088900000, 0x0000000088900000| Untracked 
| 138|0x0000000088a00000, 0x0000000088a00000, 0x0000000088b00000|  0%| F|  |TAMS 0x0000000088a00000, 0x0000000088a00000| Untracked 
| 139|0x0000000088b00000, 0x0000000088b00000, 0x0000000088c00000|  0%| F|  |TAMS 0x0000000088b00000, 0x0000000088b00000| Untracked 
| 140|0x0000000088c00000, 0x0000000088c00000, 0x0000000088d00000|  0%| F|  |TAMS 0x0000000088c00000, 0x0000000088c00000| Untracked 
| 141|0x0000000088d00000, 0x0000000088d00000, 0x0000000088e00000|  0%| F|  |TAMS 0x0000000088d00000, 0x0000000088d00000| Untracked 
| 142|0x0000000088e00000, 0x0000000088e00000, 0x0000000088f00000|  0%| F|  |TAMS 0x0000000088e00000, 0x0000000088e00000| Untracked 
| 143|0x0000000088f00000, 0x0000000088f00000, 0x0000000089000000|  0%| F|  |TAMS 0x0000000088f00000, 0x0000000088f00000| Untracked 
| 144|0x0000000089000000, 0x0000000089000000, 0x0000000089100000|  0%| F|  |TAMS 0x0000000089000000, 0x0000000089000000| Untracked 
| 145|0x0000000089100000, 0x0000000089100000, 0x0000000089200000|  0%| F|  |TAMS 0x0000000089100000, 0x0000000089100000| Untracked 
| 146|0x0000000089200000, 0x0000000089200000, 0x0000000089300000|  0%| F|  |TAMS 0x0000000089200000, 0x0000000089200000| Untracked 
| 147|0x0000000089300000, 0x0000000089300000, 0x0000000089400000|  0%| F|  |TAMS 0x0000000089300000, 0x0000000089300000| Untracked 
| 148|0x0000000089400000, 0x0000000089400000, 0x0000000089500000|  0%| F|  |TAMS 0x0000000089400000, 0x0000000089400000| Untracked 
| 149|0x0000000089500000, 0x0000000089500000, 0x0000000089600000|  0%| F|  |TAMS 0x0000000089500000, 0x0000000089500000| Untracked 
| 150|0x0000000089600000, 0x0000000089600000, 0x0000000089700000|  0%| F|  |TAMS 0x0000000089600000, 0x0000000089600000| Untracked 
| 151|0x0000000089700000, 0x0000000089700000, 0x0000000089800000|  0%| F|  |TAMS 0x0000000089700000, 0x0000000089700000| Untracked 
| 152|0x0000000089800000, 0x0000000089800000, 0x0000000089900000|  0%| F|  |TAMS 0x0000000089800000, 0x0000000089800000| Untracked 
| 153|0x0000000089900000, 0x0000000089900000, 0x0000000089a00000|  0%| F|  |TAMS 0x0000000089900000, 0x0000000089900000| Untracked 
| 154|0x0000000089a00000, 0x0000000089a00000, 0x0000000089b00000|  0%| F|  |TAMS 0x0000000089a00000, 0x0000000089a00000| Untracked 
| 155|0x0000000089b00000, 0x0000000089b00000, 0x0000000089c00000|  0%| F|  |TAMS 0x0000000089b00000, 0x0000000089b00000| Untracked 
| 156|0x0000000089c00000, 0x0000000089c00000, 0x0000000089d00000|  0%| F|  |TAMS 0x0000000089c00000, 0x0000000089c00000| Untracked 
| 157|0x0000000089d00000, 0x0000000089d00000, 0x0000000089e00000|  0%| F|  |TAMS 0x0000000089d00000, 0x0000000089d00000| Untracked 
| 158|0x0000000089e00000, 0x0000000089e00000, 0x0000000089f00000|  0%| F|  |TAMS 0x0000000089e00000, 0x0000000089e00000| Untracked 
| 159|0x0000000089f00000, 0x0000000089f00000, 0x000000008a000000|  0%| F|  |TAMS 0x0000000089f00000, 0x0000000089f00000| Untracked 
| 160|0x000000008a000000, 0x000000008a000000, 0x000000008a100000|  0%| F|  |TAMS 0x000000008a000000, 0x000000008a000000| Untracked 
| 161|0x000000008a100000, 0x000000008a100000, 0x000000008a200000|  0%| F|  |TAMS 0x000000008a100000, 0x000000008a100000| Untracked 
| 162|0x000000008a200000, 0x000000008a200000, 0x000000008a300000|  0%| F|  |TAMS 0x000000008a200000, 0x000000008a200000| Untracked 
| 163|0x000000008a300000, 0x000000008a300000, 0x000000008a400000|  0%| F|  |TAMS 0x000000008a300000, 0x000000008a300000| Untracked 
| 164|0x000000008a400000, 0x000000008a400000, 0x000000008a500000|  0%| F|  |TAMS 0x000000008a400000, 0x000000008a400000| Untracked 
| 165|0x000000008a500000, 0x000000008a500000, 0x000000008a600000|  0%| F|  |TAMS 0x000000008a500000, 0x000000008a500000| Untracked 
| 166|0x000000008a600000, 0x000000008a600000, 0x000000008a700000|  0%| F|  |TAMS 0x000000008a600000, 0x000000008a600000| Untracked 
| 167|0x000000008a700000, 0x000000008a700000, 0x000000008a800000|  0%| F|  |TAMS 0x000000008a700000, 0x000000008a700000| Untracked 
| 168|0x000000008a800000, 0x000000008a800000, 0x000000008a900000|  0%| F|  |TAMS 0x000000008a800000, 0x000000008a800000| Untracked 
| 169|0x000000008a900000, 0x000000008a900000, 0x000000008aa00000|  0%| F|  |TAMS 0x000000008a900000, 0x000000008a900000| Untracked 
| 170|0x000000008aa00000, 0x000000008aa00000, 0x000000008ab00000|  0%| F|  |TAMS 0x000000008aa00000, 0x000000008aa00000| Untracked 
| 171|0x000000008ab00000, 0x000000008ab00000, 0x000000008ac00000|  0%| F|  |TAMS 0x000000008ab00000, 0x000000008ab00000| Untracked 
| 172|0x000000008ac00000, 0x000000008ac00000, 0x000000008ad00000|  0%| F|  |TAMS 0x000000008ac00000, 0x000000008ac00000| Untracked 
| 173|0x000000008ad00000, 0x000000008ad00000, 0x000000008ae00000|  0%| F|  |TAMS 0x000000008ad00000, 0x000000008ad00000| Untracked 
| 174|0x000000008ae00000, 0x000000008ae00000, 0x000000008af00000|  0%| F|  |TAMS 0x000000008ae00000, 0x000000008ae00000| Untracked 
| 175|0x000000008af00000, 0x000000008af00000, 0x000000008b000000|  0%| F|  |TAMS 0x000000008af00000, 0x000000008af00000| Untracked 
| 176|0x000000008b000000, 0x000000008b000000, 0x000000008b100000|  0%| F|  |TAMS 0x000000008b000000, 0x000000008b000000| Untracked 
| 177|0x000000008b100000, 0x000000008b100000, 0x000000008b200000|  0%| F|  |TAMS 0x000000008b100000, 0x000000008b100000| Untracked 
| 178|0x000000008b200000, 0x000000008b200000, 0x000000008b300000|  0%| F|  |TAMS 0x000000008b200000, 0x000000008b200000| Untracked 
| 179|0x000000008b300000, 0x000000008b300000, 0x000000008b400000|  0%| F|  |TAMS 0x000000008b300000, 0x000000008b300000| Untracked 
| 180|0x000000008b400000, 0x000000008b400000, 0x000000008b500000|  0%| F|  |TAMS 0x000000008b400000, 0x000000008b400000| Untracked 
| 181|0x000000008b500000, 0x000000008b500000, 0x000000008b600000|  0%| F|  |TAMS 0x000000008b500000, 0x000000008b500000| Untracked 
| 182|0x000000008b600000, 0x000000008b600000, 0x000000008b700000|  0%| F|  |TAMS 0x000000008b600000, 0x000000008b600000| Untracked 
| 183|0x000000008b700000, 0x000000008b700000, 0x000000008b800000|  0%| F|  |TAMS 0x000000008b700000, 0x000000008b700000| Untracked 
| 184|0x000000008b800000, 0x000000008b800000, 0x000000008b900000|  0%| F|  |TAMS 0x000000008b800000, 0x000000008b800000| Untracked 
| 185|0x000000008b900000, 0x000000008b900000, 0x000000008ba00000|  0%| F|  |TAMS 0x000000008b900000, 0x000000008b900000| Untracked 
| 186|0x000000008ba00000, 0x000000008ba00000, 0x000000008bb00000|  0%| F|  |TAMS 0x000000008ba00000, 0x000000008ba00000| Untracked 
| 187|0x000000008bb00000, 0x000000008bb00000, 0x000000008bc00000|  0%| F|  |TAMS 0x000000008bb00000, 0x000000008bb00000| Untracked 
| 188|0x000000008bc00000, 0x000000008bc00000, 0x000000008bd00000|  0%| F|  |TAMS 0x000000008bc00000, 0x000000008bc00000| Untracked 
| 189|0x000000008bd00000, 0x000000008bd00000, 0x000000008be00000|  0%| F|  |TAMS 0x000000008bd00000, 0x000000008bd00000| Untracked 
| 190|0x000000008be00000, 0x000000008be00000, 0x000000008bf00000|  0%| F|  |TAMS 0x000000008be00000, 0x000000008be00000| Untracked 
| 191|0x000000008bf00000, 0x000000008bf00000, 0x000000008c000000|  0%| F|  |TAMS 0x000000008bf00000, 0x000000008bf00000| Untracked 
| 192|0x000000008c000000, 0x000000008c100000, 0x000000008c100000|100%| S|CS|TAMS 0x000000008c000000, 0x000000008c000000| Complete 
| 193|0x000000008c100000, 0x000000008c200000, 0x000000008c200000|100%| S|CS|TAMS 0x000000008c100000, 0x000000008c100000| Complete 
| 194|0x000000008c200000, 0x000000008c200000, 0x000000008c300000|  0%| F|  |TAMS 0x000000008c200000, 0x000000008c200000| Untracked 
| 195|0x000000008c300000, 0x000000008c300000, 0x000000008c400000|  0%| F|  |TAMS 0x000000008c300000, 0x000000008c300000| Untracked 
| 196|0x000000008c400000, 0x000000008c400000, 0x000000008c500000|  0%| F|  |TAMS 0x000000008c400000, 0x000000008c400000| Untracked 
| 197|0x000000008c500000, 0x000000008c500000, 0x000000008c600000|  0%| F|  |TAMS 0x000000008c500000, 0x000000008c500000| Untracked 
| 198|0x000000008c600000, 0x000000008c600000, 0x000000008c700000|  0%| F|  |TAMS 0x000000008c600000, 0x000000008c600000| Untracked 
| 199|0x000000008c700000, 0x000000008c700000, 0x000000008c800000|  0%| F|  |TAMS 0x000000008c700000, 0x000000008c700000| Untracked 
| 200|0x000000008c800000, 0x000000008c800000, 0x000000008c900000|  0%| F|  |TAMS 0x000000008c800000, 0x000000008c800000| Untracked 
| 201|0x000000008c900000, 0x000000008c900000, 0x000000008ca00000|  0%| F|  |TAMS 0x000000008c900000, 0x000000008c900000| Untracked 
| 202|0x000000008ca00000, 0x000000008ca00000, 0x000000008cb00000|  0%| F|  |TAMS 0x000000008ca00000, 0x000000008ca00000| Untracked 
| 247|0x000000008f700000, 0x000000008f700000, 0x000000008f800000|  0%| F|  |TAMS 0x000000008f700000, 0x000000008f700000| Untracked 

Card table byte_map: [0x000001cb8f400000,0x000001cb8f800000] _byte_map_base: 0x000001cb8f000000

Marking Bits (Prev, Next): (CMBitMap*) 0x000001cbfc1e5ed0, (CMBitMap*) 0x000001cbfc1e5e90
 Prev Bits: [0x000001cb91c00000, 0x000001cb93c00000)
 Next Bits: [0x000001cb8fc00000, 0x000001cb91c00000)

Polling page: 0x000001cbfa110000

Metaspace:

Usage:
  Non-class:     92.12 MB used.
      Class:     14.62 MB used.
       Both:    106.75 MB used.

Virtual space:
  Non-class space:      128.00 MB reserved,      92.56 MB ( 72%) committed,  2 nodes.
      Class space:        1.00 GB reserved,      15.00 MB (  1%) committed,  1 nodes.
             Both:        1.12 GB reserved,     107.56 MB (  9%) committed. 

Chunk freelists:
   Non-Class:  3.17 MB
       Class:  1006.00 KB
        Both:  4.15 MB

MaxMetaspaceSize: unlimited
CompressedClassSpaceSize: 1.00 GB
Initial GC threshold: 21.00 MB
Current GC threshold: 108.88 MB
CDS: off
MetaspaceReclaimPolicy: balanced
 - commit_granule_bytes: 65536.
 - commit_granule_words: 8192.
 - virtual_space_node_default_size: 8388608.
 - enlarge_chunks_in_place: 1.
 - new_chunks_are_fully_committed: 0.
 - uncommit_free_chunks: 1.
 - use_allocation_guard: 0.
 - handle_deallocations: 1.


Internal statistics:

num_allocs_failed_limit: 6.
num_arena_births: 1204.
num_arena_deaths: 0.
num_vsnodes_births: 3.
num_vsnodes_deaths: 0.
num_space_committed: 1720.
num_space_uncommitted: 0.
num_chunks_returned_to_freelist: 6.
num_chunks_taken_from_freelist: 5461.
num_chunk_merges: 6.
num_chunk_splits: 3570.
num_chunks_enlarged: 2353.
num_inconsistent_stats: 0.

CodeHeap 'non-profiled nmethods': size=119168Kb used=8103Kb max_used=8103Kb free=111065Kb
 bounds [0x000001cb87ba0000, 0x000001cb88390000, 0x000001cb8f000000]
CodeHeap 'profiled nmethods': size=119104Kb used=24508Kb max_used=24508Kb free=94595Kb
 bounds [0x000001cb80000000, 0x000001cb817f0000, 0x000001cb87450000]
CodeHeap 'non-nmethods': size=7488Kb used=4115Kb max_used=4240Kb free=3372Kb
 bounds [0x000001cb87450000, 0x000001cb87880000, 0x000001cb87ba0000]
 total_blobs=13253 nmethods=12284 adapters=876
 compilation: enabled
              stopped_count=0, restarted_count=0
 full_count=0

Compilation events (20 events):
Event: 11.062 Thread 0x000001cb96e6dd20 nmethod 13857 0x000001cb817ea410 code [0x000001cb817ea5c0, 0x000001cb817ea898]
Event: 11.063 Thread 0x000001cb96e6d810 nmethod 13858 0x000001cb817ea990 code [0x000001cb817eab40, 0x000001cb817eadb8]
Event: 11.063 Thread 0x000001cb96c9b730 nmethod 13847 0x000001cb88387a10 code [0x000001cb88387ba0, 0x000001cb88387fd8]
Event: 11.063 Thread 0x000001cb96e6d810 13859       1       org.gradle.internal.execution.UnitOfWork::shouldCleanupStaleOutputs (2 bytes)
Event: 11.063 Thread 0x000001cb9b232970 13860       3       org.gradle.internal.execution.history.impl.FileSystemSnapshotSerializer::read (6 bytes)
Event: 11.063 Thread 0x000001cb96e6d810 nmethod 13859 0x000001cb88388310 code [0x000001cb883884a0, 0x000001cb88388578]
Event: 11.063 Thread 0x000001cb9b232970 nmethod 13860 0x000001cb817eae90 code [0x000001cb817eb040, 0x000001cb817eb188]
Event: 11.063 Thread 0x000001cb9e31cc00 nmethod 13846 0x000001cb88388610 code [0x000001cb883887c0, 0x000001cb88388d08]
Event: 11.064 Thread 0x000001cb96c9b730 13861       4       org.gradle.internal.snapshot.VfsRelativePath::normalizeRoot (50 bytes)
Event: 11.064 Thread 0x000001cb9b232970 13862       3       org.gradle.cache.internal.DefaultCrossBuildInMemoryCacheFactory$CrossBuildCacheRetainingDataFromPreviousBuild::markAccessedInCurrentBuild (32 bytes)
Event: 11.065 Thread 0x000001cb96c9cd40 13863   !   3       org.gradle.internal.execution.impl.DefaultInputFingerprinter$InputCollectingVisitor::visitInputFileProperty (135 bytes)
Event: 11.065 Thread 0x000001cb96e6dd20 13864       3       org.gradle.internal.execution.impl.DefaultFileCollectionFingerprinterRegistry::getFingerprinter (67 bytes)
Event: 11.065 Thread 0x000001cb96e6d810 13865       3       org.gradle.internal.execution.UnitOfWork$InputFileValueSupplier::getFiles (13 bytes)
Event: 11.065 Thread 0x000001cb9e318010 13866       4       org.gradle.internal.snapshot.VfsRelativePath::determineOffset (34 bytes)
Event: 11.065 Thread 0x000001cb96e6d810 nmethod 13865 0x000001cb817eb210 code [0x000001cb817eb3c0, 0x000001cb817eb688]
Event: 11.065 Thread 0x000001cb9b232970 nmethod 13862 0x000001cb817eb790 code [0x000001cb817eb940, 0x000001cb817ebc58]
Event: 11.066 Thread 0x000001cb96e6dd20 nmethod 13864 0x000001cb817ebd90 code [0x000001cb817ec060, 0x000001cb817ed168]
Event: 11.066 Thread 0x000001cb96c9cd40 nmethod 13863 0x000001cb817ed690 code [0x000001cb817ed980, 0x000001cb817eeab8]
Event: 11.066 Thread 0x000001cb96c9b730 nmethod 13861 0x000001cb88389190 code [0x000001cb88389320, 0x000001cb88389598]
Event: 11.067 Thread 0x000001cb9e318010 nmethod 13866 0x000001cb88389790 code [0x000001cb88389920, 0x000001cb88389a38]

GC Heap History (20 events):
Event: 8.762 GC heap after
{Heap after GC invocations=52 (full 0):
 garbage-first heap   total 174080K, used 106372K [0x0000000080000000, 0x0000000100000000)
  region size 1024K, 5 young (5120K), 5 survivors (5120K)
 Metaspace       used 103687K, committed 104448K, reserved 1179648K
  class space    used 14193K, committed 14528K, reserved 1048576K
}
Event: 8.988 GC heap before
{Heap before GC invocations=52 (full 0):
 garbage-first heap   total 174080K, used 144260K [0x0000000080000000, 0x0000000100000000)
  region size 1024K, 42 young (43008K), 5 survivors (5120K)
 Metaspace       used 105212K, committed 105920K, reserved 1179648K
  class space    used 14396K, committed 14720K, reserved 1048576K
}
Event: 8.991 GC heap after
{Heap after GC invocations=53 (full 0):
 garbage-first heap   total 174080K, used 109968K [0x0000000080000000, 0x0000000100000000)
  region size 1024K, 6 young (6144K), 6 survivors (6144K)
 Metaspace       used 105212K, committed 105920K, reserved 1179648K
  class space    used 14396K, committed 14720K, reserved 1048576K
}
Event: 9.195 GC heap before
{Heap before GC invocations=53 (full 0):
 garbage-first heap   total 174080K, used 145808K [0x0000000080000000, 0x0000000100000000)
  region size 1024K, 41 young (41984K), 6 survivors (6144K)
 Metaspace       used 105328K, committed 106112K, reserved 1179648K
  class space    used 14404K, committed 14784K, reserved 1048576K
}
Event: 9.199 GC heap after
{Heap after GC invocations=54 (full 0):
 garbage-first heap   total 174080K, used 115991K [0x0000000080000000, 0x0000000100000000)
  region size 1024K, 6 young (6144K), 6 survivors (6144K)
 Metaspace       used 105328K, committed 106112K, reserved 1179648K
  class space    used 14404K, committed 14784K, reserved 1048576K
}
Event: 9.387 GC heap before
{Heap before GC invocations=54 (full 0):
 garbage-first heap   total 174080K, used 144663K [0x0000000080000000, 0x0000000100000000)
  region size 1024K, 35 young (35840K), 6 survivors (6144K)
 Metaspace       used 105804K, committed 106560K, reserved 1179648K
  class space    used 14439K, committed 14784K, reserved 1048576K
}
Event: 9.391 GC heap after
{Heap after GC invocations=55 (full 0):
 garbage-first heap   total 174080K, used 121599K [0x0000000080000000, 0x0000000100000000)
  region size 1024K, 5 young (5120K), 5 survivors (5120K)
 Metaspace       used 105804K, committed 106560K, reserved 1179648K
  class space    used 14439K, committed 14784K, reserved 1048576K
}
Event: 9.691 GC heap before
{Heap before GC invocations=55 (full 0):
 garbage-first heap   total 174080K, used 150271K [0x0000000080000000, 0x0000000100000000)
  region size 1024K, 29 young (29696K), 5 survivors (5120K)
 Metaspace       used 108166K, committed 108928K, reserved 1179648K
  class space    used 14721K, committed 15104K, reserved 1048576K
}
Event: 9.694 GC heap after
{Heap after GC invocations=56 (full 0):
 garbage-first heap   total 174080K, used 125542K [0x0000000080000000, 0x0000000100000000)
  region size 1024K, 4 young (4096K), 4 survivors (4096K)
 Metaspace       used 108166K, committed 108928K, reserved 1179648K
  class space    used 14721K, committed 15104K, reserved 1048576K
}
Event: 9.893 GC heap before
{Heap before GC invocations=56 (full 0):
 garbage-first heap   total 174080K, used 147046K [0x0000000080000000, 0x0000000100000000)
  region size 1024K, 25 young (25600K), 4 survivors (4096K)
 Metaspace       used 108861K, committed 109568K, reserved 1179648K
  class space    used 14874K, committed 15232K, reserved 1048576K
}
Event: 9.897 GC heap after
{Heap after GC invocations=57 (full 0):
 garbage-first heap   total 174080K, used 129591K [0x0000000080000000, 0x0000000100000000)
  region size 1024K, 4 young (4096K), 4 survivors (4096K)
 Metaspace       used 108861K, committed 109568K, reserved 1179648K
  class space    used 14874K, committed 15232K, reserved 1048576K
}
Event: 9.939 GC heap before
{Heap before GC invocations=57 (full 0):
 garbage-first heap   total 174080K, used 148023K [0x0000000080000000, 0x0000000100000000)
  region size 1024K, 22 young (22528K), 4 survivors (4096K)
 Metaspace       used 109172K, committed 110016K, reserved 1179648K
  class space    used 14972K, committed 15360K, reserved 1048576K
}
Event: 10.941 GC heap after
{Heap after GC invocations=58 (full 0):
 garbage-first heap   total 208896K, used 132260K [0x0000000080000000, 0x0000000100000000)
  region size 1024K, 3 young (3072K), 3 survivors (3072K)
 Metaspace       used 109172K, committed 110016K, reserved 1179648K
  class space    used 14972K, committed 15360K, reserved 1048576K
}
Event: 10.978 GC heap before
{Heap before GC invocations=58 (full 0):
 garbage-first heap   total 208896K, used 139428K [0x0000000080000000, 0x0000000100000000)
  region size 1024K, 10 young (10240K), 3 survivors (3072K)
 Metaspace       used 109220K, committed 110016K, reserved 1179648K
  class space    used 14972K, committed 15360K, reserved 1048576K
}
Event: 10.980 GC heap after
{Heap after GC invocations=59 (full 0):
 garbage-first heap   total 208896K, used 133636K [0x0000000080000000, 0x0000000100000000)
  region size 1024K, 2 young (2048K), 2 survivors (2048K)
 Metaspace       used 109220K, committed 110016K, reserved 1179648K
  class space    used 14972K, committed 15360K, reserved 1048576K
}
Event: 11.015 GC heap before
{Heap before GC invocations=59 (full 0):
 garbage-first heap   total 208896K, used 140804K [0x0000000080000000, 0x0000000100000000)
  region size 1024K, 10 young (10240K), 2 survivors (2048K)
 Metaspace       used 109259K, committed 110080K, reserved 1179648K
  class space    used 14972K, committed 15360K, reserved 1048576K
}
Event: 11.016 GC heap after
{Heap after GC invocations=60 (full 0):
 garbage-first heap   total 208896K, used 134972K [0x0000000080000000, 0x0000000100000000)
  region size 1024K, 2 young (2048K), 2 survivors (2048K)
 Metaspace       used 109259K, committed 110080K, reserved 1179648K
  class space    used 14972K, committed 15360K, reserved 1048576K
}
Event: 11.044 GC heap before
{Heap before GC invocations=60 (full 0):
 garbage-first heap   total 208896K, used 143164K [0x0000000080000000, 0x0000000100000000)
  region size 1024K, 10 young (10240K), 2 survivors (2048K)
 Metaspace       used 109302K, committed 110080K, reserved 1179648K
  class space    used 14975K, committed 15360K, reserved 1048576K
}
Event: 11.046 GC heap after
{Heap after GC invocations=61 (full 0):
 garbage-first heap   total 208896K, used 136185K [0x0000000080000000, 0x0000000100000000)
  region size 1024K, 2 young (2048K), 2 survivors (2048K)
 Metaspace       used 109302K, committed 110080K, reserved 1179648K
  class space    used 14975K, committed 15360K, reserved 1048576K
}
Event: 11.071 GC heap before
{Heap before GC invocations=61 (full 0):
 garbage-first heap   total 208896K, used 144377K [0x0000000080000000, 0x0000000100000000)
  region size 1024K, 10 young (10240K), 2 survivors (2048K)
 Metaspace       used 109311K, committed 110144K, reserved 1179648K
  class space    used 14975K, committed 15360K, reserved 1048576K
}

Dll operation events (3 events):
Event: 0.007 Loaded shared library D:\Android\android-studio\jbr\bin\java.dll
Event: 0.086 Loaded shared library D:\Android\android-studio\jbr\bin\zip.dll
Event: 0.234 Loaded shared library D:\Android\android-studio\jbr\bin\verify.dll

Deoptimization events (20 events):
Event: 10.946 Thread 0x000001cba92237d0 Uncommon trap: trap_request=0xffffffde fr.pc=0x000001cb883545fc relative=0x00000000000010fc
Event: 10.946 Thread 0x000001cba92237d0 Uncommon trap: reason=class_check action=maybe_recompile pc=0x000001cb883545fc method=org.gradle.internal.snapshot.SnapshotUtil$1.handleAsDescendantOfChild(Lorg/gradle/internal/snapshot/VfsRelativePath;Ljava/lang/Object;)Ljava/lang/Object; @ 3 c2
Event: 10.946 Thread 0x000001cba92237d0 DEOPT PACKING pc=0x000001cb883545fc sp=0x0000004a64efbc70
Event: 10.946 Thread 0x000001cba92237d0 DEOPT UNPACKING pc=0x000001cb874a69a3 sp=0x0000004a64efbbe0 mode 2
Event: 10.946 Thread 0x000001cba9227190 Uncommon trap: trap_request=0xffffffde fr.pc=0x000001cb883545fc relative=0x00000000000010fc
Event: 10.946 Thread 0x000001cba9227190 Uncommon trap: reason=class_check action=maybe_recompile pc=0x000001cb883545fc method=org.gradle.internal.snapshot.SnapshotUtil$1.handleAsDescendantOfChild(Lorg/gradle/internal/snapshot/VfsRelativePath;Ljava/lang/Object;)Ljava/lang/Object; @ 3 c2
Event: 10.946 Thread 0x000001cba9227190 DEOPT PACKING pc=0x000001cb883545fc sp=0x0000004a655fbfe0
Event: 10.946 Thread 0x000001cba9227190 DEOPT UNPACKING pc=0x000001cb874a69a3 sp=0x0000004a655fbf50 mode 2
Event: 10.948 Thread 0x000001cba9221fc0 Uncommon trap: trap_request=0xffffffde fr.pc=0x000001cb883545fc relative=0x00000000000010fc
Event: 10.948 Thread 0x000001cba9221fc0 Uncommon trap: reason=class_check action=maybe_recompile pc=0x000001cb883545fc method=org.gradle.internal.snapshot.SnapshotUtil$1.handleAsDescendantOfChild(Lorg/gradle/internal/snapshot/VfsRelativePath;Ljava/lang/Object;)Ljava/lang/Object; @ 3 c2
Event: 10.948 Thread 0x000001cba9221fc0 DEOPT PACKING pc=0x000001cb883545fc sp=0x0000004a654fbce0
Event: 10.948 Thread 0x000001cba9221fc0 DEOPT UNPACKING pc=0x000001cb874a69a3 sp=0x0000004a654fbc50 mode 2
Event: 11.023 Thread 0x000001cba92202e0 DEOPT PACKING pc=0x000001cb81722a17 sp=0x0000004a659fb640
Event: 11.023 Thread 0x000001cba92202e0 DEOPT UNPACKING pc=0x000001cb874a7143 sp=0x0000004a659fab08 mode 0
Event: 11.026 Thread 0x000001cba9227190 Uncommon trap: trap_request=0xffffff45 fr.pc=0x000001cb87f6be64 relative=0x0000000000000164
Event: 11.026 Thread 0x000001cba9227190 Uncommon trap: reason=unstable_if action=reinterpret pc=0x000001cb87f6be64 method=java.util.concurrent.locks.ReentrantLock$Sync.tryLock()Z @ 34 c2
Event: 11.026 Thread 0x000001cb9e6c0f50 DEOPT PACKING pc=0x000001cb81748992 sp=0x0000004a63cfab40
Event: 11.026 Thread 0x000001cb9e6c0f50 DEOPT UNPACKING pc=0x000001cb874a7143 sp=0x0000004a63cfa050 mode 0
Event: 11.026 Thread 0x000001cba9227190 DEOPT PACKING pc=0x000001cb87f6be64 sp=0x0000004a655fe630
Event: 11.026 Thread 0x000001cba9227190 DEOPT UNPACKING pc=0x000001cb874a69a3 sp=0x0000004a655fe5e0 mode 2

Classes unloaded (0 events):
No events

Classes redefined (0 events):
No events

Internal exceptions (20 events):
Event: 9.454 Thread 0x000001cb9d6c25f0 Exception <a 'java/lang/NoSuchMethodError'{0x000000008c22ba20}: static Lcom/android/build/gradle/internal/profile/TaskMetadata;.<clinit>()V> (0x000000008c22ba20) 
thrown [s\src\hotspot\share\prims\jni.cpp, line 1108]
Event: 9.494 Thread 0x000001cb9d6c25f0 Exception <a 'sun/nio/fs/WindowsException'{0x000000008a0683a8}> (0x000000008a0683a8) 
thrown [s\src\hotspot\share\prims\jni.cpp, line 517]
Event: 9.504 Thread 0x000001cb9d6c25f0 Exception <a 'java/lang/NoSuchMethodError'{0x000000008a0a8f70}: 'java.lang.Object java.lang.invoke.DirectMethodHandle$Holder.newInvokeSpecial(java.lang.Object, java.lang.Object, java.lang.Object, java.lang.Object, int, java.lang.Object)'> (0x000000008a0a8f70) 
thrown [s\src\hotspot\share\interpreter\linkResolver.cpp, line 771]
Event: 9.505 Thread 0x000001cb9d6c25f0 Exception <a 'java/lang/NoSuchMethodError'{0x000000008a0add30}: 'java.lang.Object java.lang.invoke.Invokers$Holder.linkToTargetMethod(java.lang.Object, java.lang.Object, java.lang.Object, int, java.lang.Object, java.lang.Object)'> (0x000000008a0add30) 
thrown [s\src\hotspot\share\interpreter\linkResolver.cpp, line 771]
Event: 9.558 Thread 0x000001cb9e6c0f50 Exception <a 'java/lang/NoSuchMethodError'{0x0000000089cc0270}: 'void java.lang.invoke.DirectMethodHandle$Holder.invokeStatic(java.lang.Object, java.lang.Object, java.lang.Object, java.lang.Object, int, java.lang.Object, java.lang.Object)'> (0x0000000089cc0270) 
thrown [s\src\hotspot\share\interpreter\linkResolver.cpp, line 771]
Event: 9.601 Thread 0x000001cb9e6c0f50 Exception <a 'java/lang/NoSuchMethodError'{0x0000000089a4a3e0}: 'void java.lang.invoke.DirectMethodHandle$Holder.invokeInterface(java.lang.Object, java.lang.Object, java.lang.Object, java.lang.Object)'> (0x0000000089a4a3e0) 
thrown [s\src\hotspot\share\interpreter\linkResolver.cpp, line 771]
Event: 9.615 Thread 0x000001cb9b795360 Exception <a 'java/lang/NoSuchMethodError'{0x000000008994b990}: static Lorg/gradle/internal/build/event/types/DefaultTaskStartedProgressEvent;.<clinit>()V> (0x000000008994b990) 
thrown [s\src\hotspot\share\prims\jni.cpp, line 1108]
Event: 9.616 Thread 0x000001cb9b795360 Exception <a 'java/lang/NoSuchMethodError'{0x00000000899584c8}: static Lorg/gradle/internal/build/event/types/DefaultTaskDescriptor;.<clinit>()V> (0x00000000899584c8) 
thrown [s\src\hotspot\share\prims\jni.cpp, line 1108]
Event: 9.632 Thread 0x000001cb9b795360 Exception <a 'java/lang/NoSuchMethodError'{0x0000000089894760}: static Lorg/gradle/internal/build/event/types/DefaultTaskFinishedProgressEvent;.<clinit>()V> (0x0000000089894760) 
thrown [s\src\hotspot\share\prims\jni.cpp, line 1108]
Event: 9.633 Thread 0x000001cb9b795360 Exception <a 'java/lang/NoSuchMethodError'{0x00000000898c3c48}: static Lorg/gradle/internal/build/event/types/DefaultTaskSuccessResult;.<clinit>()V> (0x00000000898c3c48) 
thrown [s\src\hotspot\share\prims\jni.cpp, line 1108]
Event: 9.633 Thread 0x000001cb9b795360 Exception <a 'java/lang/NoSuchMethodError'{0x00000000898d1ba8}: static Lorg/gradle/internal/build/event/types/AbstractTaskResult;.<clinit>()V> (0x00000000898d1ba8) 
thrown [s\src\hotspot\share\prims\jni.cpp, line 1108]
Event: 9.639 Thread 0x000001cb9e6c4910 Exception <a 'sun/nio/fs/WindowsException'{0x0000000089d817c8}> (0x0000000089d817c8) 
thrown [s\src\hotspot\share\prims\jni.cpp, line 517]
Event: 9.644 Thread 0x000001cb9b795360 Exception <a 'java/lang/NoSuchMethodError'{0x00000000897d9a20}: static Lorg/gradle/internal/build/event/types/DefaultTaskSkippedResult;.<clinit>()V> (0x00000000897d9a20) 
thrown [s\src\hotspot\share\prims\jni.cpp, line 1108]
Event: 9.647 Thread 0x000001cba0287310 Exception <a 'java/lang/NoSuchMethodError'{0x0000000089848aa8}: static Lcom/android/buildanalyzer/common/AndroidGradlePluginAttributionData$BuildInfo;.<clinit>()V> (0x0000000089848aa8) 
thrown [s\src\hotspot\share\prims\jni.cpp, line 1108]
Event: 9.650 Thread 0x000001cba0287310 Exception <a 'java/lang/NoSuchMethodError'{0x0000000089684c00}: static Lcom/android/buildanalyzer/common/AndroidGradlePluginAttributionData$JavaInfo;.<clinit>()V> (0x0000000089684c00) 
thrown [s\src\hotspot\share\prims\jni.cpp, line 1108]
Event: 9.653 Thread 0x000001cba0287310 Exception <a 'java/lang/NoSuchMethodError'{0x0000000089507a60}: static [Ljava/lang/String;.<clinit>()V> (0x0000000089507a60) 
thrown [s\src\hotspot\share\prims\jni.cpp, line 1108]
Event: 9.654 Thread 0x000001cba0287310 Exception <a 'java/lang/NoSuchMethodError'{0x00000000895144b0}: static Lcom/android/buildanalyzer/common/AndroidGradlePluginAttributionData$TaskInfo;.<clinit>()V> (0x00000000895144b0) 
thrown [s\src\hotspot\share\prims\jni.cpp, line 1108]
Event: 9.655 Thread 0x000001cba0287310 Exception <a 'java/lang/NoSuchMethodError'{0x00000000895214d8}: static Lcom/android/buildanalyzer/common/AndroidGradlePluginAttributionData$TaskCategoryInfo;.<clinit>()V> (0x00000000895214d8) 
thrown [s\src\hotspot\share\prims\jni.cpp, line 1108]
Event: 11.027 Thread 0x000001cb9e6c0f50 Exception <a 'java/lang/NoSuchMethodError'{0x000000008c96aba0}: 'void java.lang.invoke.DirectMethodHandle$Holder.invokeVirtual(java.lang.Object, java.lang.Object)'> (0x000000008c96aba0) 
thrown [s\src\hotspot\share\interpreter\linkResolver.cpp, line 771]
Event: 11.027 Thread 0x000001cba9227190 Exception <a 'java/lang/NoSuchMethodError'{0x000000008c9a6798}: 'void java.lang.invoke.DirectMethodHandle$Holder.invokeVirtual(java.lang.Object, java.lang.Object)'> (0x000000008c9a6798) 
thrown [s\src\hotspot\share\interpreter\linkResolver.cpp, line 771]

VM Operations (20 events):
Event: 9.631 Executing VM operation: HandshakeAllThreads done
Event: 9.684 Executing VM operation: HandshakeAllThreads
Event: 9.684 Executing VM operation: HandshakeAllThreads done
Event: 9.686 Executing VM operation: ICBufferFull
Event: 9.687 Executing VM operation: ICBufferFull done
Event: 9.691 Executing VM operation: G1CollectForAllocation
Event: 9.694 Executing VM operation: G1CollectForAllocation done
Event: 9.835 Executing VM operation: ICBufferFull
Event: 9.835 Executing VM operation: ICBufferFull done
Event: 9.893 Executing VM operation: G1CollectForAllocation
Event: 9.897 Executing VM operation: G1CollectForAllocation done
Event: 9.939 Executing VM operation: G1CollectForAllocation
Event: 10.941 Executing VM operation: G1CollectForAllocation done
Event: 10.978 Executing VM operation: G1CollectForAllocation
Event: 10.980 Executing VM operation: G1CollectForAllocation done
Event: 11.014 Executing VM operation: G1CollectForAllocation
Event: 11.016 Executing VM operation: G1CollectForAllocation done
Event: 11.044 Executing VM operation: G1CollectForAllocation
Event: 11.046 Executing VM operation: G1CollectForAllocation done
Event: 11.071 Executing VM operation: G1CollectForAllocation

Events (20 events):
Event: 9.546 Thread 0x000001cb9e6c3100 Thread added: 0x000001cb9e6c3100
Event: 9.546 Thread 0x000001cb9e6c4de0 Thread added: 0x000001cb9e6c4de0
Event: 9.546 Thread 0x000001cb9e6c52b0 Thread added: 0x000001cb9e6c52b0
Event: 9.546 Thread 0x000001cb9e6c5780 Thread added: 0x000001cb9e6c5780
Event: 9.604 Thread 0x000001cb9e6bf740 Thread added: 0x000001cb9e6bf740
Event: 9.853 Thread 0x000001cb9e6c18f0 Thread added: 0x000001cb9e6c18f0
Event: 9.853 Thread 0x000001cba9226320 Thread added: 0x000001cba9226320
Event: 9.853 Thread 0x000001cba92237d0 Thread added: 0x000001cba92237d0
Event: 9.853 Thread 0x000001cba92267f0 Thread added: 0x000001cba92267f0
Event: 9.853 Thread 0x000001cba9224640 Thread added: 0x000001cba9224640
Event: 9.853 Thread 0x000001cba92207b0 Thread added: 0x000001cba92207b0
Event: 9.853 Thread 0x000001cba9226cc0 Thread added: 0x000001cba9226cc0
Event: 9.853 Thread 0x000001cba9221620 Thread added: 0x000001cba9221620
Event: 9.854 Thread 0x000001cba9221fc0 Thread added: 0x000001cba9221fc0
Event: 9.854 Thread 0x000001cba9227190 Thread added: 0x000001cba9227190
Event: 9.854 Thread 0x000001cba9227660 Thread added: 0x000001cba9227660
Event: 9.854 Thread 0x000001cba92254b0 Thread added: 0x000001cba92254b0
Event: 9.854 Thread 0x000001cba921fe10 Thread added: 0x000001cba921fe10
Event: 9.854 Thread 0x000001cba92202e0 Thread added: 0x000001cba92202e0
Event: 9.854 Thread 0x000001cba9220c80 Thread added: 0x000001cba9220c80


Dynamic libraries:
0x00007ff6106d0000 - 0x00007ff6106da000 	D:\Android\android-studio\jbr\bin\java.exe
0x00007ffc8bd20000 - 0x00007ffc8bf4b000 	C:\WINDOWS\SYSTEM32\ntdll.dll
0x00007ffc8a6a0000 - 0x00007ffc8a766000 	C:\WINDOWS\System32\KERNEL32.DLL
0x00007ffc897f0000 - 0x00007ffc89b4e000 	C:\WINDOWS\System32\KERNELBASE.dll
0x00007ffc86510000 - 0x00007ffc865ad000 	C:\WINDOWS\SYSTEM32\apphelp.dll
0x00007ffc892f0000 - 0x00007ffc89423000 	C:\WINDOWS\System32\ucrtbase.dll
0x00007ffc6be50000 - 0x00007ffc6be67000 	D:\Android\android-studio\jbr\bin\jli.dll
0x00007ffc89ff0000 - 0x00007ffc8a1a1000 	C:\WINDOWS\System32\USER32.dll
0x00007ffc89150000 - 0x00007ffc89177000 	C:\WINDOWS\System32\win32u.dll
0x00007ffc78e90000 - 0x00007ffc79121000 	C:\WINDOWS\WinSxS\amd64_microsoft.windows.common-controls_6595b64144ccf1df_6.0.25905.1000_none_87b90b8fab340372\COMCTL32.dll
0x00007ffc8b9e0000 - 0x00007ffc8ba09000 	C:\WINDOWS\System32\GDI32.dll
0x00007ffc8bbb0000 - 0x00007ffc8bc57000 	C:\WINDOWS\System32\msvcrt.dll
0x00007ffc868d0000 - 0x00007ffc868eb000 	D:\Android\android-studio\jbr\bin\VCRUNTIME140.dll
0x00007ffc89640000 - 0x00007ffc8975f000 	C:\WINDOWS\System32\gdi32full.dll
0x00007ffc89180000 - 0x00007ffc89225000 	C:\WINDOWS\System32\msvcp_win.dll
0x00007ffc8b580000 - 0x00007ffc8b5b0000 	C:\WINDOWS\System32\IMM32.DLL
0x00007ffc86890000 - 0x00007ffc8689c000 	D:\Android\android-studio\jbr\bin\vcruntime140_1.dll
0x00007ffc65ea0000 - 0x00007ffc65f2d000 	D:\Android\android-studio\jbr\bin\msvcp140.dll
0x00007ffbd85f0000 - 0x00007ffbd925e000 	D:\Android\android-studio\jbr\bin\server\jvm.dll
0x00007ffc8b8f0000 - 0x00007ffc8b9a0000 	C:\WINDOWS\System32\ADVAPI32.dll
0x00007ffc8b6f0000 - 0x00007ffc8b790000 	C:\WINDOWS\System32\sechost.dll
0x00007ffc8b5c0000 - 0x00007ffc8b6e5000 	C:\WINDOWS\System32\RPCRT4.dll
0x00007ffc83d40000 - 0x00007ffc83d74000 	C:\WINDOWS\SYSTEM32\WINMM.dll
0x00007ffc797a0000 - 0x00007ffc797a9000 	C:\WINDOWS\SYSTEM32\WSOCK32.dll
0x00007ffc83d80000 - 0x00007ffc83d8a000 	C:\WINDOWS\SYSTEM32\VERSION.dll
0x00007ffc8a8e0000 - 0x00007ffc8a953000 	C:\WINDOWS\System32\WS2_32.dll
0x00007ffc88030000 - 0x00007ffc88048000 	C:\WINDOWS\SYSTEM32\kernel.appcore.dll
0x00007ffc79790000 - 0x00007ffc7979a000 	D:\Android\android-studio\jbr\bin\jimage.dll
0x00007ffc7d320000 - 0x00007ffc7d555000 	C:\WINDOWS\SYSTEM32\DBGHELP.DLL
0x00007ffc8a290000 - 0x00007ffc8a60b000 	C:\WINDOWS\System32\combase.dll
0x00007ffc8a1b0000 - 0x00007ffc8a285000 	C:\WINDOWS\System32\OLEAUT32.dll
0x00007ffc774f0000 - 0x00007ffc77528000 	C:\WINDOWS\SYSTEM32\dbgcore.DLL
0x00007ffc89430000 - 0x00007ffc894b1000 	C:\WINDOWS\System32\bcryptPrimitives.dll
0x00007ffc73530000 - 0x00007ffc7353e000 	D:\Android\android-studio\jbr\bin\instrument.dll
0x00007ffc6c060000 - 0x00007ffc6c085000 	D:\Android\android-studio\jbr\bin\java.dll
0x00007ffc6c3d0000 - 0x00007ffc6c3e8000 	D:\Android\android-studio\jbr\bin\zip.dll
0x00007ffc8a960000 - 0x00007ffc8b0d3000 	C:\WINDOWS\System32\SHELL32.dll
0x00007ffc86fc0000 - 0x00007ffc87812000 	C:\WINDOWS\SYSTEM32\windows.storage.dll
0x00007ffc8b440000 - 0x00007ffc8b513000 	C:\WINDOWS\System32\SHCORE.dll
0x00007ffc8a820000 - 0x00007ffc8a87c000 	C:\WINDOWS\System32\shlwapi.dll
0x00007ffc89080000 - 0x00007ffc890a3000 	C:\WINDOWS\SYSTEM32\profapi.dll
0x00007ffc6c190000 - 0x00007ffc6c1a9000 	D:\Android\android-studio\jbr\bin\net.dll
0x00007ffc7fba0000 - 0x00007ffc7fcbb000 	C:\WINDOWS\SYSTEM32\WINHTTP.dll
0x00007ffc884a0000 - 0x00007ffc88508000 	C:\WINDOWS\system32\mswsock.dll
0x00007ffc6c040000 - 0x00007ffc6c056000 	D:\Android\android-studio\jbr\bin\nio.dll
0x00007ffc78ba0000 - 0x00007ffc78bb0000 	D:\Android\android-studio\jbr\bin\verify.dll
0x00007ffc6fb60000 - 0x00007ffc6fb87000 	C:\Users\Cjiio\.gradle\native\68d5fa5c4cc2d200863cafc0d521ce42e7d3e7ee720ec0a83991735586a16f82\windows-amd64\native-platform.dll
0x00007ffc63f00000 - 0x00007ffc64044000 	C:\Users\Cjiio\.gradle\native\e376f236ea51e6404a007f0833ffe2c6e607c4080706a723a18a27aeea778392\windows-amd64\native-platform-file-events.dll
0x00007ffc73620000 - 0x00007ffc73629000 	D:\Android\android-studio\jbr\bin\management.dll
0x00007ffc735c0000 - 0x00007ffc735cb000 	D:\Android\android-studio\jbr\bin\management_ext.dll
0x00007ffc8ba30000 - 0x00007ffc8ba38000 	C:\WINDOWS\System32\PSAPI.DLL
0x00007ffc88860000 - 0x00007ffc8887b000 	C:\WINDOWS\SYSTEM32\CRYPTSP.dll
0x00007ffc87f90000 - 0x00007ffc87fc7000 	C:\WINDOWS\system32\rsaenh.dll
0x00007ffc88560000 - 0x00007ffc8858a000 	C:\WINDOWS\SYSTEM32\USERENV.dll
0x00007ffc889f0000 - 0x00007ffc88a18000 	C:\WINDOWS\SYSTEM32\bcrypt.dll
0x00007ffc88840000 - 0x00007ffc8884c000 	C:\WINDOWS\SYSTEM32\CRYPTBASE.dll
0x00007ffc87a60000 - 0x00007ffc87a8f000 	C:\WINDOWS\SYSTEM32\IPHLPAPI.DLL
0x00007ffc8b570000 - 0x00007ffc8b57a000 	C:\WINDOWS\System32\NSI.dll
0x00007ffc7e3b0000 - 0x00007ffc7e3c9000 	C:\WINDOWS\SYSTEM32\dhcpcsvc6.DLL
0x00007ffc7e320000 - 0x00007ffc7e33f000 	C:\WINDOWS\SYSTEM32\dhcpcsvc.DLL
0x00007ffc87aa0000 - 0x00007ffc87baf000 	C:\WINDOWS\SYSTEM32\DNSAPI.dll
0x00007ffc79740000 - 0x00007ffc79748000 	C:\WINDOWS\system32\wshunix.dll
0x00007ffc74310000 - 0x00007ffc74327000 	C:\WINDOWS\system32\napinsp.dll
0x00007ffc742f0000 - 0x00007ffc7430d000 	C:\WINDOWS\system32\pnrpnsp.dll
0x00007ffc74000000 - 0x00007ffc74021000 	C:\WINDOWS\system32\nlansp_c.dll
0x00007ffc7ea60000 - 0x00007ffc7ea75000 	C:\WINDOWS\system32\wshbth.dll
0x00007ffc73fe0000 - 0x00007ffc73ff2000 	C:\WINDOWS\System32\winrnr.dll
0x00007ffc7e3a0000 - 0x00007ffc7e3aa000 	C:\Windows\System32\rasadhlp.dll
0x00007ffc7de00000 - 0x00007ffc7de82000 	C:\WINDOWS\System32\fwpuclnt.dll

dbghelp: loaded successfully - version: 4.0.5 - missing functions: none
symbol engine: initialized successfully - sym options: 0x614 - pdb path: .;D:\Android\android-studio\jbr\bin;C:\WINDOWS\SYSTEM32;C:\WINDOWS\WinSxS\amd64_microsoft.windows.common-controls_6595b64144ccf1df_6.0.25905.1000_none_87b90b8fab340372;D:\Android\android-studio\jbr\bin\server;C:\Users\Cjiio\.gradle\native\68d5fa5c4cc2d200863cafc0d521ce42e7d3e7ee720ec0a83991735586a16f82\windows-amd64;C:\Users\Cjiio\.gradle\native\e376f236ea51e6404a007f0833ffe2c6e607c4080706a723a18a27aeea778392\windows-amd64

VM Arguments:
jvm_args: --add-opens=java.base/java.util=ALL-UNNAMED --add-opens=java.base/java.lang=ALL-UNNAMED --add-opens=java.base/java.lang.invoke=ALL-UNNAMED --add-opens=java.prefs/java.util.prefs=ALL-UNNAMED --add-opens=java.base/java.nio.charset=ALL-UNNAMED --add-opens=java.base/java.net=ALL-UNNAMED --add-opens=java.base/java.util.concurrent.atomic=ALL-UNNAMED -Xmx2048m -Dfile.encoding=UTF-8 -Duser.country=CN -Duser.language=zh -Duser.variant -javaagent:C:\Users\Cjiio\.gradle\wrapper\dists\gradle-8.1-bin\2eyty4r6kz6fpakefpk52nbbm\gradle-8.1\lib\agents\gradle-instrumentation-agent-8.1.jar 
java_command: org.gradle.launcher.daemon.bootstrap.GradleDaemon 8.1
java_class_path (initial): C:\Users\Cjiio\.gradle\wrapper\dists\gradle-8.1-bin\2eyty4r6kz6fpakefpk52nbbm\gradle-8.1\lib\gradle-launcher-8.1.jar
Launcher Type: SUN_STANDARD

[Global flags]
     intx CICompilerCount                          = 12                                        {product} {ergonomic}
     uint ConcGCThreads                            = 3                                         {product} {ergonomic}
     uint G1ConcRefinementThreads                  = 13                                        {product} {ergonomic}
   size_t G1HeapRegionSize                         = 1048576                                   {product} {ergonomic}
    uintx GCDrainStackTargetSize                   = 64                                        {product} {ergonomic}
   size_t InitialHeapSize                          = 260046848                                 {product} {ergonomic}
   size_t MarkStackSize                            = 4194304                                   {product} {ergonomic}
   size_t MaxHeapSize                              = 2147483648                                {product} {command line}
   size_t MaxNewSize                               = 1287651328                                {product} {ergonomic}
   size_t MinHeapDeltaBytes                        = 1048576                                   {product} {ergonomic}
   size_t MinHeapSize                              = 8388608                                   {product} {ergonomic}
    uintx NonNMethodCodeHeapSize                   = 7602480                                {pd product} {ergonomic}
    uintx NonProfiledCodeHeapSize                  = 122027880                              {pd product} {ergonomic}
    uintx ProfiledCodeHeapSize                     = 122027880                              {pd product} {ergonomic}
    uintx ReservedCodeCacheSize                    = 251658240                              {pd product} {ergonomic}
     bool SegmentedCodeCache                       = true                                      {product} {ergonomic}
   size_t SoftMaxHeapSize                          = 2147483648                             {manageable} {ergonomic}
     bool UseCompressedClassPointers               = true                           {product lp64_product} {ergonomic}
     bool UseCompressedOops                        = true                           {product lp64_product} {ergonomic}
     bool UseG1GC                                  = true                                      {product} {ergonomic}
     bool UseLargePagesIndividualAllocation        = false                                  {pd product} {ergonomic}

Logging:
Log output configuration:
 #0: stdout all=warning uptime,level,tags
 #1: stderr all=off uptime,level,tags

Environment Variables:
PATH=C:\Program Files\Common Files\Oracle\Java\javapath;C:\Program Files\Microsoft\jdk-11.0.16.101-hotspot\bin;D:\VMware Workstation\bin\;C:\Program Files (x86)\Common Files\Intel\Shared Libraries\redist\intel64\compiler;C:\Windows\System32;C:\Windows;C:\Windows\System32\wbem;C:\Windows\System32\WindowsPowerShell\v1.0\;C:\Windows\System32\OpenSSH\;C:\Program Files\Git\cmd;D:\Android\Sdk\platform-tools;D:\Android\Sdk\tools;C:\Program Files (x86)\GnuPG\bin;D:\nodejs\;C:\WINDOWS\system32;C:\WINDOWS;C:\WINDOWS\System32\Wbem;C:\WINDOWS\System32\WindowsPowerShell\v1.0\;C:\WINDOWS\System32\OpenSSH\;C:\Program Files\dotnet\;D:\Android\Android Studio\plugins\Kotlin\kotlinc\bin;C:\Program Files\WireGuard\;C:\Program Files\Netbird;C:\Users\Cjiio\AppData\Local\Programs\Python\Python311\Scripts\;C:\Users\Cjiio\AppData\Local\Programs\Python\Python311\;C:\Users\Cjiio\AppData\Local\Microsoft\WindowsApps;C:\Program Files\Bandizip\;D:\Microsoft VS Code\bin;d:\JetBrains\IntelliJ IDEA 2023.1.1\bin;C:\Users\Cjiio\AppData\Roaming\npm;C:\Users\Cjiio\.dotnet\tools;C:\Users\Cjiio\AppData\Local\Appwrite;C:\Users\Cjiio\AppData\Local\Microsoft\WindowsApps
USERNAME=Cjiio
OS=Windows_NT
PROCESSOR_IDENTIFIER=AMD64 Family 25 Model 80 Stepping 0, AuthenticAMD
TMP=C:\Users\Cjiio\AppData\Local\Temp
TEMP=C:\Users\Cjiio\AppData\Local\Temp


JNI global refs:
JNI global refs: 38, weak refs: 0

JNI global refs memory usage: 843, weak refs: 841


---------------  S Y S T E M  ---------------

OS:
 Windows 11 , 64 bit Build 25905 (10.0.25905.1000)
OS uptime: 0 days 6:17 hours
Hyper-V role detected

CPU: total 16 (initial active 16) (16 cores per cpu, 2 threads per core) family 25 model 80 stepping 0 microcode 0xa50000c, cx8, cmov, fxsr, ht, mmx, 3dnowpref, sse, sse2, sse3, ssse3, sse4a, sse4.1, sse4.2, popcnt, lzcnt, tsc, tscinvbit, avx, avx2, aes, erms, clmul, bmi1, bmi2, adx, sha, fma, vzeroupper, clflush, clflushopt, hv

Memory: 4k page, system-wide physical 15762M (3136M free)
TotalPageFile size 15763M (AvailPageFile size 31M)
current process WorkingSet (physical memory assigned to process): 490M, peak: 543M
current process commit charge ("private bytes"): 576M, peak: 622M

vm_info: OpenJDK 64-Bit Server VM (17.0.7+0-b2043.56-10353782) for windows-amd64 JRE (17.0.7+0-b2043.56-10353782), built on Jun 21 2023 02:03:15 by "androidbuild" with MS VC++ 16.10 / 16.11 (VS2019)

END.
